[2026-01-08T19:09:37.629+0000] {taskinstance.py:1957} INFO - Dependencies all met for dep_context=non-requeueable deps ti=<TaskInstance: crime_analysis_pipeline.run_area_analysis scheduled__2026-01-07T15:00:00+00:00 [queued]>
[2026-01-08T19:09:37.632+0000] {taskinstance.py:1957} INFO - Dependencies all met for dep_context=requeueable deps ti=<TaskInstance: crime_analysis_pipeline.run_area_analysis scheduled__2026-01-07T15:00:00+00:00 [queued]>
[2026-01-08T19:09:37.632+0000] {taskinstance.py:2171} INFO - Starting attempt 1 of 2
[2026-01-08T19:09:37.637+0000] {taskinstance.py:2192} INFO - Executing <Task(_PythonDecoratedOperator): run_area_analysis> on 2026-01-07 15:00:00+00:00
[2026-01-08T19:09:37.639+0000] {standard_task_runner.py:60} INFO - Started process 257 to run task
[2026-01-08T19:09:37.641+0000] {standard_task_runner.py:87} INFO - Running: ['***', 'tasks', 'run', 'crime_analysis_pipeline', 'run_area_analysis', 'scheduled__2026-01-07T15:00:00+00:00', '--job-id', '23', '--raw', '--subdir', 'DAGS_FOLDER/crime_analysis_pipeline.py', '--cfg-path', '/tmp/tmp00s7_jk_']
[2026-01-08T19:09:37.643+0000] {standard_task_runner.py:88} INFO - Job 23: Subtask run_area_analysis
[2026-01-08T19:09:37.649+0000] {logging_mixin.py:188} WARNING - /home/***/.local/lib/python3.8/site-packages/***/settings.py:195 DeprecationWarning: The sql_alchemy_conn option in [core] has been moved to the sql_alchemy_conn option in [database] - the old setting has been used, but please update your config.
[2026-01-08T19:09:37.662+0000] {task_command.py:423} INFO - Running <TaskInstance: crime_analysis_pipeline.run_area_analysis scheduled__2026-01-07T15:00:00+00:00 [running]> on host 65092400eec3
[2026-01-08T19:09:37.749+0000] {taskinstance.py:2481} INFO - Exporting env vars: AIRFLOW_CTX_DAG_OWNER='crime-analysis' AIRFLOW_CTX_DAG_ID='crime_analysis_pipeline' AIRFLOW_CTX_TASK_ID='run_area_analysis' AIRFLOW_CTX_EXECUTION_DATE='2026-01-07T15:00:00+00:00' AIRFLOW_CTX_TRY_NUMBER='1' AIRFLOW_CTX_DAG_RUN_ID='scheduled__2026-01-07T15:00:00+00:00'
[2026-01-08T19:09:37.749+0000] {logging_mixin.py:188} INFO - 🔄 Running crimes by area analysis...
[2026-01-08T19:09:39.146+0000] {logging_mixin.py:188} INFO - ✅ Crimes by area analysis completed successfully
[2026-01-08T19:09:39.147+0000] {logging_mixin.py:188} INFO - Areas: [{'location': 'Central', 'crimeCount': 69670}, {'location': '77th Street', 'crimeCount': 61758}, {'location': 'Pacific', 'crimeCount': 59514}, {'location': 'Southwest', 'crimeCount': 57441}, {'location': 'Hollywood', 'crimeCount': 52429}, {'location': 'N Hollywood', 'crimeCount': 51107}, {'location': 'Olympic', 'crimeCount': 50071}, {'location': 'Southeast', 'crimeCount': 49936}, {'location': 'Newton', 'crimeCount': 49177}, {'location': 'Wilshire', 'crimeCount': 48239}, {'location': 'Rampart', 'crimeCount': 46825}, {'location': 'West LA', 'crimeCount': 45729}, {'location': 'Northeast', 'crimeCount': 42963}, {'location': 'Van Nuys', 'crimeCount': 42883}, {'location': 'West Valley', 'crimeCount': 42156}, {'location': 'Devonshire', 'crimeCount': 41756}, {'location': 'Harbor', 'crimeCount': 41394}, {'location': 'Topanga', 'crimeCount': 41374}, {'location': 'Mission', 'crimeCount': 40351}, {'location': 'Hollenbeck', 'crimeCount': 37085}, {'location': 'Foothill', 'crimeCount': 33133}]
[2026-01-08T19:09:39.148+0000] {python.py:201} INFO - Done. Returned value was: {'status': 'success', 'data': [{'location': 'Central', 'crimeCount': 69670}, {'location': '77th Street', 'crimeCount': 61758}, {'location': 'Pacific', 'crimeCount': 59514}, {'location': 'Southwest', 'crimeCount': 57441}, {'location': 'Hollywood', 'crimeCount': 52429}, {'location': 'N Hollywood', 'crimeCount': 51107}, {'location': 'Olympic', 'crimeCount': 50071}, {'location': 'Southeast', 'crimeCount': 49936}, {'location': 'Newton', 'crimeCount': 49177}, {'location': 'Wilshire', 'crimeCount': 48239}, {'location': 'Rampart', 'crimeCount': 46825}, {'location': 'West LA', 'crimeCount': 45729}, {'location': 'Northeast', 'crimeCount': 42963}, {'location': 'Van Nuys', 'crimeCount': 42883}, {'location': 'West Valley', 'crimeCount': 42156}, {'location': 'Devonshire', 'crimeCount': 41756}, {'location': 'Harbor', 'crimeCount': 41394}, {'location': 'Topanga', 'crimeCount': 41374}, {'location': 'Mission', 'crimeCount': 40351}, {'location': 'Hollenbeck', 'crimeCount': 37085}, {'location': 'Foothill', 'crimeCount': 33133}]}
[2026-01-08T19:09:39.174+0000] {taskinstance.py:1138} INFO - Marking task as SUCCESS. dag_id=crime_analysis_pipeline, task_id=run_area_analysis, execution_date=20260107T150000, start_date=20260108T190937, end_date=20260108T190939
[2026-01-08T19:09:39.204+0000] {local_task_job_runner.py:234} INFO - Task exited with return code 0
[2026-01-08T19:09:39.224+0000] {taskinstance.py:3281} INFO - 1 downstream tasks scheduled from follow-on schedule check
[2026-01-08T19:29:52.487+0000] {taskinstance.py:1957} INFO - Dependencies all met for dep_context=non-requeueable deps ti=<TaskInstance: crime_analysis_pipeline.run_area_analysis scheduled__2026-01-07T15:00:00+00:00 [queued]>
[2026-01-08T19:29:52.490+0000] {taskinstance.py:1957} INFO - Dependencies all met for dep_context=requeueable deps ti=<TaskInstance: crime_analysis_pipeline.run_area_analysis scheduled__2026-01-07T15:00:00+00:00 [queued]>
[2026-01-08T19:29:52.490+0000] {taskinstance.py:2171} INFO - Starting attempt 1 of 2
[2026-01-08T19:29:52.494+0000] {taskinstance.py:2192} INFO - Executing <Task(_PythonDecoratedOperator): run_area_analysis> on 2026-01-07 15:00:00+00:00
[2026-01-08T19:29:52.496+0000] {standard_task_runner.py:60} INFO - Started process 79 to run task
[2026-01-08T19:29:52.498+0000] {standard_task_runner.py:87} INFO - Running: ['***', 'tasks', 'run', 'crime_analysis_pipeline', 'run_area_analysis', 'scheduled__2026-01-07T15:00:00+00:00', '--job-id', '6', '--raw', '--subdir', 'DAGS_FOLDER/crime_analysis_pipeline.py', '--cfg-path', '/tmp/tmp17ke9be6']
[2026-01-08T19:29:52.501+0000] {standard_task_runner.py:88} INFO - Job 6: Subtask run_area_analysis
[2026-01-08T19:29:52.508+0000] {logging_mixin.py:188} WARNING - /home/***/.local/lib/python3.8/site-packages/***/settings.py:195 DeprecationWarning: The sql_alchemy_conn option in [core] has been moved to the sql_alchemy_conn option in [database] - the old setting has been used, but please update your config.
[2026-01-08T19:29:52.524+0000] {task_command.py:423} INFO - Running <TaskInstance: crime_analysis_pipeline.run_area_analysis scheduled__2026-01-07T15:00:00+00:00 [running]> on host 1ded0c8eea01
[2026-01-08T19:29:52.640+0000] {taskinstance.py:2481} INFO - Exporting env vars: AIRFLOW_CTX_DAG_OWNER='crime-analysis' AIRFLOW_CTX_DAG_ID='crime_analysis_pipeline' AIRFLOW_CTX_TASK_ID='run_area_analysis' AIRFLOW_CTX_EXECUTION_DATE='2026-01-07T15:00:00+00:00' AIRFLOW_CTX_TRY_NUMBER='1' AIRFLOW_CTX_DAG_RUN_ID='scheduled__2026-01-07T15:00:00+00:00'
[2026-01-08T19:29:52.640+0000] {logging_mixin.py:188} INFO - 🔄 Running crimes by area analysis...
[2026-01-08T19:29:55.294+0000] {logging_mixin.py:188} INFO - ✅ Crimes by area analysis completed successfully
[2026-01-08T19:29:55.297+0000] {logging_mixin.py:188} INFO - Areas: [{'location': 'Central', 'crimeCount': 69670}, {'location': '77th Street', 'crimeCount': 61758}, {'location': 'Pacific', 'crimeCount': 59514}, {'location': 'Southwest', 'crimeCount': 57441}, {'location': 'Hollywood', 'crimeCount': 52429}, {'location': 'N Hollywood', 'crimeCount': 51107}, {'location': 'Olympic', 'crimeCount': 50071}, {'location': 'Southeast', 'crimeCount': 49936}, {'location': 'Newton', 'crimeCount': 49177}, {'location': 'Wilshire', 'crimeCount': 48239}, {'location': 'Rampart', 'crimeCount': 46825}, {'location': 'West LA', 'crimeCount': 45729}, {'location': 'Northeast', 'crimeCount': 42963}, {'location': 'Van Nuys', 'crimeCount': 42883}, {'location': 'West Valley', 'crimeCount': 42156}, {'location': 'Devonshire', 'crimeCount': 41756}, {'location': 'Harbor', 'crimeCount': 41394}, {'location': 'Topanga', 'crimeCount': 41374}, {'location': 'Mission', 'crimeCount': 40351}, {'location': 'Hollenbeck', 'crimeCount': 37085}, {'location': 'Foothill', 'crimeCount': 33133}]
[2026-01-08T19:29:55.298+0000] {python.py:201} INFO - Done. Returned value was: {'status': 'success', 'data': [{'location': 'Central', 'crimeCount': 69670}, {'location': '77th Street', 'crimeCount': 61758}, {'location': 'Pacific', 'crimeCount': 59514}, {'location': 'Southwest', 'crimeCount': 57441}, {'location': 'Hollywood', 'crimeCount': 52429}, {'location': 'N Hollywood', 'crimeCount': 51107}, {'location': 'Olympic', 'crimeCount': 50071}, {'location': 'Southeast', 'crimeCount': 49936}, {'location': 'Newton', 'crimeCount': 49177}, {'location': 'Wilshire', 'crimeCount': 48239}, {'location': 'Rampart', 'crimeCount': 46825}, {'location': 'West LA', 'crimeCount': 45729}, {'location': 'Northeast', 'crimeCount': 42963}, {'location': 'Van Nuys', 'crimeCount': 42883}, {'location': 'West Valley', 'crimeCount': 42156}, {'location': 'Devonshire', 'crimeCount': 41756}, {'location': 'Harbor', 'crimeCount': 41394}, {'location': 'Topanga', 'crimeCount': 41374}, {'location': 'Mission', 'crimeCount': 40351}, {'location': 'Hollenbeck', 'crimeCount': 37085}, {'location': 'Foothill', 'crimeCount': 33133}]}
[2026-01-08T19:29:55.356+0000] {taskinstance.py:1138} INFO - Marking task as SUCCESS. dag_id=crime_analysis_pipeline, task_id=run_area_analysis, execution_date=20260107T150000, start_date=20260108T192952, end_date=20260108T192955
[2026-01-08T19:29:55.405+0000] {local_task_job_runner.py:234} INFO - Task exited with return code 0
[2026-01-08T19:29:55.514+0000] {taskinstance.py:3281} INFO - 0 downstream tasks scheduled from follow-on schedule check
