[2026-01-12T15:00:17.387+0000] {taskinstance.py:1957} INFO - Dependencies all met for dep_context=non-requeueable deps ti=<TaskInstance: crime_analysis_pipeline.run_common_weapons_analysis scheduled__2026-01-11T15:00:00+00:00 [queued]>
[2026-01-12T15:00:17.390+0000] {taskinstance.py:1957} INFO - Dependencies all met for dep_context=requeueable deps ti=<TaskInstance: crime_analysis_pipeline.run_common_weapons_analysis scheduled__2026-01-11T15:00:00+00:00 [queued]>
[2026-01-12T15:00:17.390+0000] {taskinstance.py:2171} INFO - Starting attempt 1 of 2
[2026-01-12T15:00:17.394+0000] {taskinstance.py:2192} INFO - Executing <Task(_PythonDecoratedOperator): run_common_weapons_analysis> on 2026-01-11 15:00:00+00:00
[2026-01-12T15:00:17.395+0000] {standard_task_runner.py:60} INFO - Started process 8148 to run task
[2026-01-12T15:00:17.397+0000] {standard_task_runner.py:87} INFO - Running: ['***', 'tasks', 'run', 'crime_analysis_pipeline', 'run_common_weapons_analysis', 'scheduled__2026-01-11T15:00:00+00:00', '--job-id', '403', '--raw', '--subdir', 'DAGS_FOLDER/crime_analysis_pipeline.py', '--cfg-path', '/tmp/tmpvcmzq6zj']
[2026-01-12T15:00:17.398+0000] {standard_task_runner.py:88} INFO - Job 403: Subtask run_common_weapons_analysis
[2026-01-12T15:00:17.403+0000] {logging_mixin.py:188} WARNING - /home/***/.local/lib/python3.8/site-packages/***/settings.py:195 DeprecationWarning: The sql_alchemy_conn option in [core] has been moved to the sql_alchemy_conn option in [database] - the old setting has been used, but please update your config.
[2026-01-12T15:00:17.415+0000] {task_command.py:423} INFO - Running <TaskInstance: crime_analysis_pipeline.run_common_weapons_analysis scheduled__2026-01-11T15:00:00+00:00 [running]> on host 1ded0c8eea01
[2026-01-12T15:00:17.488+0000] {taskinstance.py:2481} INFO - Exporting env vars: AIRFLOW_CTX_DAG_OWNER='crime-analysis' AIRFLOW_CTX_DAG_ID='crime_analysis_pipeline' AIRFLOW_CTX_TASK_ID='run_common_weapons_analysis' AIRFLOW_CTX_EXECUTION_DATE='2026-01-11T15:00:00+00:00' AIRFLOW_CTX_TRY_NUMBER='1' AIRFLOW_CTX_DAG_RUN_ID='scheduled__2026-01-11T15:00:00+00:00'
[2026-01-12T15:00:17.488+0000] {logging_mixin.py:188} INFO - 🔄 Running common weapons analysis...
[2026-01-12T15:00:18.846+0000] {logging_mixin.py:188} INFO - ✅ Common weapons analysis completed successfully
[2026-01-12T15:00:18.846+0000] {logging_mixin.py:188} INFO - Top 5 weapons: [{'weapon': '400', 'usageCount': 123716}, {'weapon': 'DUPLEX', 'usageCount': 98970}, {'weapon': 'STREET', 'usageCount': 30740}, {'weapon': '500', 'usageCount': 22714}, {'weapon': '"VEHICLE', 'usageCount': 18400}]
[2026-01-12T15:00:18.846+0000] {python.py:201} INFO - Done. Returned value was: {'status': 'success', 'data': [{'weapon': '400', 'usageCount': 123716}, {'weapon': 'DUPLEX', 'usageCount': 98970}, {'weapon': 'STREET', 'usageCount': 30740}, {'weapon': '500', 'usageCount': 22714}, {'weapon': '"VEHICLE', 'usageCount': 18400}]}
[2026-01-12T15:00:18.856+0000] {taskinstance.py:1138} INFO - Marking task as SUCCESS. dag_id=crime_analysis_pipeline, task_id=run_common_weapons_analysis, execution_date=20260111T150000, start_date=20260112T150017, end_date=20260112T150018
[2026-01-12T15:00:18.899+0000] {local_task_job_runner.py:234} INFO - Task exited with return code 0
[2026-01-12T15:00:18.958+0000] {taskinstance.py:3281} INFO - 0 downstream tasks scheduled from follow-on schedule check
[2026-01-12T17:11:03.450+0000] {taskinstance.py:1957} INFO - Dependencies all met for dep_context=non-requeueable deps ti=<TaskInstance: crime_analysis_pipeline.run_common_weapons_analysis scheduled__2026-01-11T15:00:00+00:00 [queued]>
[2026-01-12T17:11:03.453+0000] {taskinstance.py:1957} INFO - Dependencies all met for dep_context=requeueable deps ti=<TaskInstance: crime_analysis_pipeline.run_common_weapons_analysis scheduled__2026-01-11T15:00:00+00:00 [queued]>
[2026-01-12T17:11:03.453+0000] {taskinstance.py:2171} INFO - Starting attempt 1 of 2
[2026-01-12T17:11:03.457+0000] {taskinstance.py:2192} INFO - Executing <Task(_PythonDecoratedOperator): run_common_weapons_analysis> on 2026-01-11 15:00:00+00:00
[2026-01-12T17:11:03.459+0000] {standard_task_runner.py:60} INFO - Started process 89 to run task
[2026-01-12T17:11:03.460+0000] {standard_task_runner.py:87} INFO - Running: ['***', 'tasks', 'run', 'crime_analysis_pipeline', 'run_common_weapons_analysis', 'scheduled__2026-01-11T15:00:00+00:00', '--job-id', '7', '--raw', '--subdir', 'DAGS_FOLDER/crime_analysis_pipeline.py', '--cfg-path', '/tmp/tmpbqd_qcum']
[2026-01-12T17:11:03.461+0000] {standard_task_runner.py:88} INFO - Job 7: Subtask run_common_weapons_analysis
[2026-01-12T17:11:03.468+0000] {logging_mixin.py:188} WARNING - /home/***/.local/lib/python3.8/site-packages/***/settings.py:195 DeprecationWarning: The sql_alchemy_conn option in [core] has been moved to the sql_alchemy_conn option in [database] - the old setting has been used, but please update your config.
[2026-01-12T17:11:03.479+0000] {task_command.py:423} INFO - Running <TaskInstance: crime_analysis_pipeline.run_common_weapons_analysis scheduled__2026-01-11T15:00:00+00:00 [running]> on host 0e74bb8933bd
[2026-01-12T17:11:03.561+0000] {taskinstance.py:2481} INFO - Exporting env vars: AIRFLOW_CTX_DAG_OWNER='crime-analysis' AIRFLOW_CTX_DAG_ID='crime_analysis_pipeline' AIRFLOW_CTX_TASK_ID='run_common_weapons_analysis' AIRFLOW_CTX_EXECUTION_DATE='2026-01-11T15:00:00+00:00' AIRFLOW_CTX_TRY_NUMBER='1' AIRFLOW_CTX_DAG_RUN_ID='scheduled__2026-01-11T15:00:00+00:00'
[2026-01-12T17:11:03.562+0000] {logging_mixin.py:188} INFO - 🔄 Running common weapons analysis...
[2026-01-12T17:11:04.916+0000] {logging_mixin.py:188} INFO - ✅ Common weapons analysis completed successfully
[2026-01-12T17:11:04.916+0000] {logging_mixin.py:188} INFO - Top 5 weapons: [{'weapon': '400', 'usageCount': 123716}, {'weapon': 'DUPLEX', 'usageCount': 98970}, {'weapon': 'STREET', 'usageCount': 30740}, {'weapon': '500', 'usageCount': 22714}, {'weapon': '"VEHICLE', 'usageCount': 18400}]
[2026-01-12T17:11:04.919+0000] {python.py:201} INFO - Done. Returned value was: {'status': 'success', 'data': [{'weapon': '400', 'usageCount': 123716}, {'weapon': 'DUPLEX', 'usageCount': 98970}, {'weapon': 'STREET', 'usageCount': 30740}, {'weapon': '500', 'usageCount': 22714}, {'weapon': '"VEHICLE', 'usageCount': 18400}]}
[2026-01-12T17:11:04.939+0000] {taskinstance.py:1138} INFO - Marking task as SUCCESS. dag_id=crime_analysis_pipeline, task_id=run_common_weapons_analysis, execution_date=20260111T150000, start_date=20260112T171103, end_date=20260112T171104
[2026-01-12T17:11:04.973+0000] {local_task_job_runner.py:234} INFO - Task exited with return code 0
[2026-01-12T17:11:04.988+0000] {taskinstance.py:3281} INFO - 0 downstream tasks scheduled from follow-on schedule check
