[2026-01-12T15:00:14.744+0000] {taskinstance.py:1957} INFO - Dependencies all met for dep_context=non-requeueable deps ti=<TaskInstance: crime_analysis_pipeline.run_crime_types_analysis scheduled__2026-01-11T15:00:00+00:00 [queued]>
[2026-01-12T15:00:14.747+0000] {taskinstance.py:1957} INFO - Dependencies all met for dep_context=requeueable deps ti=<TaskInstance: crime_analysis_pipeline.run_crime_types_analysis scheduled__2026-01-11T15:00:00+00:00 [queued]>
[2026-01-12T15:00:14.747+0000] {taskinstance.py:2171} INFO - Starting attempt 1 of 2
[2026-01-12T15:00:14.751+0000] {taskinstance.py:2192} INFO - Executing <Task(_PythonDecoratedOperator): run_crime_types_analysis> on 2026-01-11 15:00:00+00:00
[2026-01-12T15:00:14.753+0000] {standard_task_runner.py:60} INFO - Started process 8138 to run task
[2026-01-12T15:00:14.754+0000] {standard_task_runner.py:87} INFO - Running: ['***', 'tasks', 'run', 'crime_analysis_pipeline', 'run_crime_types_analysis', 'scheduled__2026-01-11T15:00:00+00:00', '--job-id', '402', '--raw', '--subdir', 'DAGS_FOLDER/crime_analysis_pipeline.py', '--cfg-path', '/tmp/tmpwby0jf29']
[2026-01-12T15:00:14.755+0000] {standard_task_runner.py:88} INFO - Job 402: Subtask run_crime_types_analysis
[2026-01-12T15:00:14.761+0000] {logging_mixin.py:188} WARNING - /home/***/.local/lib/python3.8/site-packages/***/settings.py:195 DeprecationWarning: The sql_alchemy_conn option in [core] has been moved to the sql_alchemy_conn option in [database] - the old setting has been used, but please update your config.
[2026-01-12T15:00:14.774+0000] {task_command.py:423} INFO - Running <TaskInstance: crime_analysis_pipeline.run_crime_types_analysis scheduled__2026-01-11T15:00:00+00:00 [running]> on host 1ded0c8eea01
[2026-01-12T15:00:14.852+0000] {taskinstance.py:2481} INFO - Exporting env vars: AIRFLOW_CTX_DAG_OWNER='crime-analysis' AIRFLOW_CTX_DAG_ID='crime_analysis_pipeline' AIRFLOW_CTX_TASK_ID='run_crime_types_analysis' AIRFLOW_CTX_EXECUTION_DATE='2026-01-11T15:00:00+00:00' AIRFLOW_CTX_TRY_NUMBER='1' AIRFLOW_CTX_DAG_RUN_ID='scheduled__2026-01-11T15:00:00+00:00'
[2026-01-12T15:00:14.852+0000] {logging_mixin.py:188} INFO - 🔄 Running crime types analysis...
[2026-01-12T15:00:16.247+0000] {logging_mixin.py:188} INFO - ✅ Crime types analysis completed successfully
[2026-01-12T15:00:16.247+0000] {logging_mixin.py:188} INFO - Top 10 crime types: [{'location': 'VEHICLE - STOLEN', 'crimeCount': 115190}, {'location': 'BATTERY - SIMPLE ASSAULT', 'crimeCount': 74839}, {'location': 'BURGLARY FROM VEHICLE', 'crimeCount': 63517}, {'location': 'THEFT OF IDENTITY', 'crimeCount': 62537}, {'location': '"VANDALISM - FELONY ($400 & OVER', 'crimeCount': 61092}, {'location': 'BURGLARY', 'crimeCount': 57871}, {'location': 'THEFT PLAIN - PETTY ($950 & UNDER)', 'crimeCount': 53717}, {'location': '"ASSAULT WITH DEADLY WEAPON', 'crimeCount': 53525}, {'location': 'INTIMATE PARTNER - SIMPLE ASSAULT', 'crimeCount': 46712}, {'location': 'THEFT FROM MOTOR VEHICLE - PETTY ($950 & UNDER)', 'crimeCount': 41314}]
[2026-01-12T15:00:16.247+0000] {python.py:201} INFO - Done. Returned value was: {'status': 'success', 'data': [{'location': 'VEHICLE - STOLEN', 'crimeCount': 115190}, {'location': 'BATTERY - SIMPLE ASSAULT', 'crimeCount': 74839}, {'location': 'BURGLARY FROM VEHICLE', 'crimeCount': 63517}, {'location': 'THEFT OF IDENTITY', 'crimeCount': 62537}, {'location': '"VANDALISM - FELONY ($400 & OVER', 'crimeCount': 61092}, {'location': 'BURGLARY', 'crimeCount': 57871}, {'location': 'THEFT PLAIN - PETTY ($950 & UNDER)', 'crimeCount': 53717}, {'location': '"ASSAULT WITH DEADLY WEAPON', 'crimeCount': 53525}, {'location': 'INTIMATE PARTNER - SIMPLE ASSAULT', 'crimeCount': 46712}, {'location': 'THEFT FROM MOTOR VEHICLE - PETTY ($950 & UNDER)', 'crimeCount': 41314}]}
[2026-01-12T15:00:16.262+0000] {taskinstance.py:1138} INFO - Marking task as SUCCESS. dag_id=crime_analysis_pipeline, task_id=run_crime_types_analysis, execution_date=20260111T150000, start_date=20260112T150014, end_date=20260112T150016
[2026-01-12T15:00:16.306+0000] {local_task_job_runner.py:234} INFO - Task exited with return code 0
[2026-01-12T15:00:16.361+0000] {taskinstance.py:3281} INFO - 0 downstream tasks scheduled from follow-on schedule check
[2026-01-12T17:11:06.214+0000] {taskinstance.py:1957} INFO - Dependencies all met for dep_context=non-requeueable deps ti=<TaskInstance: crime_analysis_pipeline.run_crime_types_analysis scheduled__2026-01-11T15:00:00+00:00 [queued]>
[2026-01-12T17:11:06.222+0000] {taskinstance.py:1957} INFO - Dependencies all met for dep_context=requeueable deps ti=<TaskInstance: crime_analysis_pipeline.run_crime_types_analysis scheduled__2026-01-11T15:00:00+00:00 [queued]>
[2026-01-12T17:11:06.223+0000] {taskinstance.py:2171} INFO - Starting attempt 1 of 2
[2026-01-12T17:11:06.236+0000] {taskinstance.py:2192} INFO - Executing <Task(_PythonDecoratedOperator): run_crime_types_analysis> on 2026-01-11 15:00:00+00:00
[2026-01-12T17:11:06.240+0000] {standard_task_runner.py:60} INFO - Started process 99 to run task
[2026-01-12T17:11:06.256+0000] {standard_task_runner.py:87} INFO - Running: ['***', 'tasks', 'run', 'crime_analysis_pipeline', 'run_crime_types_analysis', 'scheduled__2026-01-11T15:00:00+00:00', '--job-id', '8', '--raw', '--subdir', 'DAGS_FOLDER/crime_analysis_pipeline.py', '--cfg-path', '/tmp/tmpe8ren0bq']
[2026-01-12T17:11:06.267+0000] {standard_task_runner.py:88} INFO - Job 8: Subtask run_crime_types_analysis
[2026-01-12T17:11:06.297+0000] {logging_mixin.py:188} WARNING - /home/***/.local/lib/python3.8/site-packages/***/settings.py:195 DeprecationWarning: The sql_alchemy_conn option in [core] has been moved to the sql_alchemy_conn option in [database] - the old setting has been used, but please update your config.
[2026-01-12T17:11:06.343+0000] {task_command.py:423} INFO - Running <TaskInstance: crime_analysis_pipeline.run_crime_types_analysis scheduled__2026-01-11T15:00:00+00:00 [running]> on host 0e74bb8933bd
[2026-01-12T17:11:06.494+0000] {taskinstance.py:2481} INFO - Exporting env vars: AIRFLOW_CTX_DAG_OWNER='crime-analysis' AIRFLOW_CTX_DAG_ID='crime_analysis_pipeline' AIRFLOW_CTX_TASK_ID='run_crime_types_analysis' AIRFLOW_CTX_EXECUTION_DATE='2026-01-11T15:00:00+00:00' AIRFLOW_CTX_TRY_NUMBER='1' AIRFLOW_CTX_DAG_RUN_ID='scheduled__2026-01-11T15:00:00+00:00'
[2026-01-12T17:11:06.494+0000] {logging_mixin.py:188} INFO - 🔄 Running crime types analysis...
[2026-01-12T17:11:07.874+0000] {logging_mixin.py:188} INFO - ✅ Crime types analysis completed successfully
[2026-01-12T17:11:07.874+0000] {logging_mixin.py:188} INFO - Top 10 crime types: [{'location': 'VEHICLE - STOLEN', 'crimeCount': 115190}, {'location': 'BATTERY - SIMPLE ASSAULT', 'crimeCount': 74839}, {'location': 'BURGLARY FROM VEHICLE', 'crimeCount': 63517}, {'location': 'THEFT OF IDENTITY', 'crimeCount': 62537}, {'location': '"VANDALISM - FELONY ($400 & OVER', 'crimeCount': 61092}, {'location': 'BURGLARY', 'crimeCount': 57871}, {'location': 'THEFT PLAIN - PETTY ($950 & UNDER)', 'crimeCount': 53717}, {'location': '"ASSAULT WITH DEADLY WEAPON', 'crimeCount': 53525}, {'location': 'INTIMATE PARTNER - SIMPLE ASSAULT', 'crimeCount': 46712}, {'location': 'THEFT FROM MOTOR VEHICLE - PETTY ($950 & UNDER)', 'crimeCount': 41314}]
[2026-01-12T17:11:07.874+0000] {python.py:201} INFO - Done. Returned value was: {'status': 'success', 'data': [{'location': 'VEHICLE - STOLEN', 'crimeCount': 115190}, {'location': 'BATTERY - SIMPLE ASSAULT', 'crimeCount': 74839}, {'location': 'BURGLARY FROM VEHICLE', 'crimeCount': 63517}, {'location': 'THEFT OF IDENTITY', 'crimeCount': 62537}, {'location': '"VANDALISM - FELONY ($400 & OVER', 'crimeCount': 61092}, {'location': 'BURGLARY', 'crimeCount': 57871}, {'location': 'THEFT PLAIN - PETTY ($950 & UNDER)', 'crimeCount': 53717}, {'location': '"ASSAULT WITH DEADLY WEAPON', 'crimeCount': 53525}, {'location': 'INTIMATE PARTNER - SIMPLE ASSAULT', 'crimeCount': 46712}, {'location': 'THEFT FROM MOTOR VEHICLE - PETTY ($950 & UNDER)', 'crimeCount': 41314}]}
[2026-01-12T17:11:07.890+0000] {taskinstance.py:1138} INFO - Marking task as SUCCESS. dag_id=crime_analysis_pipeline, task_id=run_crime_types_analysis, execution_date=20260111T150000, start_date=20260112T171106, end_date=20260112T171107
[2026-01-12T17:11:07.925+0000] {local_task_job_runner.py:234} INFO - Task exited with return code 0
[2026-01-12T17:11:07.939+0000] {taskinstance.py:3281} INFO - 0 downstream tasks scheduled from follow-on schedule check
