[2026-01-08T19:09:34.821+0000] {taskinstance.py:1957} INFO - Dependencies all met for dep_context=non-requeueable deps ti=<TaskInstance: crime_analysis_pipeline.run_crime_types_analysis scheduled__2026-01-07T15:00:00+00:00 [queued]>
[2026-01-08T19:09:34.824+0000] {taskinstance.py:1957} INFO - Dependencies all met for dep_context=requeueable deps ti=<TaskInstance: crime_analysis_pipeline.run_crime_types_analysis scheduled__2026-01-07T15:00:00+00:00 [queued]>
[2026-01-08T19:09:34.824+0000] {taskinstance.py:2171} INFO - Starting attempt 1 of 2
[2026-01-08T19:09:34.828+0000] {taskinstance.py:2192} INFO - Executing <Task(_PythonDecoratedOperator): run_crime_types_analysis> on 2026-01-07 15:00:00+00:00
[2026-01-08T19:09:34.830+0000] {standard_task_runner.py:60} INFO - Started process 246 to run task
[2026-01-08T19:09:34.832+0000] {standard_task_runner.py:87} INFO - Running: ['***', 'tasks', 'run', 'crime_analysis_pipeline', 'run_crime_types_analysis', 'scheduled__2026-01-07T15:00:00+00:00', '--job-id', '22', '--raw', '--subdir', 'DAGS_FOLDER/crime_analysis_pipeline.py', '--cfg-path', '/tmp/tmpf9eezcyd']
[2026-01-08T19:09:34.833+0000] {standard_task_runner.py:88} INFO - Job 22: Subtask run_crime_types_analysis
[2026-01-08T19:09:34.840+0000] {logging_mixin.py:188} WARNING - /home/***/.local/lib/python3.8/site-packages/***/settings.py:195 DeprecationWarning: The sql_alchemy_conn option in [core] has been moved to the sql_alchemy_conn option in [database] - the old setting has been used, but please update your config.
[2026-01-08T19:09:34.853+0000] {task_command.py:423} INFO - Running <TaskInstance: crime_analysis_pipeline.run_crime_types_analysis scheduled__2026-01-07T15:00:00+00:00 [running]> on host 65092400eec3
[2026-01-08T19:09:34.943+0000] {taskinstance.py:2481} INFO - Exporting env vars: AIRFLOW_CTX_DAG_OWNER='crime-analysis' AIRFLOW_CTX_DAG_ID='crime_analysis_pipeline' AIRFLOW_CTX_TASK_ID='run_crime_types_analysis' AIRFLOW_CTX_EXECUTION_DATE='2026-01-07T15:00:00+00:00' AIRFLOW_CTX_TRY_NUMBER='1' AIRFLOW_CTX_DAG_RUN_ID='scheduled__2026-01-07T15:00:00+00:00'
[2026-01-08T19:09:34.943+0000] {logging_mixin.py:188} INFO - 🔄 Running crime types analysis...
[2026-01-08T19:09:36.425+0000] {logging_mixin.py:188} INFO - ✅ Crime types analysis completed successfully
[2026-01-08T19:09:36.425+0000] {logging_mixin.py:188} INFO - Top 10 crime types: [{'location': 'VEHICLE - STOLEN', 'crimeCount': 115190}, {'location': 'BATTERY - SIMPLE ASSAULT', 'crimeCount': 74839}, {'location': 'BURGLARY FROM VEHICLE', 'crimeCount': 63517}, {'location': 'THEFT OF IDENTITY', 'crimeCount': 62537}, {'location': '"VANDALISM - FELONY ($400 & OVER', 'crimeCount': 61092}, {'location': 'BURGLARY', 'crimeCount': 57871}, {'location': 'THEFT PLAIN - PETTY ($950 & UNDER)', 'crimeCount': 53717}, {'location': '"ASSAULT WITH DEADLY WEAPON', 'crimeCount': 53525}, {'location': 'INTIMATE PARTNER - SIMPLE ASSAULT', 'crimeCount': 46712}, {'location': 'THEFT FROM MOTOR VEHICLE - PETTY ($950 & UNDER)', 'crimeCount': 41314}]
[2026-01-08T19:09:36.425+0000] {python.py:201} INFO - Done. Returned value was: {'status': 'success', 'data': [{'location': 'VEHICLE - STOLEN', 'crimeCount': 115190}, {'location': 'BATTERY - SIMPLE ASSAULT', 'crimeCount': 74839}, {'location': 'BURGLARY FROM VEHICLE', 'crimeCount': 63517}, {'location': 'THEFT OF IDENTITY', 'crimeCount': 62537}, {'location': '"VANDALISM - FELONY ($400 & OVER', 'crimeCount': 61092}, {'location': 'BURGLARY', 'crimeCount': 57871}, {'location': 'THEFT PLAIN - PETTY ($950 & UNDER)', 'crimeCount': 53717}, {'location': '"ASSAULT WITH DEADLY WEAPON', 'crimeCount': 53525}, {'location': 'INTIMATE PARTNER - SIMPLE ASSAULT', 'crimeCount': 46712}, {'location': 'THEFT FROM MOTOR VEHICLE - PETTY ($950 & UNDER)', 'crimeCount': 41314}]}
[2026-01-08T19:09:36.434+0000] {taskinstance.py:1138} INFO - Marking task as SUCCESS. dag_id=crime_analysis_pipeline, task_id=run_crime_types_analysis, execution_date=20260107T150000, start_date=20260108T190934, end_date=20260108T190936
[2026-01-08T19:09:36.467+0000] {local_task_job_runner.py:234} INFO - Task exited with return code 0
[2026-01-08T19:09:36.479+0000] {taskinstance.py:3281} INFO - 0 downstream tasks scheduled from follow-on schedule check
[2026-01-08T19:30:01.523+0000] {taskinstance.py:1957} INFO - Dependencies all met for dep_context=non-requeueable deps ti=<TaskInstance: crime_analysis_pipeline.run_crime_types_analysis scheduled__2026-01-07T15:00:00+00:00 [queued]>
[2026-01-08T19:30:01.526+0000] {taskinstance.py:1957} INFO - Dependencies all met for dep_context=requeueable deps ti=<TaskInstance: crime_analysis_pipeline.run_crime_types_analysis scheduled__2026-01-07T15:00:00+00:00 [queued]>
[2026-01-08T19:30:01.526+0000] {taskinstance.py:2171} INFO - Starting attempt 1 of 2
[2026-01-08T19:30:01.530+0000] {taskinstance.py:2192} INFO - Executing <Task(_PythonDecoratedOperator): run_crime_types_analysis> on 2026-01-07 15:00:00+00:00
[2026-01-08T19:30:01.532+0000] {standard_task_runner.py:60} INFO - Started process 99 to run task
[2026-01-08T19:30:01.534+0000] {standard_task_runner.py:87} INFO - Running: ['***', 'tasks', 'run', 'crime_analysis_pipeline', 'run_crime_types_analysis', 'scheduled__2026-01-07T15:00:00+00:00', '--job-id', '8', '--raw', '--subdir', 'DAGS_FOLDER/crime_analysis_pipeline.py', '--cfg-path', '/tmp/tmpnjmdd220']
[2026-01-08T19:30:01.535+0000] {standard_task_runner.py:88} INFO - Job 8: Subtask run_crime_types_analysis
[2026-01-08T19:30:01.540+0000] {logging_mixin.py:188} WARNING - /home/***/.local/lib/python3.8/site-packages/***/settings.py:195 DeprecationWarning: The sql_alchemy_conn option in [core] has been moved to the sql_alchemy_conn option in [database] - the old setting has been used, but please update your config.
[2026-01-08T19:30:01.552+0000] {task_command.py:423} INFO - Running <TaskInstance: crime_analysis_pipeline.run_crime_types_analysis scheduled__2026-01-07T15:00:00+00:00 [running]> on host 1ded0c8eea01
[2026-01-08T19:30:01.651+0000] {taskinstance.py:2481} INFO - Exporting env vars: AIRFLOW_CTX_DAG_OWNER='crime-analysis' AIRFLOW_CTX_DAG_ID='crime_analysis_pipeline' AIRFLOW_CTX_TASK_ID='run_crime_types_analysis' AIRFLOW_CTX_EXECUTION_DATE='2026-01-07T15:00:00+00:00' AIRFLOW_CTX_TRY_NUMBER='1' AIRFLOW_CTX_DAG_RUN_ID='scheduled__2026-01-07T15:00:00+00:00'
[2026-01-08T19:30:01.651+0000] {logging_mixin.py:188} INFO - 🔄 Running crime types analysis...
[2026-01-08T19:30:03.197+0000] {logging_mixin.py:188} INFO - ✅ Crime types analysis completed successfully
[2026-01-08T19:30:03.203+0000] {logging_mixin.py:188} INFO - Top 10 crime types: [{'location': 'VEHICLE - STOLEN', 'crimeCount': 115190}, {'location': 'BATTERY - SIMPLE ASSAULT', 'crimeCount': 74839}, {'location': 'BURGLARY FROM VEHICLE', 'crimeCount': 63517}, {'location': 'THEFT OF IDENTITY', 'crimeCount': 62537}, {'location': '"VANDALISM - FELONY ($400 & OVER', 'crimeCount': 61092}, {'location': 'BURGLARY', 'crimeCount': 57871}, {'location': 'THEFT PLAIN - PETTY ($950 & UNDER)', 'crimeCount': 53717}, {'location': '"ASSAULT WITH DEADLY WEAPON', 'crimeCount': 53525}, {'location': 'INTIMATE PARTNER - SIMPLE ASSAULT', 'crimeCount': 46712}, {'location': 'THEFT FROM MOTOR VEHICLE - PETTY ($950 & UNDER)', 'crimeCount': 41314}]
[2026-01-08T19:30:03.204+0000] {python.py:201} INFO - Done. Returned value was: {'status': 'success', 'data': [{'location': 'VEHICLE - STOLEN', 'crimeCount': 115190}, {'location': 'BATTERY - SIMPLE ASSAULT', 'crimeCount': 74839}, {'location': 'BURGLARY FROM VEHICLE', 'crimeCount': 63517}, {'location': 'THEFT OF IDENTITY', 'crimeCount': 62537}, {'location': '"VANDALISM - FELONY ($400 & OVER', 'crimeCount': 61092}, {'location': 'BURGLARY', 'crimeCount': 57871}, {'location': 'THEFT PLAIN - PETTY ($950 & UNDER)', 'crimeCount': 53717}, {'location': '"ASSAULT WITH DEADLY WEAPON', 'crimeCount': 53525}, {'location': 'INTIMATE PARTNER - SIMPLE ASSAULT', 'crimeCount': 46712}, {'location': 'THEFT FROM MOTOR VEHICLE - PETTY ($950 & UNDER)', 'crimeCount': 41314}]}
[2026-01-08T19:30:03.237+0000] {taskinstance.py:1138} INFO - Marking task as SUCCESS. dag_id=crime_analysis_pipeline, task_id=run_crime_types_analysis, execution_date=20260107T150000, start_date=20260108T193001, end_date=20260108T193003
[2026-01-08T19:30:03.281+0000] {local_task_job_runner.py:234} INFO - Task exited with return code 0
[2026-01-08T19:30:03.312+0000] {taskinstance.py:3281} INFO - 0 downstream tasks scheduled from follow-on schedule check
