[2026-01-10T00:16:21.360+0000] {processor.py:161} INFO - Started process (PID=4058) to work on /opt/airflow/dags/crime_data_quality_check.py
[2026-01-10T00:16:21.361+0000] {processor.py:830} INFO - Processing file /opt/airflow/dags/crime_data_quality_check.py for tasks to queue
[2026-01-10T00:16:21.362+0000] {logging_mixin.py:188} INFO - [2026-01-10T00:16:21.362+0000] {dagbag.py:538} INFO - Filling up the DagBag from /opt/airflow/dags/crime_data_quality_check.py
[2026-01-10T00:16:21.393+0000] {processor.py:840} INFO - DAG(s) 'crime_data_quality_check' retrieved from /opt/airflow/dags/crime_data_quality_check.py
[2026-01-10T00:16:21.581+0000] {logging_mixin.py:188} INFO - [2026-01-10T00:16:21.580+0000] {dag.py:3033} INFO - Sync 1 DAGs
[2026-01-10T00:16:21.646+0000] {processor.py:183} INFO - Processing /opt/airflow/dags/crime_data_quality_check.py took 0.290 seconds
[2026-01-10T01:08:55.369+0000] {processor.py:161} INFO - Started process (PID=4098) to work on /opt/airflow/dags/crime_data_quality_check.py
[2026-01-10T01:08:55.370+0000] {processor.py:830} INFO - Processing file /opt/airflow/dags/crime_data_quality_check.py for tasks to queue
[2026-01-10T01:08:55.374+0000] {logging_mixin.py:188} INFO - [2026-01-10T01:08:55.374+0000] {dagbag.py:538} INFO - Filling up the DagBag from /opt/airflow/dags/crime_data_quality_check.py
[2026-01-10T01:08:55.401+0000] {processor.py:840} INFO - DAG(s) 'crime_data_quality_check' retrieved from /opt/airflow/dags/crime_data_quality_check.py
[2026-01-10T01:08:55.435+0000] {logging_mixin.py:188} INFO - [2026-01-10T01:08:55.434+0000] {dag.py:3033} INFO - Sync 1 DAGs
[2026-01-10T01:08:55.458+0000] {logging_mixin.py:188} INFO - [2026-01-10T01:08:55.458+0000] {dag.py:3820} INFO - Setting next_dagrun for crime_data_quality_check to 2026-01-10T00:00:00+00:00, run_after=2026-01-10T01:00:00+00:00
[2026-01-10T01:08:55.473+0000] {processor.py:183} INFO - Processing /opt/airflow/dags/crime_data_quality_check.py took 0.108 seconds
[2026-01-10T01:51:06.472+0000] {processor.py:161} INFO - Started process (PID=4140) to work on /opt/airflow/dags/crime_data_quality_check.py
[2026-01-10T01:51:06.473+0000] {processor.py:830} INFO - Processing file /opt/airflow/dags/crime_data_quality_check.py for tasks to queue
[2026-01-10T01:51:06.474+0000] {logging_mixin.py:188} INFO - [2026-01-10T01:51:06.474+0000] {dagbag.py:538} INFO - Filling up the DagBag from /opt/airflow/dags/crime_data_quality_check.py
[2026-01-10T01:51:06.497+0000] {processor.py:840} INFO - DAG(s) 'crime_data_quality_check' retrieved from /opt/airflow/dags/crime_data_quality_check.py
[2026-01-10T01:51:06.534+0000] {logging_mixin.py:188} INFO - [2026-01-10T01:51:06.534+0000] {dag.py:3033} INFO - Sync 1 DAGs
[2026-01-10T01:51:06.589+0000] {logging_mixin.py:188} INFO - [2026-01-10T01:51:06.589+0000] {dag.py:3820} INFO - Setting next_dagrun for crime_data_quality_check to 2026-01-10T01:00:00+00:00, run_after=2026-01-10T02:00:00+00:00
[2026-01-10T01:51:06.627+0000] {processor.py:183} INFO - Processing /opt/airflow/dags/crime_data_quality_check.py took 0.159 seconds
[2026-01-10T02:34:01.954+0000] {processor.py:161} INFO - Started process (PID=4145) to work on /opt/airflow/dags/crime_data_quality_check.py
[2026-01-10T02:34:01.964+0000] {processor.py:830} INFO - Processing file /opt/airflow/dags/crime_data_quality_check.py for tasks to queue
[2026-01-10T02:34:01.979+0000] {logging_mixin.py:188} INFO - [2026-01-10T02:34:01.979+0000] {dagbag.py:538} INFO - Filling up the DagBag from /opt/airflow/dags/crime_data_quality_check.py
[2026-01-10T02:34:02.047+0000] {processor.py:840} INFO - DAG(s) 'crime_data_quality_check' retrieved from /opt/airflow/dags/crime_data_quality_check.py
[2026-01-10T02:34:02.129+0000] {logging_mixin.py:188} INFO - [2026-01-10T02:34:02.128+0000] {dag.py:3033} INFO - Sync 1 DAGs
[2026-01-10T02:34:02.289+0000] {processor.py:183} INFO - Processing /opt/airflow/dags/crime_data_quality_check.py took 0.353 seconds
[2026-01-10T03:28:06.417+0000] {processor.py:161} INFO - Started process (PID=4186) to work on /opt/airflow/dags/crime_data_quality_check.py
[2026-01-10T03:28:06.419+0000] {processor.py:830} INFO - Processing file /opt/airflow/dags/crime_data_quality_check.py for tasks to queue
[2026-01-10T03:28:06.424+0000] {logging_mixin.py:188} INFO - [2026-01-10T03:28:06.423+0000] {dagbag.py:538} INFO - Filling up the DagBag from /opt/airflow/dags/crime_data_quality_check.py
[2026-01-10T03:28:06.455+0000] {processor.py:840} INFO - DAG(s) 'crime_data_quality_check' retrieved from /opt/airflow/dags/crime_data_quality_check.py
[2026-01-10T03:28:06.522+0000] {logging_mixin.py:188} INFO - [2026-01-10T03:28:06.521+0000] {dag.py:3033} INFO - Sync 1 DAGs
[2026-01-10T03:28:06.569+0000] {logging_mixin.py:188} INFO - [2026-01-10T03:28:06.569+0000] {dag.py:3820} INFO - Setting next_dagrun for crime_data_quality_check to 2026-01-10T02:00:00+00:00, run_after=2026-01-10T03:00:00+00:00
[2026-01-10T03:28:06.642+0000] {processor.py:183} INFO - Processing /opt/airflow/dags/crime_data_quality_check.py took 0.229 seconds
[2026-01-10T03:55:14.840+0000] {processor.py:161} INFO - Started process (PID=4228) to work on /opt/airflow/dags/crime_data_quality_check.py
[2026-01-10T03:55:14.843+0000] {processor.py:830} INFO - Processing file /opt/airflow/dags/crime_data_quality_check.py for tasks to queue
[2026-01-10T03:55:14.845+0000] {logging_mixin.py:188} INFO - [2026-01-10T03:55:14.844+0000] {dagbag.py:538} INFO - Filling up the DagBag from /opt/airflow/dags/crime_data_quality_check.py
[2026-01-10T03:55:14.879+0000] {processor.py:840} INFO - DAG(s) 'crime_data_quality_check' retrieved from /opt/airflow/dags/crime_data_quality_check.py
[2026-01-10T03:55:14.940+0000] {logging_mixin.py:188} INFO - [2026-01-10T03:55:14.940+0000] {dag.py:3033} INFO - Sync 1 DAGs
[2026-01-10T03:55:14.999+0000] {logging_mixin.py:188} INFO - [2026-01-10T03:55:14.998+0000] {dag.py:3820} INFO - Setting next_dagrun for crime_data_quality_check to 2026-01-10T03:00:00+00:00, run_after=2026-01-10T04:00:00+00:00
[2026-01-10T03:55:15.078+0000] {processor.py:183} INFO - Processing /opt/airflow/dags/crime_data_quality_check.py took 0.241 seconds
[2026-01-10T04:51:25.183+0000] {processor.py:161} INFO - Started process (PID=4232) to work on /opt/airflow/dags/crime_data_quality_check.py
[2026-01-10T04:51:25.184+0000] {processor.py:830} INFO - Processing file /opt/airflow/dags/crime_data_quality_check.py for tasks to queue
[2026-01-10T04:51:25.185+0000] {logging_mixin.py:188} INFO - [2026-01-10T04:51:25.185+0000] {dagbag.py:538} INFO - Filling up the DagBag from /opt/airflow/dags/crime_data_quality_check.py
[2026-01-10T04:51:25.209+0000] {processor.py:840} INFO - DAG(s) 'crime_data_quality_check' retrieved from /opt/airflow/dags/crime_data_quality_check.py
[2026-01-10T04:51:25.240+0000] {logging_mixin.py:188} INFO - [2026-01-10T04:51:25.240+0000] {dag.py:3033} INFO - Sync 1 DAGs
[2026-01-10T04:51:25.296+0000] {processor.py:183} INFO - Processing /opt/airflow/dags/crime_data_quality_check.py took 0.116 seconds
[2026-01-10T05:54:25.752+0000] {processor.py:161} INFO - Started process (PID=4272) to work on /opt/airflow/dags/crime_data_quality_check.py
[2026-01-10T05:54:25.755+0000] {processor.py:830} INFO - Processing file /opt/airflow/dags/crime_data_quality_check.py for tasks to queue
[2026-01-10T05:54:25.756+0000] {logging_mixin.py:188} INFO - [2026-01-10T05:54:25.756+0000] {dagbag.py:538} INFO - Filling up the DagBag from /opt/airflow/dags/crime_data_quality_check.py
[2026-01-10T05:54:25.788+0000] {processor.py:840} INFO - DAG(s) 'crime_data_quality_check' retrieved from /opt/airflow/dags/crime_data_quality_check.py
[2026-01-10T05:54:25.848+0000] {logging_mixin.py:188} INFO - [2026-01-10T05:54:25.848+0000] {dag.py:3033} INFO - Sync 1 DAGs
[2026-01-10T05:54:25.886+0000] {logging_mixin.py:188} INFO - [2026-01-10T05:54:25.885+0000] {dag.py:3820} INFO - Setting next_dagrun for crime_data_quality_check to 2026-01-10T04:00:00+00:00, run_after=2026-01-10T05:00:00+00:00
[2026-01-10T05:54:25.935+0000] {processor.py:183} INFO - Processing /opt/airflow/dags/crime_data_quality_check.py took 0.190 seconds
[2026-01-10T07:05:11.722+0000] {processor.py:161} INFO - Started process (PID=4316) to work on /opt/airflow/dags/crime_data_quality_check.py
[2026-01-10T07:05:11.729+0000] {processor.py:830} INFO - Processing file /opt/airflow/dags/crime_data_quality_check.py for tasks to queue
[2026-01-10T07:05:11.733+0000] {logging_mixin.py:188} INFO - [2026-01-10T07:05:11.732+0000] {dagbag.py:538} INFO - Filling up the DagBag from /opt/airflow/dags/crime_data_quality_check.py
[2026-01-10T07:05:11.804+0000] {processor.py:840} INFO - DAG(s) 'crime_data_quality_check' retrieved from /opt/airflow/dags/crime_data_quality_check.py
[2026-01-10T07:05:11.934+0000] {logging_mixin.py:188} INFO - [2026-01-10T07:05:11.933+0000] {dag.py:3033} INFO - Sync 1 DAGs
[2026-01-10T07:05:12.156+0000] {processor.py:183} INFO - Processing /opt/airflow/dags/crime_data_quality_check.py took 0.453 seconds
[2026-01-10T07:38:54.249+0000] {processor.py:161} INFO - Started process (PID=4396) to work on /opt/airflow/dags/crime_data_quality_check.py
[2026-01-10T07:38:54.252+0000] {processor.py:830} INFO - Processing file /opt/airflow/dags/crime_data_quality_check.py for tasks to queue
[2026-01-10T07:38:54.253+0000] {logging_mixin.py:188} INFO - [2026-01-10T07:38:54.252+0000] {dagbag.py:538} INFO - Filling up the DagBag from /opt/airflow/dags/crime_data_quality_check.py
[2026-01-10T07:38:54.284+0000] {processor.py:840} INFO - DAG(s) 'crime_data_quality_check' retrieved from /opt/airflow/dags/crime_data_quality_check.py
[2026-01-10T07:38:54.377+0000] {logging_mixin.py:188} INFO - [2026-01-10T07:38:54.376+0000] {dag.py:3033} INFO - Sync 1 DAGs
[2026-01-10T07:38:54.416+0000] {logging_mixin.py:188} INFO - [2026-01-10T07:38:54.416+0000] {dag.py:3820} INFO - Setting next_dagrun for crime_data_quality_check to 2026-01-10T07:00:00+00:00, run_after=2026-01-10T08:00:00+00:00
[2026-01-10T07:38:54.570+0000] {processor.py:183} INFO - Processing /opt/airflow/dags/crime_data_quality_check.py took 0.327 seconds
[2026-01-10T08:50:54.604+0000] {processor.py:161} INFO - Started process (PID=4402) to work on /opt/airflow/dags/crime_data_quality_check.py
[2026-01-10T08:50:54.613+0000] {processor.py:830} INFO - Processing file /opt/airflow/dags/crime_data_quality_check.py for tasks to queue
[2026-01-10T08:50:54.614+0000] {logging_mixin.py:188} INFO - [2026-01-10T08:50:54.614+0000] {dagbag.py:538} INFO - Filling up the DagBag from /opt/airflow/dags/crime_data_quality_check.py
[2026-01-10T08:50:54.641+0000] {processor.py:840} INFO - DAG(s) 'crime_data_quality_check' retrieved from /opt/airflow/dags/crime_data_quality_check.py
[2026-01-10T08:50:54.707+0000] {logging_mixin.py:188} INFO - [2026-01-10T08:50:54.707+0000] {dag.py:3033} INFO - Sync 1 DAGs
[2026-01-10T08:50:54.776+0000] {processor.py:183} INFO - Processing /opt/airflow/dags/crime_data_quality_check.py took 0.180 seconds
[2026-01-10T10:13:59.291+0000] {processor.py:161} INFO - Started process (PID=4442) to work on /opt/airflow/dags/crime_data_quality_check.py
[2026-01-10T10:13:59.293+0000] {processor.py:830} INFO - Processing file /opt/airflow/dags/crime_data_quality_check.py for tasks to queue
[2026-01-10T10:13:59.296+0000] {logging_mixin.py:188} INFO - [2026-01-10T10:13:59.296+0000] {dagbag.py:538} INFO - Filling up the DagBag from /opt/airflow/dags/crime_data_quality_check.py
[2026-01-10T10:13:59.336+0000] {processor.py:840} INFO - DAG(s) 'crime_data_quality_check' retrieved from /opt/airflow/dags/crime_data_quality_check.py
[2026-01-10T10:13:59.379+0000] {logging_mixin.py:188} INFO - [2026-01-10T10:13:59.378+0000] {dag.py:3033} INFO - Sync 1 DAGs
[2026-01-10T10:13:59.412+0000] {logging_mixin.py:188} INFO - [2026-01-10T10:13:59.410+0000] {dag.py:3820} INFO - Setting next_dagrun for crime_data_quality_check to 2026-01-10T09:00:00+00:00, run_after=2026-01-10T10:00:00+00:00
[2026-01-10T10:13:59.511+0000] {processor.py:183} INFO - Processing /opt/airflow/dags/crime_data_quality_check.py took 0.227 seconds
[2026-01-10T11:36:30.195+0000] {processor.py:161} INFO - Started process (PID=4485) to work on /opt/airflow/dags/crime_data_quality_check.py
[2026-01-10T11:36:30.199+0000] {processor.py:830} INFO - Processing file /opt/airflow/dags/crime_data_quality_check.py for tasks to queue
[2026-01-10T11:36:30.203+0000] {logging_mixin.py:188} INFO - [2026-01-10T11:36:30.203+0000] {dagbag.py:538} INFO - Filling up the DagBag from /opt/airflow/dags/crime_data_quality_check.py
[2026-01-10T11:36:30.248+0000] {processor.py:840} INFO - DAG(s) 'crime_data_quality_check' retrieved from /opt/airflow/dags/crime_data_quality_check.py
[2026-01-10T11:36:30.310+0000] {logging_mixin.py:188} INFO - [2026-01-10T11:36:30.310+0000] {dag.py:3033} INFO - Sync 1 DAGs
[2026-01-10T11:36:30.406+0000] {processor.py:183} INFO - Processing /opt/airflow/dags/crime_data_quality_check.py took 0.220 seconds
[2026-01-10T12:37:03.256+0000] {processor.py:161} INFO - Started process (PID=4526) to work on /opt/airflow/dags/crime_data_quality_check.py
[2026-01-10T12:37:03.258+0000] {processor.py:830} INFO - Processing file /opt/airflow/dags/crime_data_quality_check.py for tasks to queue
[2026-01-10T12:37:03.260+0000] {logging_mixin.py:188} INFO - [2026-01-10T12:37:03.259+0000] {dagbag.py:538} INFO - Filling up the DagBag from /opt/airflow/dags/crime_data_quality_check.py
[2026-01-10T12:37:03.287+0000] {processor.py:840} INFO - DAG(s) 'crime_data_quality_check' retrieved from /opt/airflow/dags/crime_data_quality_check.py
[2026-01-10T12:37:03.322+0000] {logging_mixin.py:188} INFO - [2026-01-10T12:37:03.322+0000] {dag.py:3033} INFO - Sync 1 DAGs
[2026-01-10T12:37:03.347+0000] {logging_mixin.py:188} INFO - [2026-01-10T12:37:03.347+0000] {dag.py:3820} INFO - Setting next_dagrun for crime_data_quality_check to 2026-01-10T11:00:00+00:00, run_after=2026-01-10T12:00:00+00:00
[2026-01-10T12:37:03.366+0000] {processor.py:183} INFO - Processing /opt/airflow/dags/crime_data_quality_check.py took 0.117 seconds
[2026-01-10T13:15:59.660+0000] {processor.py:161} INFO - Started process (PID=4569) to work on /opt/airflow/dags/crime_data_quality_check.py
[2026-01-10T13:15:59.662+0000] {processor.py:830} INFO - Processing file /opt/airflow/dags/crime_data_quality_check.py for tasks to queue
[2026-01-10T13:15:59.665+0000] {logging_mixin.py:188} INFO - [2026-01-10T13:15:59.665+0000] {dagbag.py:538} INFO - Filling up the DagBag from /opt/airflow/dags/crime_data_quality_check.py
[2026-01-10T13:15:59.706+0000] {processor.py:840} INFO - DAG(s) 'crime_data_quality_check' retrieved from /opt/airflow/dags/crime_data_quality_check.py
[2026-01-10T13:15:59.758+0000] {logging_mixin.py:188} INFO - [2026-01-10T13:15:59.757+0000] {dag.py:3033} INFO - Sync 1 DAGs
[2026-01-10T13:15:59.854+0000] {processor.py:183} INFO - Processing /opt/airflow/dags/crime_data_quality_check.py took 0.216 seconds
[2026-01-10T14:07:26.124+0000] {processor.py:161} INFO - Started process (PID=4610) to work on /opt/airflow/dags/crime_data_quality_check.py
[2026-01-10T14:07:26.126+0000] {processor.py:830} INFO - Processing file /opt/airflow/dags/crime_data_quality_check.py for tasks to queue
[2026-01-10T14:07:26.128+0000] {logging_mixin.py:188} INFO - [2026-01-10T14:07:26.128+0000] {dagbag.py:538} INFO - Filling up the DagBag from /opt/airflow/dags/crime_data_quality_check.py
[2026-01-10T14:07:26.151+0000] {processor.py:840} INFO - DAG(s) 'crime_data_quality_check' retrieved from /opt/airflow/dags/crime_data_quality_check.py
[2026-01-10T14:07:26.182+0000] {logging_mixin.py:188} INFO - [2026-01-10T14:07:26.182+0000] {dag.py:3033} INFO - Sync 1 DAGs
[2026-01-10T14:07:26.210+0000] {logging_mixin.py:188} INFO - [2026-01-10T14:07:26.210+0000] {dag.py:3820} INFO - Setting next_dagrun for crime_data_quality_check to 2026-01-10T13:00:00+00:00, run_after=2026-01-10T14:00:00+00:00
[2026-01-10T14:07:26.225+0000] {processor.py:183} INFO - Processing /opt/airflow/dags/crime_data_quality_check.py took 0.107 seconds
[2026-01-10T14:49:00.951+0000] {processor.py:161} INFO - Started process (PID=4652) to work on /opt/airflow/dags/crime_data_quality_check.py
[2026-01-10T14:49:00.952+0000] {processor.py:830} INFO - Processing file /opt/airflow/dags/crime_data_quality_check.py for tasks to queue
[2026-01-10T14:49:00.953+0000] {logging_mixin.py:188} INFO - [2026-01-10T14:49:00.953+0000] {dagbag.py:538} INFO - Filling up the DagBag from /opt/airflow/dags/crime_data_quality_check.py
[2026-01-10T14:49:00.987+0000] {processor.py:840} INFO - DAG(s) 'crime_data_quality_check' retrieved from /opt/airflow/dags/crime_data_quality_check.py
[2026-01-10T14:49:01.011+0000] {logging_mixin.py:188} INFO - [2026-01-10T14:49:01.011+0000] {dag.py:3033} INFO - Sync 1 DAGs
[2026-01-10T14:49:01.032+0000] {logging_mixin.py:188} INFO - [2026-01-10T14:49:01.032+0000] {dag.py:3820} INFO - Setting next_dagrun for crime_data_quality_check to 2026-01-10T14:00:00+00:00, run_after=2026-01-10T15:00:00+00:00
[2026-01-10T14:49:01.045+0000] {processor.py:183} INFO - Processing /opt/airflow/dags/crime_data_quality_check.py took 0.096 seconds
[2026-01-10T14:51:40.666+0000] {processor.py:161} INFO - Started process (PID=4656) to work on /opt/airflow/dags/crime_data_quality_check.py
[2026-01-10T14:51:40.668+0000] {processor.py:830} INFO - Processing file /opt/airflow/dags/crime_data_quality_check.py for tasks to queue
[2026-01-10T14:51:40.669+0000] {logging_mixin.py:188} INFO - [2026-01-10T14:51:40.669+0000] {dagbag.py:538} INFO - Filling up the DagBag from /opt/airflow/dags/crime_data_quality_check.py
[2026-01-10T14:51:40.698+0000] {processor.py:840} INFO - DAG(s) 'crime_data_quality_check' retrieved from /opt/airflow/dags/crime_data_quality_check.py
[2026-01-10T14:51:40.739+0000] {logging_mixin.py:188} INFO - [2026-01-10T14:51:40.739+0000] {dag.py:3033} INFO - Sync 1 DAGs
[2026-01-10T14:51:40.770+0000] {logging_mixin.py:188} INFO - [2026-01-10T14:51:40.770+0000] {dag.py:3820} INFO - Setting next_dagrun for crime_data_quality_check to 2026-01-10T14:00:00+00:00, run_after=2026-01-10T15:00:00+00:00
[2026-01-10T14:51:40.800+0000] {processor.py:183} INFO - Processing /opt/airflow/dags/crime_data_quality_check.py took 0.138 seconds
[2026-01-10T15:13:09.530+0000] {processor.py:161} INFO - Started process (PID=4658) to work on /opt/airflow/dags/crime_data_quality_check.py
[2026-01-10T15:13:09.532+0000] {processor.py:830} INFO - Processing file /opt/airflow/dags/crime_data_quality_check.py for tasks to queue
[2026-01-10T15:13:09.534+0000] {logging_mixin.py:188} INFO - [2026-01-10T15:13:09.534+0000] {dagbag.py:538} INFO - Filling up the DagBag from /opt/airflow/dags/crime_data_quality_check.py
[2026-01-10T15:13:09.560+0000] {processor.py:840} INFO - DAG(s) 'crime_data_quality_check' retrieved from /opt/airflow/dags/crime_data_quality_check.py
[2026-01-10T15:13:09.589+0000] {logging_mixin.py:188} INFO - [2026-01-10T15:13:09.589+0000] {dag.py:3033} INFO - Sync 1 DAGs
[2026-01-10T15:13:09.613+0000] {logging_mixin.py:188} INFO - [2026-01-10T15:13:09.613+0000] {dag.py:3820} INFO - Setting next_dagrun for crime_data_quality_check to 2026-01-10T14:00:00+00:00, run_after=2026-01-10T15:00:00+00:00
[2026-01-10T15:13:09.628+0000] {processor.py:183} INFO - Processing /opt/airflow/dags/crime_data_quality_check.py took 0.101 seconds
[2026-01-10T15:42:15.634+0000] {processor.py:161} INFO - Started process (PID=4730) to work on /opt/airflow/dags/crime_data_quality_check.py
[2026-01-10T15:42:15.635+0000] {processor.py:830} INFO - Processing file /opt/airflow/dags/crime_data_quality_check.py for tasks to queue
[2026-01-10T15:42:15.636+0000] {logging_mixin.py:188} INFO - [2026-01-10T15:42:15.636+0000] {dagbag.py:538} INFO - Filling up the DagBag from /opt/airflow/dags/crime_data_quality_check.py
[2026-01-10T15:42:15.649+0000] {processor.py:840} INFO - DAG(s) 'crime_data_quality_check' retrieved from /opt/airflow/dags/crime_data_quality_check.py
[2026-01-10T15:42:15.665+0000] {logging_mixin.py:188} INFO - [2026-01-10T15:42:15.665+0000] {dag.py:3033} INFO - Sync 1 DAGs
[2026-01-10T15:42:15.688+0000] {processor.py:183} INFO - Processing /opt/airflow/dags/crime_data_quality_check.py took 0.056 seconds
[2026-01-10T15:54:27.621+0000] {processor.py:161} INFO - Started process (PID=4772) to work on /opt/airflow/dags/crime_data_quality_check.py
[2026-01-10T15:54:27.623+0000] {processor.py:830} INFO - Processing file /opt/airflow/dags/crime_data_quality_check.py for tasks to queue
[2026-01-10T15:54:27.626+0000] {logging_mixin.py:188} INFO - [2026-01-10T15:54:27.626+0000] {dagbag.py:538} INFO - Filling up the DagBag from /opt/airflow/dags/crime_data_quality_check.py
[2026-01-10T15:54:27.671+0000] {processor.py:840} INFO - DAG(s) 'crime_data_quality_check' retrieved from /opt/airflow/dags/crime_data_quality_check.py
[2026-01-10T15:54:27.706+0000] {logging_mixin.py:188} INFO - [2026-01-10T15:54:27.706+0000] {dag.py:3033} INFO - Sync 1 DAGs
[2026-01-10T15:54:27.732+0000] {logging_mixin.py:188} INFO - [2026-01-10T15:54:27.731+0000] {dag.py:3820} INFO - Setting next_dagrun for crime_data_quality_check to 2026-01-10T15:00:00+00:00, run_after=2026-01-10T16:00:00+00:00
[2026-01-10T15:54:27.749+0000] {processor.py:183} INFO - Processing /opt/airflow/dags/crime_data_quality_check.py took 0.136 seconds
[2026-01-10T16:02:08.623+0000] {processor.py:161} INFO - Started process (PID=4775) to work on /opt/airflow/dags/crime_data_quality_check.py
[2026-01-10T16:02:08.624+0000] {processor.py:830} INFO - Processing file /opt/airflow/dags/crime_data_quality_check.py for tasks to queue
[2026-01-10T16:02:08.627+0000] {logging_mixin.py:188} INFO - [2026-01-10T16:02:08.627+0000] {dagbag.py:538} INFO - Filling up the DagBag from /opt/airflow/dags/crime_data_quality_check.py
[2026-01-10T16:02:08.658+0000] {processor.py:840} INFO - DAG(s) 'crime_data_quality_check' retrieved from /opt/airflow/dags/crime_data_quality_check.py
[2026-01-10T16:02:08.723+0000] {logging_mixin.py:188} INFO - [2026-01-10T16:02:08.723+0000] {dag.py:3033} INFO - Sync 1 DAGs
[2026-01-10T16:02:08.762+0000] {processor.py:183} INFO - Processing /opt/airflow/dags/crime_data_quality_check.py took 0.142 seconds
[2026-01-10T16:27:46.794+0000] {processor.py:161} INFO - Started process (PID=4816) to work on /opt/airflow/dags/crime_data_quality_check.py
[2026-01-10T16:27:46.795+0000] {processor.py:830} INFO - Processing file /opt/airflow/dags/crime_data_quality_check.py for tasks to queue
[2026-01-10T16:27:46.798+0000] {logging_mixin.py:188} INFO - [2026-01-10T16:27:46.797+0000] {dagbag.py:538} INFO - Filling up the DagBag from /opt/airflow/dags/crime_data_quality_check.py
[2026-01-10T16:27:46.830+0000] {processor.py:840} INFO - DAG(s) 'crime_data_quality_check' retrieved from /opt/airflow/dags/crime_data_quality_check.py
[2026-01-10T16:27:46.860+0000] {logging_mixin.py:188} INFO - [2026-01-10T16:27:46.860+0000] {dag.py:3033} INFO - Sync 1 DAGs
[2026-01-10T16:27:46.876+0000] {logging_mixin.py:188} INFO - [2026-01-10T16:27:46.876+0000] {dag.py:3820} INFO - Setting next_dagrun for crime_data_quality_check to 2026-01-10T16:00:00+00:00, run_after=2026-01-10T17:00:00+00:00
[2026-01-10T16:27:46.887+0000] {processor.py:183} INFO - Processing /opt/airflow/dags/crime_data_quality_check.py took 0.096 seconds
[2026-01-10T16:45:04.872+0000] {processor.py:161} INFO - Started process (PID=4820) to work on /opt/airflow/dags/crime_data_quality_check.py
[2026-01-10T16:45:04.875+0000] {processor.py:830} INFO - Processing file /opt/airflow/dags/crime_data_quality_check.py for tasks to queue
[2026-01-10T16:45:04.878+0000] {logging_mixin.py:188} INFO - [2026-01-10T16:45:04.877+0000] {dagbag.py:538} INFO - Filling up the DagBag from /opt/airflow/dags/crime_data_quality_check.py
[2026-01-10T16:45:04.932+0000] {processor.py:840} INFO - DAG(s) 'crime_data_quality_check' retrieved from /opt/airflow/dags/crime_data_quality_check.py
[2026-01-10T16:45:04.995+0000] {logging_mixin.py:188} INFO - [2026-01-10T16:45:04.995+0000] {dag.py:3033} INFO - Sync 1 DAGs
[2026-01-10T16:45:05.033+0000] {logging_mixin.py:188} INFO - [2026-01-10T16:45:05.033+0000] {dag.py:3820} INFO - Setting next_dagrun for crime_data_quality_check to 2026-01-10T16:00:00+00:00, run_after=2026-01-10T17:00:00+00:00
[2026-01-10T16:45:05.060+0000] {processor.py:183} INFO - Processing /opt/airflow/dags/crime_data_quality_check.py took 0.195 seconds
[2026-01-10T17:40:57.582+0000] {processor.py:161} INFO - Started process (PID=4822) to work on /opt/airflow/dags/crime_data_quality_check.py
[2026-01-10T17:40:57.585+0000] {processor.py:830} INFO - Processing file /opt/airflow/dags/crime_data_quality_check.py for tasks to queue
[2026-01-10T17:40:57.587+0000] {logging_mixin.py:188} INFO - [2026-01-10T17:40:57.586+0000] {dagbag.py:538} INFO - Filling up the DagBag from /opt/airflow/dags/crime_data_quality_check.py
[2026-01-10T17:40:57.625+0000] {processor.py:840} INFO - DAG(s) 'crime_data_quality_check' retrieved from /opt/airflow/dags/crime_data_quality_check.py
[2026-01-10T17:40:57.673+0000] {logging_mixin.py:188} INFO - [2026-01-10T17:40:57.673+0000] {dag.py:3033} INFO - Sync 1 DAGs
[2026-01-10T17:40:57.705+0000] {logging_mixin.py:188} INFO - [2026-01-10T17:40:57.705+0000] {dag.py:3820} INFO - Setting next_dagrun for crime_data_quality_check to 2026-01-10T16:00:00+00:00, run_after=2026-01-10T17:00:00+00:00
[2026-01-10T17:40:57.743+0000] {processor.py:183} INFO - Processing /opt/airflow/dags/crime_data_quality_check.py took 0.166 seconds
[2026-01-10T18:33:24.451+0000] {processor.py:161} INFO - Started process (PID=4865) to work on /opt/airflow/dags/crime_data_quality_check.py
[2026-01-10T18:33:24.457+0000] {processor.py:830} INFO - Processing file /opt/airflow/dags/crime_data_quality_check.py for tasks to queue
[2026-01-10T18:33:24.460+0000] {logging_mixin.py:188} INFO - [2026-01-10T18:33:24.459+0000] {dagbag.py:538} INFO - Filling up the DagBag from /opt/airflow/dags/crime_data_quality_check.py
[2026-01-10T18:33:24.568+0000] {processor.py:840} INFO - DAG(s) 'crime_data_quality_check' retrieved from /opt/airflow/dags/crime_data_quality_check.py
[2026-01-10T18:33:24.704+0000] {logging_mixin.py:188} INFO - [2026-01-10T18:33:24.704+0000] {dag.py:3033} INFO - Sync 1 DAGs
[2026-01-10T18:33:25.154+0000] {processor.py:183} INFO - Processing /opt/airflow/dags/crime_data_quality_check.py took 0.719 seconds
[2026-01-10T18:43:39.383+0000] {processor.py:161} INFO - Started process (PID=4906) to work on /opt/airflow/dags/crime_data_quality_check.py
[2026-01-10T18:43:39.385+0000] {processor.py:830} INFO - Processing file /opt/airflow/dags/crime_data_quality_check.py for tasks to queue
[2026-01-10T18:43:39.390+0000] {logging_mixin.py:188} INFO - [2026-01-10T18:43:39.390+0000] {dagbag.py:538} INFO - Filling up the DagBag from /opt/airflow/dags/crime_data_quality_check.py
[2026-01-10T18:43:39.434+0000] {processor.py:840} INFO - DAG(s) 'crime_data_quality_check' retrieved from /opt/airflow/dags/crime_data_quality_check.py
[2026-01-10T18:43:39.531+0000] {logging_mixin.py:188} INFO - [2026-01-10T18:43:39.531+0000] {dag.py:3033} INFO - Sync 1 DAGs
[2026-01-10T18:43:39.576+0000] {logging_mixin.py:188} INFO - [2026-01-10T18:43:39.576+0000] {dag.py:3820} INFO - Setting next_dagrun for crime_data_quality_check to 2026-01-10T18:00:00+00:00, run_after=2026-01-10T19:00:00+00:00
[2026-01-10T18:43:39.607+0000] {processor.py:183} INFO - Processing /opt/airflow/dags/crime_data_quality_check.py took 0.226 seconds
[2026-01-10T18:47:38.330+0000] {processor.py:161} INFO - Started process (PID=4908) to work on /opt/airflow/dags/crime_data_quality_check.py
[2026-01-10T18:47:38.332+0000] {processor.py:830} INFO - Processing file /opt/airflow/dags/crime_data_quality_check.py for tasks to queue
[2026-01-10T18:47:38.336+0000] {logging_mixin.py:188} INFO - [2026-01-10T18:47:38.335+0000] {dagbag.py:538} INFO - Filling up the DagBag from /opt/airflow/dags/crime_data_quality_check.py
[2026-01-10T18:47:38.378+0000] {processor.py:840} INFO - DAG(s) 'crime_data_quality_check' retrieved from /opt/airflow/dags/crime_data_quality_check.py
[2026-01-10T18:47:38.432+0000] {logging_mixin.py:188} INFO - [2026-01-10T18:47:38.432+0000] {dag.py:3033} INFO - Sync 1 DAGs
[2026-01-10T18:47:38.470+0000] {logging_mixin.py:188} INFO - [2026-01-10T18:47:38.470+0000] {dag.py:3820} INFO - Setting next_dagrun for crime_data_quality_check to 2026-01-10T18:00:00+00:00, run_after=2026-01-10T19:00:00+00:00
[2026-01-10T18:47:38.508+0000] {processor.py:183} INFO - Processing /opt/airflow/dags/crime_data_quality_check.py took 0.186 seconds
[2026-01-10T19:24:58.583+0000] {processor.py:161} INFO - Started process (PID=4914) to work on /opt/airflow/dags/crime_data_quality_check.py
[2026-01-10T19:24:58.588+0000] {processor.py:830} INFO - Processing file /opt/airflow/dags/crime_data_quality_check.py for tasks to queue
[2026-01-10T19:24:58.589+0000] {logging_mixin.py:188} INFO - [2026-01-10T19:24:58.589+0000] {dagbag.py:538} INFO - Filling up the DagBag from /opt/airflow/dags/crime_data_quality_check.py
[2026-01-10T19:24:58.630+0000] {processor.py:840} INFO - DAG(s) 'crime_data_quality_check' retrieved from /opt/airflow/dags/crime_data_quality_check.py
[2026-01-10T19:24:58.677+0000] {logging_mixin.py:188} INFO - [2026-01-10T19:24:58.677+0000] {dag.py:3033} INFO - Sync 1 DAGs
[2026-01-10T19:24:58.738+0000] {processor.py:183} INFO - Processing /opt/airflow/dags/crime_data_quality_check.py took 0.166 seconds
[2026-01-10T19:46:30.140+0000] {processor.py:161} INFO - Started process (PID=4954) to work on /opt/airflow/dags/crime_data_quality_check.py
[2026-01-10T19:46:30.140+0000] {processor.py:830} INFO - Processing file /opt/airflow/dags/crime_data_quality_check.py for tasks to queue
[2026-01-10T19:46:30.143+0000] {logging_mixin.py:188} INFO - [2026-01-10T19:46:30.142+0000] {dagbag.py:538} INFO - Filling up the DagBag from /opt/airflow/dags/crime_data_quality_check.py
[2026-01-10T19:46:30.169+0000] {processor.py:840} INFO - DAG(s) 'crime_data_quality_check' retrieved from /opt/airflow/dags/crime_data_quality_check.py
[2026-01-10T19:46:30.200+0000] {logging_mixin.py:188} INFO - [2026-01-10T19:46:30.199+0000] {dag.py:3033} INFO - Sync 1 DAGs
[2026-01-10T19:46:30.218+0000] {logging_mixin.py:188} INFO - [2026-01-10T19:46:30.217+0000] {dag.py:3820} INFO - Setting next_dagrun for crime_data_quality_check to 2026-01-10T19:00:00+00:00, run_after=2026-01-10T20:00:00+00:00
[2026-01-10T19:46:30.242+0000] {processor.py:183} INFO - Processing /opt/airflow/dags/crime_data_quality_check.py took 0.106 seconds
[2026-01-10T20:05:45.128+0000] {processor.py:161} INFO - Started process (PID=4958) to work on /opt/airflow/dags/crime_data_quality_check.py
[2026-01-10T20:05:45.129+0000] {processor.py:830} INFO - Processing file /opt/airflow/dags/crime_data_quality_check.py for tasks to queue
[2026-01-10T20:05:45.130+0000] {logging_mixin.py:188} INFO - [2026-01-10T20:05:45.130+0000] {dagbag.py:538} INFO - Filling up the DagBag from /opt/airflow/dags/crime_data_quality_check.py
[2026-01-10T20:05:45.178+0000] {processor.py:840} INFO - DAG(s) 'crime_data_quality_check' retrieved from /opt/airflow/dags/crime_data_quality_check.py
[2026-01-10T20:05:45.217+0000] {logging_mixin.py:188} INFO - [2026-01-10T20:05:45.217+0000] {dag.py:3033} INFO - Sync 1 DAGs
[2026-01-10T20:05:45.287+0000] {processor.py:183} INFO - Processing /opt/airflow/dags/crime_data_quality_check.py took 0.163 seconds
[2026-01-10T20:06:15.548+0000] {processor.py:161} INFO - Started process (PID=4998) to work on /opt/airflow/dags/crime_data_quality_check.py
[2026-01-10T20:06:15.549+0000] {processor.py:830} INFO - Processing file /opt/airflow/dags/crime_data_quality_check.py for tasks to queue
[2026-01-10T20:06:15.550+0000] {logging_mixin.py:188} INFO - [2026-01-10T20:06:15.550+0000] {dagbag.py:538} INFO - Filling up the DagBag from /opt/airflow/dags/crime_data_quality_check.py
[2026-01-10T20:06:15.570+0000] {processor.py:840} INFO - DAG(s) 'crime_data_quality_check' retrieved from /opt/airflow/dags/crime_data_quality_check.py
[2026-01-10T20:06:15.600+0000] {logging_mixin.py:188} INFO - [2026-01-10T20:06:15.600+0000] {dag.py:3033} INFO - Sync 1 DAGs
[2026-01-10T20:06:15.632+0000] {logging_mixin.py:188} INFO - [2026-01-10T20:06:15.632+0000] {dag.py:3820} INFO - Setting next_dagrun for crime_data_quality_check to 2026-01-10T20:00:00+00:00, run_after=2026-01-10T21:00:00+00:00
[2026-01-10T20:06:15.652+0000] {processor.py:183} INFO - Processing /opt/airflow/dags/crime_data_quality_check.py took 0.106 seconds
[2026-01-10T20:06:45.878+0000] {processor.py:161} INFO - Started process (PID=5000) to work on /opt/airflow/dags/crime_data_quality_check.py
[2026-01-10T20:06:45.879+0000] {processor.py:830} INFO - Processing file /opt/airflow/dags/crime_data_quality_check.py for tasks to queue
[2026-01-10T20:06:45.880+0000] {logging_mixin.py:188} INFO - [2026-01-10T20:06:45.880+0000] {dagbag.py:538} INFO - Filling up the DagBag from /opt/airflow/dags/crime_data_quality_check.py
[2026-01-10T20:06:45.895+0000] {processor.py:840} INFO - DAG(s) 'crime_data_quality_check' retrieved from /opt/airflow/dags/crime_data_quality_check.py
[2026-01-10T20:06:45.914+0000] {logging_mixin.py:188} INFO - [2026-01-10T20:06:45.914+0000] {dag.py:3033} INFO - Sync 1 DAGs
[2026-01-10T20:06:45.928+0000] {logging_mixin.py:188} INFO - [2026-01-10T20:06:45.928+0000] {dag.py:3820} INFO - Setting next_dagrun for crime_data_quality_check to 2026-01-10T20:00:00+00:00, run_after=2026-01-10T21:00:00+00:00
[2026-01-10T20:06:45.941+0000] {processor.py:183} INFO - Processing /opt/airflow/dags/crime_data_quality_check.py took 0.066 seconds
[2026-01-10T20:07:16.145+0000] {processor.py:161} INFO - Started process (PID=5002) to work on /opt/airflow/dags/crime_data_quality_check.py
[2026-01-10T20:07:16.146+0000] {processor.py:830} INFO - Processing file /opt/airflow/dags/crime_data_quality_check.py for tasks to queue
[2026-01-10T20:07:16.147+0000] {logging_mixin.py:188} INFO - [2026-01-10T20:07:16.146+0000] {dagbag.py:538} INFO - Filling up the DagBag from /opt/airflow/dags/crime_data_quality_check.py
[2026-01-10T20:07:16.168+0000] {processor.py:840} INFO - DAG(s) 'crime_data_quality_check' retrieved from /opt/airflow/dags/crime_data_quality_check.py
[2026-01-10T20:07:16.192+0000] {logging_mixin.py:188} INFO - [2026-01-10T20:07:16.192+0000] {dag.py:3033} INFO - Sync 1 DAGs
[2026-01-10T20:07:16.212+0000] {logging_mixin.py:188} INFO - [2026-01-10T20:07:16.212+0000] {dag.py:3820} INFO - Setting next_dagrun for crime_data_quality_check to 2026-01-10T20:00:00+00:00, run_after=2026-01-10T21:00:00+00:00
[2026-01-10T20:07:16.225+0000] {processor.py:183} INFO - Processing /opt/airflow/dags/crime_data_quality_check.py took 0.085 seconds
[2026-01-10T20:07:46.486+0000] {processor.py:161} INFO - Started process (PID=5004) to work on /opt/airflow/dags/crime_data_quality_check.py
[2026-01-10T20:07:46.488+0000] {processor.py:830} INFO - Processing file /opt/airflow/dags/crime_data_quality_check.py for tasks to queue
[2026-01-10T20:07:46.490+0000] {logging_mixin.py:188} INFO - [2026-01-10T20:07:46.489+0000] {dagbag.py:538} INFO - Filling up the DagBag from /opt/airflow/dags/crime_data_quality_check.py
[2026-01-10T20:07:46.502+0000] {processor.py:840} INFO - DAG(s) 'crime_data_quality_check' retrieved from /opt/airflow/dags/crime_data_quality_check.py
[2026-01-10T20:07:46.524+0000] {logging_mixin.py:188} INFO - [2026-01-10T20:07:46.523+0000] {dag.py:3033} INFO - Sync 1 DAGs
[2026-01-10T20:07:46.544+0000] {logging_mixin.py:188} INFO - [2026-01-10T20:07:46.544+0000] {dag.py:3820} INFO - Setting next_dagrun for crime_data_quality_check to 2026-01-10T20:00:00+00:00, run_after=2026-01-10T21:00:00+00:00
[2026-01-10T20:07:46.558+0000] {processor.py:183} INFO - Processing /opt/airflow/dags/crime_data_quality_check.py took 0.077 seconds
[2026-01-10T20:08:16.795+0000] {processor.py:161} INFO - Started process (PID=5006) to work on /opt/airflow/dags/crime_data_quality_check.py
[2026-01-10T20:08:16.797+0000] {processor.py:830} INFO - Processing file /opt/airflow/dags/crime_data_quality_check.py for tasks to queue
[2026-01-10T20:08:16.798+0000] {logging_mixin.py:188} INFO - [2026-01-10T20:08:16.798+0000] {dagbag.py:538} INFO - Filling up the DagBag from /opt/airflow/dags/crime_data_quality_check.py
[2026-01-10T20:08:16.824+0000] {processor.py:840} INFO - DAG(s) 'crime_data_quality_check' retrieved from /opt/airflow/dags/crime_data_quality_check.py
[2026-01-10T20:08:16.847+0000] {logging_mixin.py:188} INFO - [2026-01-10T20:08:16.847+0000] {dag.py:3033} INFO - Sync 1 DAGs
[2026-01-10T20:08:16.862+0000] {logging_mixin.py:188} INFO - [2026-01-10T20:08:16.862+0000] {dag.py:3820} INFO - Setting next_dagrun for crime_data_quality_check to 2026-01-10T20:00:00+00:00, run_after=2026-01-10T21:00:00+00:00
[2026-01-10T20:08:16.874+0000] {processor.py:183} INFO - Processing /opt/airflow/dags/crime_data_quality_check.py took 0.081 seconds
[2026-01-10T20:08:47.111+0000] {processor.py:161} INFO - Started process (PID=5008) to work on /opt/airflow/dags/crime_data_quality_check.py
[2026-01-10T20:08:47.112+0000] {processor.py:830} INFO - Processing file /opt/airflow/dags/crime_data_quality_check.py for tasks to queue
[2026-01-10T20:08:47.113+0000] {logging_mixin.py:188} INFO - [2026-01-10T20:08:47.112+0000] {dagbag.py:538} INFO - Filling up the DagBag from /opt/airflow/dags/crime_data_quality_check.py
[2026-01-10T20:08:47.131+0000] {processor.py:840} INFO - DAG(s) 'crime_data_quality_check' retrieved from /opt/airflow/dags/crime_data_quality_check.py
[2026-01-10T20:08:47.145+0000] {logging_mixin.py:188} INFO - [2026-01-10T20:08:47.145+0000] {dag.py:3033} INFO - Sync 1 DAGs
[2026-01-10T20:08:47.156+0000] {logging_mixin.py:188} INFO - [2026-01-10T20:08:47.156+0000] {dag.py:3820} INFO - Setting next_dagrun for crime_data_quality_check to 2026-01-10T20:00:00+00:00, run_after=2026-01-10T21:00:00+00:00
[2026-01-10T20:08:47.167+0000] {processor.py:183} INFO - Processing /opt/airflow/dags/crime_data_quality_check.py took 0.058 seconds
[2026-01-10T20:09:17.393+0000] {processor.py:161} INFO - Started process (PID=5010) to work on /opt/airflow/dags/crime_data_quality_check.py
[2026-01-10T20:09:17.394+0000] {processor.py:830} INFO - Processing file /opt/airflow/dags/crime_data_quality_check.py for tasks to queue
[2026-01-10T20:09:17.395+0000] {logging_mixin.py:188} INFO - [2026-01-10T20:09:17.395+0000] {dagbag.py:538} INFO - Filling up the DagBag from /opt/airflow/dags/crime_data_quality_check.py
[2026-01-10T20:09:17.424+0000] {processor.py:840} INFO - DAG(s) 'crime_data_quality_check' retrieved from /opt/airflow/dags/crime_data_quality_check.py
[2026-01-10T20:09:17.450+0000] {logging_mixin.py:188} INFO - [2026-01-10T20:09:17.450+0000] {dag.py:3033} INFO - Sync 1 DAGs
[2026-01-10T20:09:17.467+0000] {logging_mixin.py:188} INFO - [2026-01-10T20:09:17.467+0000] {dag.py:3820} INFO - Setting next_dagrun for crime_data_quality_check to 2026-01-10T20:00:00+00:00, run_after=2026-01-10T21:00:00+00:00
[2026-01-10T20:09:17.486+0000] {processor.py:183} INFO - Processing /opt/airflow/dags/crime_data_quality_check.py took 0.096 seconds
[2026-01-10T20:09:47.727+0000] {processor.py:161} INFO - Started process (PID=5012) to work on /opt/airflow/dags/crime_data_quality_check.py
[2026-01-10T20:09:47.728+0000] {processor.py:830} INFO - Processing file /opt/airflow/dags/crime_data_quality_check.py for tasks to queue
[2026-01-10T20:09:47.729+0000] {logging_mixin.py:188} INFO - [2026-01-10T20:09:47.729+0000] {dagbag.py:538} INFO - Filling up the DagBag from /opt/airflow/dags/crime_data_quality_check.py
[2026-01-10T20:09:47.741+0000] {processor.py:840} INFO - DAG(s) 'crime_data_quality_check' retrieved from /opt/airflow/dags/crime_data_quality_check.py
[2026-01-10T20:09:47.756+0000] {logging_mixin.py:188} INFO - [2026-01-10T20:09:47.756+0000] {dag.py:3033} INFO - Sync 1 DAGs
[2026-01-10T20:09:47.769+0000] {logging_mixin.py:188} INFO - [2026-01-10T20:09:47.769+0000] {dag.py:3820} INFO - Setting next_dagrun for crime_data_quality_check to 2026-01-10T20:00:00+00:00, run_after=2026-01-10T21:00:00+00:00
[2026-01-10T20:09:47.778+0000] {processor.py:183} INFO - Processing /opt/airflow/dags/crime_data_quality_check.py took 0.053 seconds
[2026-01-10T20:10:17.998+0000] {processor.py:161} INFO - Started process (PID=5014) to work on /opt/airflow/dags/crime_data_quality_check.py
[2026-01-10T20:10:17.999+0000] {processor.py:830} INFO - Processing file /opt/airflow/dags/crime_data_quality_check.py for tasks to queue
[2026-01-10T20:10:18.001+0000] {logging_mixin.py:188} INFO - [2026-01-10T20:10:18.001+0000] {dagbag.py:538} INFO - Filling up the DagBag from /opt/airflow/dags/crime_data_quality_check.py
[2026-01-10T20:10:18.017+0000] {processor.py:840} INFO - DAG(s) 'crime_data_quality_check' retrieved from /opt/airflow/dags/crime_data_quality_check.py
[2026-01-10T20:10:18.038+0000] {logging_mixin.py:188} INFO - [2026-01-10T20:10:18.038+0000] {dag.py:3033} INFO - Sync 1 DAGs
[2026-01-10T20:10:18.053+0000] {logging_mixin.py:188} INFO - [2026-01-10T20:10:18.053+0000] {dag.py:3820} INFO - Setting next_dagrun for crime_data_quality_check to 2026-01-10T20:00:00+00:00, run_after=2026-01-10T21:00:00+00:00
[2026-01-10T20:10:18.066+0000] {processor.py:183} INFO - Processing /opt/airflow/dags/crime_data_quality_check.py took 0.071 seconds
[2026-01-10T20:10:48.248+0000] {processor.py:161} INFO - Started process (PID=5016) to work on /opt/airflow/dags/crime_data_quality_check.py
[2026-01-10T20:10:48.254+0000] {processor.py:830} INFO - Processing file /opt/airflow/dags/crime_data_quality_check.py for tasks to queue
[2026-01-10T20:10:48.255+0000] {logging_mixin.py:188} INFO - [2026-01-10T20:10:48.255+0000] {dagbag.py:538} INFO - Filling up the DagBag from /opt/airflow/dags/crime_data_quality_check.py
[2026-01-10T20:10:48.269+0000] {processor.py:840} INFO - DAG(s) 'crime_data_quality_check' retrieved from /opt/airflow/dags/crime_data_quality_check.py
[2026-01-10T20:10:48.287+0000] {logging_mixin.py:188} INFO - [2026-01-10T20:10:48.287+0000] {dag.py:3033} INFO - Sync 1 DAGs
[2026-01-10T20:10:48.302+0000] {logging_mixin.py:188} INFO - [2026-01-10T20:10:48.302+0000] {dag.py:3820} INFO - Setting next_dagrun for crime_data_quality_check to 2026-01-10T20:00:00+00:00, run_after=2026-01-10T21:00:00+00:00
[2026-01-10T20:10:48.308+0000] {processor.py:183} INFO - Processing /opt/airflow/dags/crime_data_quality_check.py took 0.062 seconds
[2026-01-10T20:11:18.536+0000] {processor.py:161} INFO - Started process (PID=5018) to work on /opt/airflow/dags/crime_data_quality_check.py
[2026-01-10T20:11:18.536+0000] {processor.py:830} INFO - Processing file /opt/airflow/dags/crime_data_quality_check.py for tasks to queue
[2026-01-10T20:11:18.537+0000] {logging_mixin.py:188} INFO - [2026-01-10T20:11:18.537+0000] {dagbag.py:538} INFO - Filling up the DagBag from /opt/airflow/dags/crime_data_quality_check.py
[2026-01-10T20:11:18.552+0000] {processor.py:840} INFO - DAG(s) 'crime_data_quality_check' retrieved from /opt/airflow/dags/crime_data_quality_check.py
[2026-01-10T20:11:18.568+0000] {logging_mixin.py:188} INFO - [2026-01-10T20:11:18.568+0000] {dag.py:3033} INFO - Sync 1 DAGs
[2026-01-10T20:11:18.581+0000] {logging_mixin.py:188} INFO - [2026-01-10T20:11:18.581+0000] {dag.py:3820} INFO - Setting next_dagrun for crime_data_quality_check to 2026-01-10T20:00:00+00:00, run_after=2026-01-10T21:00:00+00:00
[2026-01-10T20:11:18.593+0000] {processor.py:183} INFO - Processing /opt/airflow/dags/crime_data_quality_check.py took 0.060 seconds
[2026-01-10T20:11:48.830+0000] {processor.py:161} INFO - Started process (PID=5020) to work on /opt/airflow/dags/crime_data_quality_check.py
[2026-01-10T20:11:48.833+0000] {processor.py:830} INFO - Processing file /opt/airflow/dags/crime_data_quality_check.py for tasks to queue
[2026-01-10T20:11:48.835+0000] {logging_mixin.py:188} INFO - [2026-01-10T20:11:48.835+0000] {dagbag.py:538} INFO - Filling up the DagBag from /opt/airflow/dags/crime_data_quality_check.py
[2026-01-10T20:11:48.912+0000] {processor.py:840} INFO - DAG(s) 'crime_data_quality_check' retrieved from /opt/airflow/dags/crime_data_quality_check.py
[2026-01-10T20:11:48.979+0000] {logging_mixin.py:188} INFO - [2026-01-10T20:11:48.979+0000] {dag.py:3033} INFO - Sync 1 DAGs
[2026-01-10T20:11:49.005+0000] {logging_mixin.py:188} INFO - [2026-01-10T20:11:49.005+0000] {dag.py:3820} INFO - Setting next_dagrun for crime_data_quality_check to 2026-01-10T20:00:00+00:00, run_after=2026-01-10T21:00:00+00:00
[2026-01-10T20:11:49.029+0000] {processor.py:183} INFO - Processing /opt/airflow/dags/crime_data_quality_check.py took 0.208 seconds
[2026-01-10T20:12:19.320+0000] {processor.py:161} INFO - Started process (PID=5022) to work on /opt/airflow/dags/crime_data_quality_check.py
[2026-01-10T20:12:19.323+0000] {processor.py:830} INFO - Processing file /opt/airflow/dags/crime_data_quality_check.py for tasks to queue
[2026-01-10T20:12:19.324+0000] {logging_mixin.py:188} INFO - [2026-01-10T20:12:19.324+0000] {dagbag.py:538} INFO - Filling up the DagBag from /opt/airflow/dags/crime_data_quality_check.py
[2026-01-10T20:12:19.350+0000] {processor.py:840} INFO - DAG(s) 'crime_data_quality_check' retrieved from /opt/airflow/dags/crime_data_quality_check.py
[2026-01-10T20:12:19.378+0000] {logging_mixin.py:188} INFO - [2026-01-10T20:12:19.378+0000] {dag.py:3033} INFO - Sync 1 DAGs
[2026-01-10T20:12:19.394+0000] {logging_mixin.py:188} INFO - [2026-01-10T20:12:19.394+0000] {dag.py:3820} INFO - Setting next_dagrun for crime_data_quality_check to 2026-01-10T20:00:00+00:00, run_after=2026-01-10T21:00:00+00:00
[2026-01-10T20:12:19.404+0000] {processor.py:183} INFO - Processing /opt/airflow/dags/crime_data_quality_check.py took 0.087 seconds
[2026-01-10T20:12:49.568+0000] {processor.py:161} INFO - Started process (PID=5024) to work on /opt/airflow/dags/crime_data_quality_check.py
[2026-01-10T20:12:49.569+0000] {processor.py:830} INFO - Processing file /opt/airflow/dags/crime_data_quality_check.py for tasks to queue
[2026-01-10T20:12:49.570+0000] {logging_mixin.py:188} INFO - [2026-01-10T20:12:49.570+0000] {dagbag.py:538} INFO - Filling up the DagBag from /opt/airflow/dags/crime_data_quality_check.py
[2026-01-10T20:12:49.589+0000] {processor.py:840} INFO - DAG(s) 'crime_data_quality_check' retrieved from /opt/airflow/dags/crime_data_quality_check.py
[2026-01-10T20:12:49.603+0000] {logging_mixin.py:188} INFO - [2026-01-10T20:12:49.603+0000] {dag.py:3033} INFO - Sync 1 DAGs
[2026-01-10T20:12:49.618+0000] {logging_mixin.py:188} INFO - [2026-01-10T20:12:49.618+0000] {dag.py:3820} INFO - Setting next_dagrun for crime_data_quality_check to 2026-01-10T20:00:00+00:00, run_after=2026-01-10T21:00:00+00:00
[2026-01-10T20:12:49.627+0000] {processor.py:183} INFO - Processing /opt/airflow/dags/crime_data_quality_check.py took 0.063 seconds
[2026-01-10T20:13:19.830+0000] {processor.py:161} INFO - Started process (PID=5026) to work on /opt/airflow/dags/crime_data_quality_check.py
[2026-01-10T20:13:19.832+0000] {processor.py:830} INFO - Processing file /opt/airflow/dags/crime_data_quality_check.py for tasks to queue
[2026-01-10T20:13:19.834+0000] {logging_mixin.py:188} INFO - [2026-01-10T20:13:19.834+0000] {dagbag.py:538} INFO - Filling up the DagBag from /opt/airflow/dags/crime_data_quality_check.py
[2026-01-10T20:13:19.854+0000] {processor.py:840} INFO - DAG(s) 'crime_data_quality_check' retrieved from /opt/airflow/dags/crime_data_quality_check.py
[2026-01-10T20:13:19.878+0000] {logging_mixin.py:188} INFO - [2026-01-10T20:13:19.878+0000] {dag.py:3033} INFO - Sync 1 DAGs
[2026-01-10T20:13:19.898+0000] {logging_mixin.py:188} INFO - [2026-01-10T20:13:19.898+0000] {dag.py:3820} INFO - Setting next_dagrun for crime_data_quality_check to 2026-01-10T20:00:00+00:00, run_after=2026-01-10T21:00:00+00:00
[2026-01-10T20:13:19.911+0000] {processor.py:183} INFO - Processing /opt/airflow/dags/crime_data_quality_check.py took 0.085 seconds
[2026-01-10T20:13:50.038+0000] {processor.py:161} INFO - Started process (PID=5028) to work on /opt/airflow/dags/crime_data_quality_check.py
[2026-01-10T20:13:50.039+0000] {processor.py:830} INFO - Processing file /opt/airflow/dags/crime_data_quality_check.py for tasks to queue
[2026-01-10T20:13:50.040+0000] {logging_mixin.py:188} INFO - [2026-01-10T20:13:50.040+0000] {dagbag.py:538} INFO - Filling up the DagBag from /opt/airflow/dags/crime_data_quality_check.py
[2026-01-10T20:13:50.051+0000] {processor.py:840} INFO - DAG(s) 'crime_data_quality_check' retrieved from /opt/airflow/dags/crime_data_quality_check.py
[2026-01-10T20:13:50.068+0000] {logging_mixin.py:188} INFO - [2026-01-10T20:13:50.068+0000] {dag.py:3033} INFO - Sync 1 DAGs
[2026-01-10T20:13:50.084+0000] {logging_mixin.py:188} INFO - [2026-01-10T20:13:50.084+0000] {dag.py:3820} INFO - Setting next_dagrun for crime_data_quality_check to 2026-01-10T20:00:00+00:00, run_after=2026-01-10T21:00:00+00:00
[2026-01-10T20:13:50.095+0000] {processor.py:183} INFO - Processing /opt/airflow/dags/crime_data_quality_check.py took 0.060 seconds
[2026-01-10T20:14:20.344+0000] {processor.py:161} INFO - Started process (PID=5030) to work on /opt/airflow/dags/crime_data_quality_check.py
[2026-01-10T20:14:20.344+0000] {processor.py:830} INFO - Processing file /opt/airflow/dags/crime_data_quality_check.py for tasks to queue
[2026-01-10T20:14:20.345+0000] {logging_mixin.py:188} INFO - [2026-01-10T20:14:20.345+0000] {dagbag.py:538} INFO - Filling up the DagBag from /opt/airflow/dags/crime_data_quality_check.py
[2026-01-10T20:14:20.364+0000] {processor.py:840} INFO - DAG(s) 'crime_data_quality_check' retrieved from /opt/airflow/dags/crime_data_quality_check.py
[2026-01-10T20:14:20.388+0000] {logging_mixin.py:188} INFO - [2026-01-10T20:14:20.388+0000] {dag.py:3033} INFO - Sync 1 DAGs
[2026-01-10T20:14:20.410+0000] {logging_mixin.py:188} INFO - [2026-01-10T20:14:20.410+0000] {dag.py:3820} INFO - Setting next_dagrun for crime_data_quality_check to 2026-01-10T20:00:00+00:00, run_after=2026-01-10T21:00:00+00:00
[2026-01-10T20:14:20.422+0000] {processor.py:183} INFO - Processing /opt/airflow/dags/crime_data_quality_check.py took 0.082 seconds
[2026-01-10T20:14:50.598+0000] {processor.py:161} INFO - Started process (PID=5032) to work on /opt/airflow/dags/crime_data_quality_check.py
[2026-01-10T20:14:50.600+0000] {processor.py:830} INFO - Processing file /opt/airflow/dags/crime_data_quality_check.py for tasks to queue
[2026-01-10T20:14:50.600+0000] {logging_mixin.py:188} INFO - [2026-01-10T20:14:50.600+0000] {dagbag.py:538} INFO - Filling up the DagBag from /opt/airflow/dags/crime_data_quality_check.py
[2026-01-10T20:14:50.613+0000] {processor.py:840} INFO - DAG(s) 'crime_data_quality_check' retrieved from /opt/airflow/dags/crime_data_quality_check.py
[2026-01-10T20:14:50.629+0000] {logging_mixin.py:188} INFO - [2026-01-10T20:14:50.629+0000] {dag.py:3033} INFO - Sync 1 DAGs
[2026-01-10T20:14:50.642+0000] {logging_mixin.py:188} INFO - [2026-01-10T20:14:50.642+0000] {dag.py:3820} INFO - Setting next_dagrun for crime_data_quality_check to 2026-01-10T20:00:00+00:00, run_after=2026-01-10T21:00:00+00:00
[2026-01-10T20:14:50.655+0000] {processor.py:183} INFO - Processing /opt/airflow/dags/crime_data_quality_check.py took 0.060 seconds
[2026-01-10T20:15:20.853+0000] {processor.py:161} INFO - Started process (PID=5034) to work on /opt/airflow/dags/crime_data_quality_check.py
[2026-01-10T20:15:20.854+0000] {processor.py:830} INFO - Processing file /opt/airflow/dags/crime_data_quality_check.py for tasks to queue
[2026-01-10T20:15:20.855+0000] {logging_mixin.py:188} INFO - [2026-01-10T20:15:20.855+0000] {dagbag.py:538} INFO - Filling up the DagBag from /opt/airflow/dags/crime_data_quality_check.py
[2026-01-10T20:15:20.877+0000] {processor.py:840} INFO - DAG(s) 'crime_data_quality_check' retrieved from /opt/airflow/dags/crime_data_quality_check.py
[2026-01-10T20:15:20.897+0000] {logging_mixin.py:188} INFO - [2026-01-10T20:15:20.897+0000] {dag.py:3033} INFO - Sync 1 DAGs
[2026-01-10T20:15:20.912+0000] {logging_mixin.py:188} INFO - [2026-01-10T20:15:20.912+0000] {dag.py:3820} INFO - Setting next_dagrun for crime_data_quality_check to 2026-01-10T20:00:00+00:00, run_after=2026-01-10T21:00:00+00:00
[2026-01-10T20:15:20.925+0000] {processor.py:183} INFO - Processing /opt/airflow/dags/crime_data_quality_check.py took 0.074 seconds
[2026-01-10T20:15:51.046+0000] {processor.py:161} INFO - Started process (PID=5036) to work on /opt/airflow/dags/crime_data_quality_check.py
[2026-01-10T20:15:51.047+0000] {processor.py:830} INFO - Processing file /opt/airflow/dags/crime_data_quality_check.py for tasks to queue
[2026-01-10T20:15:51.048+0000] {logging_mixin.py:188} INFO - [2026-01-10T20:15:51.048+0000] {dagbag.py:538} INFO - Filling up the DagBag from /opt/airflow/dags/crime_data_quality_check.py
[2026-01-10T20:15:51.058+0000] {processor.py:840} INFO - DAG(s) 'crime_data_quality_check' retrieved from /opt/airflow/dags/crime_data_quality_check.py
[2026-01-10T20:15:51.077+0000] {logging_mixin.py:188} INFO - [2026-01-10T20:15:51.077+0000] {dag.py:3033} INFO - Sync 1 DAGs
[2026-01-10T20:15:51.090+0000] {logging_mixin.py:188} INFO - [2026-01-10T20:15:51.090+0000] {dag.py:3820} INFO - Setting next_dagrun for crime_data_quality_check to 2026-01-10T20:00:00+00:00, run_after=2026-01-10T21:00:00+00:00
[2026-01-10T20:15:51.100+0000] {processor.py:183} INFO - Processing /opt/airflow/dags/crime_data_quality_check.py took 0.058 seconds
[2026-01-10T20:16:21.330+0000] {processor.py:161} INFO - Started process (PID=5038) to work on /opt/airflow/dags/crime_data_quality_check.py
[2026-01-10T20:16:21.331+0000] {processor.py:830} INFO - Processing file /opt/airflow/dags/crime_data_quality_check.py for tasks to queue
[2026-01-10T20:16:21.332+0000] {logging_mixin.py:188} INFO - [2026-01-10T20:16:21.332+0000] {dagbag.py:538} INFO - Filling up the DagBag from /opt/airflow/dags/crime_data_quality_check.py
[2026-01-10T20:16:21.351+0000] {processor.py:840} INFO - DAG(s) 'crime_data_quality_check' retrieved from /opt/airflow/dags/crime_data_quality_check.py
[2026-01-10T20:16:21.373+0000] {logging_mixin.py:188} INFO - [2026-01-10T20:16:21.373+0000] {dag.py:3033} INFO - Sync 1 DAGs
[2026-01-10T20:16:21.387+0000] {logging_mixin.py:188} INFO - [2026-01-10T20:16:21.387+0000] {dag.py:3820} INFO - Setting next_dagrun for crime_data_quality_check to 2026-01-10T20:00:00+00:00, run_after=2026-01-10T21:00:00+00:00
[2026-01-10T20:16:21.400+0000] {processor.py:183} INFO - Processing /opt/airflow/dags/crime_data_quality_check.py took 0.073 seconds
[2026-01-10T20:16:51.569+0000] {processor.py:161} INFO - Started process (PID=5040) to work on /opt/airflow/dags/crime_data_quality_check.py
[2026-01-10T20:16:51.570+0000] {processor.py:830} INFO - Processing file /opt/airflow/dags/crime_data_quality_check.py for tasks to queue
[2026-01-10T20:16:51.571+0000] {logging_mixin.py:188} INFO - [2026-01-10T20:16:51.571+0000] {dagbag.py:538} INFO - Filling up the DagBag from /opt/airflow/dags/crime_data_quality_check.py
[2026-01-10T20:16:51.584+0000] {processor.py:840} INFO - DAG(s) 'crime_data_quality_check' retrieved from /opt/airflow/dags/crime_data_quality_check.py
[2026-01-10T20:16:51.606+0000] {logging_mixin.py:188} INFO - [2026-01-10T20:16:51.606+0000] {dag.py:3033} INFO - Sync 1 DAGs
[2026-01-10T20:16:51.618+0000] {logging_mixin.py:188} INFO - [2026-01-10T20:16:51.618+0000] {dag.py:3820} INFO - Setting next_dagrun for crime_data_quality_check to 2026-01-10T20:00:00+00:00, run_after=2026-01-10T21:00:00+00:00
[2026-01-10T20:16:51.628+0000] {processor.py:183} INFO - Processing /opt/airflow/dags/crime_data_quality_check.py took 0.069 seconds
[2026-01-10T20:17:21.817+0000] {processor.py:161} INFO - Started process (PID=5042) to work on /opt/airflow/dags/crime_data_quality_check.py
[2026-01-10T20:17:21.819+0000] {processor.py:830} INFO - Processing file /opt/airflow/dags/crime_data_quality_check.py for tasks to queue
[2026-01-10T20:17:21.820+0000] {logging_mixin.py:188} INFO - [2026-01-10T20:17:21.820+0000] {dagbag.py:538} INFO - Filling up the DagBag from /opt/airflow/dags/crime_data_quality_check.py
[2026-01-10T20:17:21.840+0000] {processor.py:840} INFO - DAG(s) 'crime_data_quality_check' retrieved from /opt/airflow/dags/crime_data_quality_check.py
[2026-01-10T20:17:21.862+0000] {logging_mixin.py:188} INFO - [2026-01-10T20:17:21.862+0000] {dag.py:3033} INFO - Sync 1 DAGs
[2026-01-10T20:17:21.879+0000] {logging_mixin.py:188} INFO - [2026-01-10T20:17:21.879+0000] {dag.py:3820} INFO - Setting next_dagrun for crime_data_quality_check to 2026-01-10T20:00:00+00:00, run_after=2026-01-10T21:00:00+00:00
[2026-01-10T20:17:21.890+0000] {processor.py:183} INFO - Processing /opt/airflow/dags/crime_data_quality_check.py took 0.077 seconds
[2026-01-10T20:17:52.050+0000] {processor.py:161} INFO - Started process (PID=5044) to work on /opt/airflow/dags/crime_data_quality_check.py
[2026-01-10T20:17:52.051+0000] {processor.py:830} INFO - Processing file /opt/airflow/dags/crime_data_quality_check.py for tasks to queue
[2026-01-10T20:17:52.052+0000] {logging_mixin.py:188} INFO - [2026-01-10T20:17:52.051+0000] {dagbag.py:538} INFO - Filling up the DagBag from /opt/airflow/dags/crime_data_quality_check.py
[2026-01-10T20:17:52.075+0000] {processor.py:840} INFO - DAG(s) 'crime_data_quality_check' retrieved from /opt/airflow/dags/crime_data_quality_check.py
[2026-01-10T20:17:52.112+0000] {logging_mixin.py:188} INFO - [2026-01-10T20:17:52.112+0000] {dag.py:3033} INFO - Sync 1 DAGs
[2026-01-10T20:17:52.136+0000] {logging_mixin.py:188} INFO - [2026-01-10T20:17:52.136+0000] {dag.py:3820} INFO - Setting next_dagrun for crime_data_quality_check to 2026-01-10T20:00:00+00:00, run_after=2026-01-10T21:00:00+00:00
[2026-01-10T20:17:52.151+0000] {processor.py:183} INFO - Processing /opt/airflow/dags/crime_data_quality_check.py took 0.104 seconds
[2026-01-10T20:18:22.446+0000] {processor.py:161} INFO - Started process (PID=5046) to work on /opt/airflow/dags/crime_data_quality_check.py
[2026-01-10T20:18:22.448+0000] {processor.py:830} INFO - Processing file /opt/airflow/dags/crime_data_quality_check.py for tasks to queue
[2026-01-10T20:18:22.449+0000] {logging_mixin.py:188} INFO - [2026-01-10T20:18:22.449+0000] {dagbag.py:538} INFO - Filling up the DagBag from /opt/airflow/dags/crime_data_quality_check.py
[2026-01-10T20:18:22.467+0000] {processor.py:840} INFO - DAG(s) 'crime_data_quality_check' retrieved from /opt/airflow/dags/crime_data_quality_check.py
[2026-01-10T20:18:22.487+0000] {logging_mixin.py:188} INFO - [2026-01-10T20:18:22.487+0000] {dag.py:3033} INFO - Sync 1 DAGs
[2026-01-10T20:18:22.508+0000] {logging_mixin.py:188} INFO - [2026-01-10T20:18:22.508+0000] {dag.py:3820} INFO - Setting next_dagrun for crime_data_quality_check to 2026-01-10T20:00:00+00:00, run_after=2026-01-10T21:00:00+00:00
[2026-01-10T20:18:22.522+0000] {processor.py:183} INFO - Processing /opt/airflow/dags/crime_data_quality_check.py took 0.078 seconds
[2026-01-10T20:18:52.688+0000] {processor.py:161} INFO - Started process (PID=5048) to work on /opt/airflow/dags/crime_data_quality_check.py
[2026-01-10T20:18:52.689+0000] {processor.py:830} INFO - Processing file /opt/airflow/dags/crime_data_quality_check.py for tasks to queue
[2026-01-10T20:18:52.690+0000] {logging_mixin.py:188} INFO - [2026-01-10T20:18:52.690+0000] {dagbag.py:538} INFO - Filling up the DagBag from /opt/airflow/dags/crime_data_quality_check.py
[2026-01-10T20:18:52.706+0000] {processor.py:840} INFO - DAG(s) 'crime_data_quality_check' retrieved from /opt/airflow/dags/crime_data_quality_check.py
[2026-01-10T20:18:52.724+0000] {logging_mixin.py:188} INFO - [2026-01-10T20:18:52.724+0000] {dag.py:3033} INFO - Sync 1 DAGs
[2026-01-10T20:18:52.739+0000] {logging_mixin.py:188} INFO - [2026-01-10T20:18:52.739+0000] {dag.py:3820} INFO - Setting next_dagrun for crime_data_quality_check to 2026-01-10T20:00:00+00:00, run_after=2026-01-10T21:00:00+00:00
[2026-01-10T20:18:52.750+0000] {processor.py:183} INFO - Processing /opt/airflow/dags/crime_data_quality_check.py took 0.065 seconds
[2026-01-10T20:19:22.954+0000] {processor.py:161} INFO - Started process (PID=5050) to work on /opt/airflow/dags/crime_data_quality_check.py
[2026-01-10T20:19:22.954+0000] {processor.py:830} INFO - Processing file /opt/airflow/dags/crime_data_quality_check.py for tasks to queue
[2026-01-10T20:19:22.956+0000] {logging_mixin.py:188} INFO - [2026-01-10T20:19:22.955+0000] {dagbag.py:538} INFO - Filling up the DagBag from /opt/airflow/dags/crime_data_quality_check.py
[2026-01-10T20:19:22.973+0000] {processor.py:840} INFO - DAG(s) 'crime_data_quality_check' retrieved from /opt/airflow/dags/crime_data_quality_check.py
[2026-01-10T20:19:22.994+0000] {logging_mixin.py:188} INFO - [2026-01-10T20:19:22.994+0000] {dag.py:3033} INFO - Sync 1 DAGs
[2026-01-10T20:19:23.009+0000] {logging_mixin.py:188} INFO - [2026-01-10T20:19:23.009+0000] {dag.py:3820} INFO - Setting next_dagrun for crime_data_quality_check to 2026-01-10T20:00:00+00:00, run_after=2026-01-10T21:00:00+00:00
[2026-01-10T20:19:23.021+0000] {processor.py:183} INFO - Processing /opt/airflow/dags/crime_data_quality_check.py took 0.073 seconds
[2026-01-10T20:19:53.201+0000] {processor.py:161} INFO - Started process (PID=5052) to work on /opt/airflow/dags/crime_data_quality_check.py
[2026-01-10T20:19:53.202+0000] {processor.py:830} INFO - Processing file /opt/airflow/dags/crime_data_quality_check.py for tasks to queue
[2026-01-10T20:19:53.204+0000] {logging_mixin.py:188} INFO - [2026-01-10T20:19:53.203+0000] {dagbag.py:538} INFO - Filling up the DagBag from /opt/airflow/dags/crime_data_quality_check.py
[2026-01-10T20:19:53.227+0000] {processor.py:840} INFO - DAG(s) 'crime_data_quality_check' retrieved from /opt/airflow/dags/crime_data_quality_check.py
[2026-01-10T20:19:53.258+0000] {logging_mixin.py:188} INFO - [2026-01-10T20:19:53.258+0000] {dag.py:3033} INFO - Sync 1 DAGs
[2026-01-10T20:19:53.279+0000] {logging_mixin.py:188} INFO - [2026-01-10T20:19:53.279+0000] {dag.py:3820} INFO - Setting next_dagrun for crime_data_quality_check to 2026-01-10T20:00:00+00:00, run_after=2026-01-10T21:00:00+00:00
[2026-01-10T20:19:53.292+0000] {processor.py:183} INFO - Processing /opt/airflow/dags/crime_data_quality_check.py took 0.094 seconds
[2026-01-10T20:20:23.523+0000] {processor.py:161} INFO - Started process (PID=5054) to work on /opt/airflow/dags/crime_data_quality_check.py
[2026-01-10T20:20:23.524+0000] {processor.py:830} INFO - Processing file /opt/airflow/dags/crime_data_quality_check.py for tasks to queue
[2026-01-10T20:20:23.526+0000] {logging_mixin.py:188} INFO - [2026-01-10T20:20:23.526+0000] {dagbag.py:538} INFO - Filling up the DagBag from /opt/airflow/dags/crime_data_quality_check.py
[2026-01-10T20:20:23.542+0000] {processor.py:840} INFO - DAG(s) 'crime_data_quality_check' retrieved from /opt/airflow/dags/crime_data_quality_check.py
[2026-01-10T20:20:23.559+0000] {logging_mixin.py:188} INFO - [2026-01-10T20:20:23.559+0000] {dag.py:3033} INFO - Sync 1 DAGs
[2026-01-10T20:20:23.570+0000] {logging_mixin.py:188} INFO - [2026-01-10T20:20:23.570+0000] {dag.py:3820} INFO - Setting next_dagrun for crime_data_quality_check to 2026-01-10T20:00:00+00:00, run_after=2026-01-10T21:00:00+00:00
[2026-01-10T20:20:23.582+0000] {processor.py:183} INFO - Processing /opt/airflow/dags/crime_data_quality_check.py took 0.061 seconds
[2026-01-10T20:20:53.845+0000] {processor.py:161} INFO - Started process (PID=5056) to work on /opt/airflow/dags/crime_data_quality_check.py
[2026-01-10T20:20:53.846+0000] {processor.py:830} INFO - Processing file /opt/airflow/dags/crime_data_quality_check.py for tasks to queue
[2026-01-10T20:20:53.847+0000] {logging_mixin.py:188} INFO - [2026-01-10T20:20:53.847+0000] {dagbag.py:538} INFO - Filling up the DagBag from /opt/airflow/dags/crime_data_quality_check.py
[2026-01-10T20:20:53.865+0000] {processor.py:840} INFO - DAG(s) 'crime_data_quality_check' retrieved from /opt/airflow/dags/crime_data_quality_check.py
[2026-01-10T20:20:53.889+0000] {logging_mixin.py:188} INFO - [2026-01-10T20:20:53.889+0000] {dag.py:3033} INFO - Sync 1 DAGs
[2026-01-10T20:20:53.902+0000] {logging_mixin.py:188} INFO - [2026-01-10T20:20:53.902+0000] {dag.py:3820} INFO - Setting next_dagrun for crime_data_quality_check to 2026-01-10T20:00:00+00:00, run_after=2026-01-10T21:00:00+00:00
[2026-01-10T20:20:53.913+0000] {processor.py:183} INFO - Processing /opt/airflow/dags/crime_data_quality_check.py took 0.072 seconds
[2026-01-10T20:21:24.181+0000] {processor.py:161} INFO - Started process (PID=5058) to work on /opt/airflow/dags/crime_data_quality_check.py
[2026-01-10T20:21:24.182+0000] {processor.py:830} INFO - Processing file /opt/airflow/dags/crime_data_quality_check.py for tasks to queue
[2026-01-10T20:21:24.184+0000] {logging_mixin.py:188} INFO - [2026-01-10T20:21:24.184+0000] {dagbag.py:538} INFO - Filling up the DagBag from /opt/airflow/dags/crime_data_quality_check.py
[2026-01-10T20:21:24.202+0000] {processor.py:840} INFO - DAG(s) 'crime_data_quality_check' retrieved from /opt/airflow/dags/crime_data_quality_check.py
[2026-01-10T20:21:24.225+0000] {logging_mixin.py:188} INFO - [2026-01-10T20:21:24.225+0000] {dag.py:3033} INFO - Sync 1 DAGs
[2026-01-10T20:21:24.241+0000] {logging_mixin.py:188} INFO - [2026-01-10T20:21:24.241+0000] {dag.py:3820} INFO - Setting next_dagrun for crime_data_quality_check to 2026-01-10T20:00:00+00:00, run_after=2026-01-10T21:00:00+00:00
[2026-01-10T20:21:24.254+0000] {processor.py:183} INFO - Processing /opt/airflow/dags/crime_data_quality_check.py took 0.076 seconds
[2026-01-10T20:21:54.413+0000] {processor.py:161} INFO - Started process (PID=5060) to work on /opt/airflow/dags/crime_data_quality_check.py
[2026-01-10T20:21:54.413+0000] {processor.py:830} INFO - Processing file /opt/airflow/dags/crime_data_quality_check.py for tasks to queue
[2026-01-10T20:21:54.414+0000] {logging_mixin.py:188} INFO - [2026-01-10T20:21:54.414+0000] {dagbag.py:538} INFO - Filling up the DagBag from /opt/airflow/dags/crime_data_quality_check.py
[2026-01-10T20:21:54.428+0000] {processor.py:840} INFO - DAG(s) 'crime_data_quality_check' retrieved from /opt/airflow/dags/crime_data_quality_check.py
[2026-01-10T20:21:54.439+0000] {logging_mixin.py:188} INFO - [2026-01-10T20:21:54.439+0000] {dag.py:3033} INFO - Sync 1 DAGs
[2026-01-10T20:21:54.452+0000] {logging_mixin.py:188} INFO - [2026-01-10T20:21:54.452+0000] {dag.py:3820} INFO - Setting next_dagrun for crime_data_quality_check to 2026-01-10T20:00:00+00:00, run_after=2026-01-10T21:00:00+00:00
[2026-01-10T20:21:54.461+0000] {processor.py:183} INFO - Processing /opt/airflow/dags/crime_data_quality_check.py took 0.051 seconds
[2026-01-10T20:22:24.839+0000] {processor.py:161} INFO - Started process (PID=5062) to work on /opt/airflow/dags/crime_data_quality_check.py
[2026-01-10T20:22:24.840+0000] {processor.py:830} INFO - Processing file /opt/airflow/dags/crime_data_quality_check.py for tasks to queue
[2026-01-10T20:22:24.841+0000] {logging_mixin.py:188} INFO - [2026-01-10T20:22:24.841+0000] {dagbag.py:538} INFO - Filling up the DagBag from /opt/airflow/dags/crime_data_quality_check.py
[2026-01-10T20:22:24.864+0000] {processor.py:840} INFO - DAG(s) 'crime_data_quality_check' retrieved from /opt/airflow/dags/crime_data_quality_check.py
[2026-01-10T20:22:24.888+0000] {logging_mixin.py:188} INFO - [2026-01-10T20:22:24.888+0000] {dag.py:3033} INFO - Sync 1 DAGs
[2026-01-10T20:22:24.906+0000] {logging_mixin.py:188} INFO - [2026-01-10T20:22:24.906+0000] {dag.py:3820} INFO - Setting next_dagrun for crime_data_quality_check to 2026-01-10T20:00:00+00:00, run_after=2026-01-10T21:00:00+00:00
[2026-01-10T20:22:24.921+0000] {processor.py:183} INFO - Processing /opt/airflow/dags/crime_data_quality_check.py took 0.086 seconds
[2026-01-10T20:22:55.167+0000] {processor.py:161} INFO - Started process (PID=5064) to work on /opt/airflow/dags/crime_data_quality_check.py
[2026-01-10T20:22:55.167+0000] {processor.py:830} INFO - Processing file /opt/airflow/dags/crime_data_quality_check.py for tasks to queue
[2026-01-10T20:22:55.168+0000] {logging_mixin.py:188} INFO - [2026-01-10T20:22:55.168+0000] {dagbag.py:538} INFO - Filling up the DagBag from /opt/airflow/dags/crime_data_quality_check.py
[2026-01-10T20:22:55.179+0000] {processor.py:840} INFO - DAG(s) 'crime_data_quality_check' retrieved from /opt/airflow/dags/crime_data_quality_check.py
[2026-01-10T20:22:55.195+0000] {logging_mixin.py:188} INFO - [2026-01-10T20:22:55.194+0000] {dag.py:3033} INFO - Sync 1 DAGs
[2026-01-10T20:22:55.208+0000] {logging_mixin.py:188} INFO - [2026-01-10T20:22:55.208+0000] {dag.py:3820} INFO - Setting next_dagrun for crime_data_quality_check to 2026-01-10T20:00:00+00:00, run_after=2026-01-10T21:00:00+00:00
[2026-01-10T20:22:55.218+0000] {processor.py:183} INFO - Processing /opt/airflow/dags/crime_data_quality_check.py took 0.053 seconds
[2026-01-10T20:23:25.473+0000] {processor.py:161} INFO - Started process (PID=5066) to work on /opt/airflow/dags/crime_data_quality_check.py
[2026-01-10T20:23:25.474+0000] {processor.py:830} INFO - Processing file /opt/airflow/dags/crime_data_quality_check.py for tasks to queue
[2026-01-10T20:23:25.476+0000] {logging_mixin.py:188} INFO - [2026-01-10T20:23:25.476+0000] {dagbag.py:538} INFO - Filling up the DagBag from /opt/airflow/dags/crime_data_quality_check.py
[2026-01-10T20:23:25.489+0000] {processor.py:840} INFO - DAG(s) 'crime_data_quality_check' retrieved from /opt/airflow/dags/crime_data_quality_check.py
[2026-01-10T20:23:25.508+0000] {logging_mixin.py:188} INFO - [2026-01-10T20:23:25.508+0000] {dag.py:3033} INFO - Sync 1 DAGs
[2026-01-10T20:23:25.523+0000] {logging_mixin.py:188} INFO - [2026-01-10T20:23:25.523+0000] {dag.py:3820} INFO - Setting next_dagrun for crime_data_quality_check to 2026-01-10T20:00:00+00:00, run_after=2026-01-10T21:00:00+00:00
[2026-01-10T20:23:25.533+0000] {processor.py:183} INFO - Processing /opt/airflow/dags/crime_data_quality_check.py took 0.063 seconds
[2026-01-10T20:24:54.693+0000] {processor.py:161} INFO - Started process (PID=5068) to work on /opt/airflow/dags/crime_data_quality_check.py
[2026-01-10T20:24:54.697+0000] {processor.py:830} INFO - Processing file /opt/airflow/dags/crime_data_quality_check.py for tasks to queue
[2026-01-10T20:24:54.702+0000] {logging_mixin.py:188} INFO - [2026-01-10T20:24:54.701+0000] {dagbag.py:538} INFO - Filling up the DagBag from /opt/airflow/dags/crime_data_quality_check.py
[2026-01-10T20:24:54.722+0000] {processor.py:840} INFO - DAG(s) 'crime_data_quality_check' retrieved from /opt/airflow/dags/crime_data_quality_check.py
[2026-01-10T20:24:54.746+0000] {logging_mixin.py:188} INFO - [2026-01-10T20:24:54.745+0000] {dag.py:3033} INFO - Sync 1 DAGs
[2026-01-10T20:24:54.769+0000] {logging_mixin.py:188} INFO - [2026-01-10T20:24:54.769+0000] {dag.py:3820} INFO - Setting next_dagrun for crime_data_quality_check to 2026-01-10T20:00:00+00:00, run_after=2026-01-10T21:00:00+00:00
[2026-01-10T20:24:54.786+0000] {processor.py:183} INFO - Processing /opt/airflow/dags/crime_data_quality_check.py took 0.097 seconds
[2026-01-10T20:44:03.244+0000] {processor.py:161} INFO - Started process (PID=5072) to work on /opt/airflow/dags/crime_data_quality_check.py
[2026-01-10T20:44:03.248+0000] {processor.py:830} INFO - Processing file /opt/airflow/dags/crime_data_quality_check.py for tasks to queue
[2026-01-10T20:44:03.251+0000] {logging_mixin.py:188} INFO - [2026-01-10T20:44:03.250+0000] {dagbag.py:538} INFO - Filling up the DagBag from /opt/airflow/dags/crime_data_quality_check.py
[2026-01-10T20:44:03.279+0000] {processor.py:840} INFO - DAG(s) 'crime_data_quality_check' retrieved from /opt/airflow/dags/crime_data_quality_check.py
[2026-01-10T20:44:03.317+0000] {logging_mixin.py:188} INFO - [2026-01-10T20:44:03.317+0000] {dag.py:3033} INFO - Sync 1 DAGs
[2026-01-10T20:44:03.355+0000] {logging_mixin.py:188} INFO - [2026-01-10T20:44:03.354+0000] {dag.py:3820} INFO - Setting next_dagrun for crime_data_quality_check to 2026-01-10T20:00:00+00:00, run_after=2026-01-10T21:00:00+00:00
[2026-01-10T20:44:03.395+0000] {processor.py:183} INFO - Processing /opt/airflow/dags/crime_data_quality_check.py took 0.162 seconds
[2026-01-10T20:44:33.525+0000] {processor.py:161} INFO - Started process (PID=5074) to work on /opt/airflow/dags/crime_data_quality_check.py
[2026-01-10T20:44:33.526+0000] {processor.py:830} INFO - Processing file /opt/airflow/dags/crime_data_quality_check.py for tasks to queue
[2026-01-10T20:44:33.531+0000] {logging_mixin.py:188} INFO - [2026-01-10T20:44:33.531+0000] {dagbag.py:538} INFO - Filling up the DagBag from /opt/airflow/dags/crime_data_quality_check.py
[2026-01-10T20:44:33.542+0000] {processor.py:840} INFO - DAG(s) 'crime_data_quality_check' retrieved from /opt/airflow/dags/crime_data_quality_check.py
[2026-01-10T20:44:33.564+0000] {logging_mixin.py:188} INFO - [2026-01-10T20:44:33.564+0000] {dag.py:3033} INFO - Sync 1 DAGs
[2026-01-10T20:44:33.578+0000] {logging_mixin.py:188} INFO - [2026-01-10T20:44:33.577+0000] {dag.py:3820} INFO - Setting next_dagrun for crime_data_quality_check to 2026-01-10T20:00:00+00:00, run_after=2026-01-10T21:00:00+00:00
[2026-01-10T20:44:33.589+0000] {processor.py:183} INFO - Processing /opt/airflow/dags/crime_data_quality_check.py took 0.067 seconds
[2026-01-10T20:45:03.804+0000] {processor.py:161} INFO - Started process (PID=5076) to work on /opt/airflow/dags/crime_data_quality_check.py
[2026-01-10T20:45:03.805+0000] {processor.py:830} INFO - Processing file /opt/airflow/dags/crime_data_quality_check.py for tasks to queue
[2026-01-10T20:45:03.806+0000] {logging_mixin.py:188} INFO - [2026-01-10T20:45:03.806+0000] {dagbag.py:538} INFO - Filling up the DagBag from /opt/airflow/dags/crime_data_quality_check.py
[2026-01-10T20:45:03.824+0000] {processor.py:840} INFO - DAG(s) 'crime_data_quality_check' retrieved from /opt/airflow/dags/crime_data_quality_check.py
[2026-01-10T20:45:03.844+0000] {logging_mixin.py:188} INFO - [2026-01-10T20:45:03.844+0000] {dag.py:3033} INFO - Sync 1 DAGs
[2026-01-10T20:45:03.858+0000] {logging_mixin.py:188} INFO - [2026-01-10T20:45:03.858+0000] {dag.py:3820} INFO - Setting next_dagrun for crime_data_quality_check to 2026-01-10T20:00:00+00:00, run_after=2026-01-10T21:00:00+00:00
[2026-01-10T20:45:03.869+0000] {processor.py:183} INFO - Processing /opt/airflow/dags/crime_data_quality_check.py took 0.067 seconds
[2026-01-10T20:45:34.048+0000] {processor.py:161} INFO - Started process (PID=5078) to work on /opt/airflow/dags/crime_data_quality_check.py
[2026-01-10T20:45:34.049+0000] {processor.py:830} INFO - Processing file /opt/airflow/dags/crime_data_quality_check.py for tasks to queue
[2026-01-10T20:45:34.050+0000] {logging_mixin.py:188} INFO - [2026-01-10T20:45:34.050+0000] {dagbag.py:538} INFO - Filling up the DagBag from /opt/airflow/dags/crime_data_quality_check.py
[2026-01-10T20:45:34.067+0000] {processor.py:840} INFO - DAG(s) 'crime_data_quality_check' retrieved from /opt/airflow/dags/crime_data_quality_check.py
[2026-01-10T20:45:34.091+0000] {logging_mixin.py:188} INFO - [2026-01-10T20:45:34.091+0000] {dag.py:3033} INFO - Sync 1 DAGs
[2026-01-10T20:45:34.104+0000] {logging_mixin.py:188} INFO - [2026-01-10T20:45:34.104+0000] {dag.py:3820} INFO - Setting next_dagrun for crime_data_quality_check to 2026-01-10T20:00:00+00:00, run_after=2026-01-10T21:00:00+00:00
[2026-01-10T20:45:34.111+0000] {processor.py:183} INFO - Processing /opt/airflow/dags/crime_data_quality_check.py took 0.067 seconds
[2026-01-10T20:46:04.384+0000] {processor.py:161} INFO - Started process (PID=5080) to work on /opt/airflow/dags/crime_data_quality_check.py
[2026-01-10T20:46:04.385+0000] {processor.py:830} INFO - Processing file /opt/airflow/dags/crime_data_quality_check.py for tasks to queue
[2026-01-10T20:46:04.386+0000] {logging_mixin.py:188} INFO - [2026-01-10T20:46:04.386+0000] {dagbag.py:538} INFO - Filling up the DagBag from /opt/airflow/dags/crime_data_quality_check.py
[2026-01-10T20:46:04.398+0000] {processor.py:840} INFO - DAG(s) 'crime_data_quality_check' retrieved from /opt/airflow/dags/crime_data_quality_check.py
[2026-01-10T20:46:04.413+0000] {logging_mixin.py:188} INFO - [2026-01-10T20:46:04.412+0000] {dag.py:3033} INFO - Sync 1 DAGs
[2026-01-10T20:46:04.427+0000] {logging_mixin.py:188} INFO - [2026-01-10T20:46:04.427+0000] {dag.py:3820} INFO - Setting next_dagrun for crime_data_quality_check to 2026-01-10T20:00:00+00:00, run_after=2026-01-10T21:00:00+00:00
[2026-01-10T20:46:04.439+0000] {processor.py:183} INFO - Processing /opt/airflow/dags/crime_data_quality_check.py took 0.057 seconds
[2026-01-10T20:46:34.703+0000] {processor.py:161} INFO - Started process (PID=5082) to work on /opt/airflow/dags/crime_data_quality_check.py
[2026-01-10T20:46:34.704+0000] {processor.py:830} INFO - Processing file /opt/airflow/dags/crime_data_quality_check.py for tasks to queue
[2026-01-10T20:46:34.708+0000] {logging_mixin.py:188} INFO - [2026-01-10T20:46:34.708+0000] {dagbag.py:538} INFO - Filling up the DagBag from /opt/airflow/dags/crime_data_quality_check.py
[2026-01-10T20:46:34.716+0000] {processor.py:840} INFO - DAG(s) 'crime_data_quality_check' retrieved from /opt/airflow/dags/crime_data_quality_check.py
[2026-01-10T20:46:34.732+0000] {logging_mixin.py:188} INFO - [2026-01-10T20:46:34.732+0000] {dag.py:3033} INFO - Sync 1 DAGs
[2026-01-10T20:46:34.743+0000] {logging_mixin.py:188} INFO - [2026-01-10T20:46:34.743+0000] {dag.py:3820} INFO - Setting next_dagrun for crime_data_quality_check to 2026-01-10T20:00:00+00:00, run_after=2026-01-10T21:00:00+00:00
[2026-01-10T20:46:34.751+0000] {processor.py:183} INFO - Processing /opt/airflow/dags/crime_data_quality_check.py took 0.051 seconds
[2026-01-10T21:02:58.273+0000] {processor.py:161} INFO - Started process (PID=5087) to work on /opt/airflow/dags/crime_data_quality_check.py
[2026-01-10T21:02:58.275+0000] {processor.py:830} INFO - Processing file /opt/airflow/dags/crime_data_quality_check.py for tasks to queue
[2026-01-10T21:02:58.276+0000] {logging_mixin.py:188} INFO - [2026-01-10T21:02:58.275+0000] {dagbag.py:538} INFO - Filling up the DagBag from /opt/airflow/dags/crime_data_quality_check.py
[2026-01-10T21:02:58.298+0000] {processor.py:840} INFO - DAG(s) 'crime_data_quality_check' retrieved from /opt/airflow/dags/crime_data_quality_check.py
[2026-01-10T21:02:58.336+0000] {logging_mixin.py:188} INFO - [2026-01-10T21:02:58.336+0000] {dag.py:3033} INFO - Sync 1 DAGs
[2026-01-10T21:02:58.372+0000] {processor.py:183} INFO - Processing /opt/airflow/dags/crime_data_quality_check.py took 0.105 seconds
[2026-01-10T21:09:47.066+0000] {processor.py:161} INFO - Started process (PID=5128) to work on /opt/airflow/dags/crime_data_quality_check.py
[2026-01-10T21:09:47.067+0000] {processor.py:830} INFO - Processing file /opt/airflow/dags/crime_data_quality_check.py for tasks to queue
[2026-01-10T21:09:47.068+0000] {logging_mixin.py:188} INFO - [2026-01-10T21:09:47.068+0000] {dagbag.py:538} INFO - Filling up the DagBag from /opt/airflow/dags/crime_data_quality_check.py
[2026-01-10T21:09:47.087+0000] {processor.py:840} INFO - DAG(s) 'crime_data_quality_check' retrieved from /opt/airflow/dags/crime_data_quality_check.py
[2026-01-10T21:09:47.133+0000] {logging_mixin.py:188} INFO - [2026-01-10T21:09:47.133+0000] {dag.py:3033} INFO - Sync 1 DAGs
[2026-01-10T21:09:47.163+0000] {logging_mixin.py:188} INFO - [2026-01-10T21:09:47.163+0000] {dag.py:3820} INFO - Setting next_dagrun for crime_data_quality_check to 2026-01-10T21:00:00+00:00, run_after=2026-01-10T22:00:00+00:00
[2026-01-10T21:09:47.193+0000] {processor.py:183} INFO - Processing /opt/airflow/dags/crime_data_quality_check.py took 0.131 seconds
[2026-01-10T22:14:09.437+0000] {processor.py:161} INFO - Started process (PID=5130) to work on /opt/airflow/dags/crime_data_quality_check.py
[2026-01-10T22:14:09.439+0000] {processor.py:830} INFO - Processing file /opt/airflow/dags/crime_data_quality_check.py for tasks to queue
[2026-01-10T22:14:09.440+0000] {logging_mixin.py:188} INFO - [2026-01-10T22:14:09.440+0000] {dagbag.py:538} INFO - Filling up the DagBag from /opt/airflow/dags/crime_data_quality_check.py
[2026-01-10T22:14:09.465+0000] {processor.py:840} INFO - DAG(s) 'crime_data_quality_check' retrieved from /opt/airflow/dags/crime_data_quality_check.py
[2026-01-10T22:14:09.497+0000] {logging_mixin.py:188} INFO - [2026-01-10T22:14:09.497+0000] {dag.py:3033} INFO - Sync 1 DAGs
[2026-01-10T22:14:09.539+0000] {processor.py:183} INFO - Processing /opt/airflow/dags/crime_data_quality_check.py took 0.106 seconds
[2026-01-10T22:24:30.129+0000] {processor.py:161} INFO - Started process (PID=5172) to work on /opt/airflow/dags/crime_data_quality_check.py
[2026-01-10T22:24:30.130+0000] {processor.py:830} INFO - Processing file /opt/airflow/dags/crime_data_quality_check.py for tasks to queue
[2026-01-10T22:24:30.131+0000] {logging_mixin.py:188} INFO - [2026-01-10T22:24:30.131+0000] {dagbag.py:538} INFO - Filling up the DagBag from /opt/airflow/dags/crime_data_quality_check.py
[2026-01-10T22:24:30.156+0000] {processor.py:840} INFO - DAG(s) 'crime_data_quality_check' retrieved from /opt/airflow/dags/crime_data_quality_check.py
[2026-01-10T22:24:30.192+0000] {logging_mixin.py:188} INFO - [2026-01-10T22:24:30.192+0000] {dag.py:3033} INFO - Sync 1 DAGs
[2026-01-10T22:24:30.228+0000] {logging_mixin.py:188} INFO - [2026-01-10T22:24:30.228+0000] {dag.py:3820} INFO - Setting next_dagrun for crime_data_quality_check to 2026-01-10T22:00:00+00:00, run_after=2026-01-10T23:00:00+00:00
[2026-01-10T22:24:30.247+0000] {processor.py:183} INFO - Processing /opt/airflow/dags/crime_data_quality_check.py took 0.120 seconds
[2026-01-10T23:25:36.981+0000] {processor.py:161} INFO - Started process (PID=5175) to work on /opt/airflow/dags/crime_data_quality_check.py
[2026-01-10T23:25:36.984+0000] {processor.py:830} INFO - Processing file /opt/airflow/dags/crime_data_quality_check.py for tasks to queue
[2026-01-10T23:25:36.985+0000] {logging_mixin.py:188} INFO - [2026-01-10T23:25:36.985+0000] {dagbag.py:538} INFO - Filling up the DagBag from /opt/airflow/dags/crime_data_quality_check.py
[2026-01-10T23:25:37.009+0000] {processor.py:840} INFO - DAG(s) 'crime_data_quality_check' retrieved from /opt/airflow/dags/crime_data_quality_check.py
[2026-01-10T23:25:37.039+0000] {logging_mixin.py:188} INFO - [2026-01-10T23:25:37.039+0000] {dag.py:3033} INFO - Sync 1 DAGs
[2026-01-10T23:25:37.077+0000] {processor.py:183} INFO - Processing /opt/airflow/dags/crime_data_quality_check.py took 0.100 seconds
[2026-01-10T23:42:19.794+0000] {processor.py:161} INFO - Started process (PID=5218) to work on /opt/airflow/dags/crime_data_quality_check.py
[2026-01-10T23:42:19.795+0000] {processor.py:830} INFO - Processing file /opt/airflow/dags/crime_data_quality_check.py for tasks to queue
[2026-01-10T23:42:19.796+0000] {logging_mixin.py:188} INFO - [2026-01-10T23:42:19.795+0000] {dagbag.py:538} INFO - Filling up the DagBag from /opt/airflow/dags/crime_data_quality_check.py
[2026-01-10T23:42:19.818+0000] {processor.py:840} INFO - DAG(s) 'crime_data_quality_check' retrieved from /opt/airflow/dags/crime_data_quality_check.py
[2026-01-10T23:42:19.849+0000] {logging_mixin.py:188} INFO - [2026-01-10T23:42:19.849+0000] {dag.py:3033} INFO - Sync 1 DAGs
[2026-01-10T23:42:19.869+0000] {logging_mixin.py:188} INFO - [2026-01-10T23:42:19.869+0000] {dag.py:3820} INFO - Setting next_dagrun for crime_data_quality_check to 2026-01-10T23:00:00+00:00, run_after=2026-01-11T00:00:00+00:00
[2026-01-10T23:42:19.884+0000] {processor.py:183} INFO - Processing /opt/airflow/dags/crime_data_quality_check.py took 0.092 seconds
[2026-01-10T23:44:45.324+0000] {processor.py:161} INFO - Started process (PID=5220) to work on /opt/airflow/dags/crime_data_quality_check.py
[2026-01-10T23:44:45.325+0000] {processor.py:830} INFO - Processing file /opt/airflow/dags/crime_data_quality_check.py for tasks to queue
[2026-01-10T23:44:45.327+0000] {logging_mixin.py:188} INFO - [2026-01-10T23:44:45.327+0000] {dagbag.py:538} INFO - Filling up the DagBag from /opt/airflow/dags/crime_data_quality_check.py
[2026-01-10T23:44:45.372+0000] {processor.py:840} INFO - DAG(s) 'crime_data_quality_check' retrieved from /opt/airflow/dags/crime_data_quality_check.py
[2026-01-10T23:44:45.434+0000] {logging_mixin.py:188} INFO - [2026-01-10T23:44:45.433+0000] {dag.py:3033} INFO - Sync 1 DAGs
[2026-01-10T23:44:45.478+0000] {logging_mixin.py:188} INFO - [2026-01-10T23:44:45.476+0000] {dag.py:3820} INFO - Setting next_dagrun for crime_data_quality_check to 2026-01-10T23:00:00+00:00, run_after=2026-01-11T00:00:00+00:00
[2026-01-10T23:44:45.509+0000] {processor.py:183} INFO - Processing /opt/airflow/dags/crime_data_quality_check.py took 0.189 seconds
