[2026-01-10T00:16:21.360+0000] {processor.py:161} INFO - Started process (PID=4057) to work on /opt/airflow/dags/crime_analysis_pipeline.py
[2026-01-10T00:16:21.361+0000] {processor.py:830} INFO - Processing file /opt/airflow/dags/crime_analysis_pipeline.py for tasks to queue
[2026-01-10T00:16:21.363+0000] {logging_mixin.py:188} INFO - [2026-01-10T00:16:21.362+0000] {dagbag.py:538} INFO - Filling up the DagBag from /opt/airflow/dags/crime_analysis_pipeline.py
[2026-01-10T00:16:21.391+0000] {processor.py:840} INFO - DAG(s) 'crime_analysis_pipeline' retrieved from /opt/airflow/dags/crime_analysis_pipeline.py
[2026-01-10T00:16:21.562+0000] {logging_mixin.py:188} INFO - [2026-01-10T00:16:21.562+0000] {dag.py:3033} INFO - Sync 1 DAGs
[2026-01-10T00:16:21.591+0000] {logging_mixin.py:188} INFO - [2026-01-10T00:16:21.590+0000] {dag.py:3820} INFO - Setting next_dagrun for crime_analysis_pipeline to 2026-01-09T15:00:00+00:00, run_after=2026-01-10T15:00:00+00:00
[2026-01-10T00:16:21.636+0000] {processor.py:183} INFO - Processing /opt/airflow/dags/crime_analysis_pipeline.py took 0.279 seconds
[2026-01-10T01:08:55.368+0000] {processor.py:161} INFO - Started process (PID=4097) to work on /opt/airflow/dags/crime_analysis_pipeline.py
[2026-01-10T01:08:55.369+0000] {processor.py:830} INFO - Processing file /opt/airflow/dags/crime_analysis_pipeline.py for tasks to queue
[2026-01-10T01:08:55.370+0000] {logging_mixin.py:188} INFO - [2026-01-10T01:08:55.370+0000] {dagbag.py:538} INFO - Filling up the DagBag from /opt/airflow/dags/crime_analysis_pipeline.py
[2026-01-10T01:08:55.401+0000] {processor.py:840} INFO - DAG(s) 'crime_analysis_pipeline' retrieved from /opt/airflow/dags/crime_analysis_pipeline.py
[2026-01-10T01:08:55.435+0000] {logging_mixin.py:188} INFO - [2026-01-10T01:08:55.435+0000] {dag.py:3033} INFO - Sync 1 DAGs
[2026-01-10T01:08:55.457+0000] {logging_mixin.py:188} INFO - [2026-01-10T01:08:55.457+0000] {dag.py:3820} INFO - Setting next_dagrun for crime_analysis_pipeline to 2026-01-09T15:00:00+00:00, run_after=2026-01-10T15:00:00+00:00
[2026-01-10T01:08:55.473+0000] {processor.py:183} INFO - Processing /opt/airflow/dags/crime_analysis_pipeline.py took 0.112 seconds
[2026-01-10T01:51:06.469+0000] {processor.py:161} INFO - Started process (PID=4139) to work on /opt/airflow/dags/crime_analysis_pipeline.py
[2026-01-10T01:51:06.472+0000] {processor.py:830} INFO - Processing file /opt/airflow/dags/crime_analysis_pipeline.py for tasks to queue
[2026-01-10T01:51:06.474+0000] {logging_mixin.py:188} INFO - [2026-01-10T01:51:06.473+0000] {dagbag.py:538} INFO - Filling up the DagBag from /opt/airflow/dags/crime_analysis_pipeline.py
[2026-01-10T01:51:06.496+0000] {processor.py:840} INFO - DAG(s) 'crime_analysis_pipeline' retrieved from /opt/airflow/dags/crime_analysis_pipeline.py
[2026-01-10T01:51:06.538+0000] {logging_mixin.py:188} INFO - [2026-01-10T01:51:06.538+0000] {dag.py:3033} INFO - Sync 1 DAGs
[2026-01-10T01:51:06.590+0000] {logging_mixin.py:188} INFO - [2026-01-10T01:51:06.590+0000] {dag.py:3820} INFO - Setting next_dagrun for crime_analysis_pipeline to 2026-01-09T15:00:00+00:00, run_after=2026-01-10T15:00:00+00:00
[2026-01-10T01:51:06.628+0000] {processor.py:183} INFO - Processing /opt/airflow/dags/crime_analysis_pipeline.py took 0.163 seconds
[2026-01-10T02:34:01.954+0000] {processor.py:161} INFO - Started process (PID=4143) to work on /opt/airflow/dags/crime_analysis_pipeline.py
[2026-01-10T02:34:01.963+0000] {processor.py:830} INFO - Processing file /opt/airflow/dags/crime_analysis_pipeline.py for tasks to queue
[2026-01-10T02:34:01.978+0000] {logging_mixin.py:188} INFO - [2026-01-10T02:34:01.976+0000] {dagbag.py:538} INFO - Filling up the DagBag from /opt/airflow/dags/crime_analysis_pipeline.py
[2026-01-10T02:34:02.042+0000] {processor.py:840} INFO - DAG(s) 'crime_analysis_pipeline' retrieved from /opt/airflow/dags/crime_analysis_pipeline.py
[2026-01-10T02:34:02.130+0000] {logging_mixin.py:188} INFO - [2026-01-10T02:34:02.130+0000] {dag.py:3033} INFO - Sync 1 DAGs
[2026-01-10T02:34:02.177+0000] {logging_mixin.py:188} INFO - [2026-01-10T02:34:02.177+0000] {dag.py:3820} INFO - Setting next_dagrun for crime_analysis_pipeline to 2026-01-09T15:00:00+00:00, run_after=2026-01-10T15:00:00+00:00
[2026-01-10T02:34:02.265+0000] {processor.py:183} INFO - Processing /opt/airflow/dags/crime_analysis_pipeline.py took 0.343 seconds
[2026-01-10T03:28:06.390+0000] {processor.py:161} INFO - Started process (PID=4185) to work on /opt/airflow/dags/crime_analysis_pipeline.py
[2026-01-10T03:28:06.395+0000] {processor.py:830} INFO - Processing file /opt/airflow/dags/crime_analysis_pipeline.py for tasks to queue
[2026-01-10T03:28:06.400+0000] {logging_mixin.py:188} INFO - [2026-01-10T03:28:06.400+0000] {dagbag.py:538} INFO - Filling up the DagBag from /opt/airflow/dags/crime_analysis_pipeline.py
[2026-01-10T03:28:06.453+0000] {processor.py:840} INFO - DAG(s) 'crime_analysis_pipeline' retrieved from /opt/airflow/dags/crime_analysis_pipeline.py
[2026-01-10T03:28:06.525+0000] {logging_mixin.py:188} INFO - [2026-01-10T03:28:06.525+0000] {dag.py:3033} INFO - Sync 1 DAGs
[2026-01-10T03:28:06.571+0000] {logging_mixin.py:188} INFO - [2026-01-10T03:28:06.571+0000] {dag.py:3820} INFO - Setting next_dagrun for crime_analysis_pipeline to 2026-01-09T15:00:00+00:00, run_after=2026-01-10T15:00:00+00:00
[2026-01-10T03:28:06.627+0000] {processor.py:183} INFO - Processing /opt/airflow/dags/crime_analysis_pipeline.py took 0.240 seconds
[2026-01-10T03:55:14.829+0000] {processor.py:161} INFO - Started process (PID=4227) to work on /opt/airflow/dags/crime_analysis_pipeline.py
[2026-01-10T03:55:14.834+0000] {processor.py:830} INFO - Processing file /opt/airflow/dags/crime_analysis_pipeline.py for tasks to queue
[2026-01-10T03:55:14.840+0000] {logging_mixin.py:188} INFO - [2026-01-10T03:55:14.839+0000] {dagbag.py:538} INFO - Filling up the DagBag from /opt/airflow/dags/crime_analysis_pipeline.py
[2026-01-10T03:55:14.881+0000] {processor.py:840} INFO - DAG(s) 'crime_analysis_pipeline' retrieved from /opt/airflow/dags/crime_analysis_pipeline.py
[2026-01-10T03:55:14.941+0000] {logging_mixin.py:188} INFO - [2026-01-10T03:55:14.941+0000] {dag.py:3033} INFO - Sync 1 DAGs
[2026-01-10T03:55:14.980+0000] {logging_mixin.py:188} INFO - [2026-01-10T03:55:14.980+0000] {dag.py:3820} INFO - Setting next_dagrun for crime_analysis_pipeline to 2026-01-09T15:00:00+00:00, run_after=2026-01-10T15:00:00+00:00
[2026-01-10T03:55:15.053+0000] {processor.py:183} INFO - Processing /opt/airflow/dags/crime_analysis_pipeline.py took 0.234 seconds
[2026-01-10T04:51:25.182+0000] {processor.py:161} INFO - Started process (PID=4231) to work on /opt/airflow/dags/crime_analysis_pipeline.py
[2026-01-10T04:51:25.184+0000] {processor.py:830} INFO - Processing file /opt/airflow/dags/crime_analysis_pipeline.py for tasks to queue
[2026-01-10T04:51:25.185+0000] {logging_mixin.py:188} INFO - [2026-01-10T04:51:25.184+0000] {dagbag.py:538} INFO - Filling up the DagBag from /opt/airflow/dags/crime_analysis_pipeline.py
[2026-01-10T04:51:25.207+0000] {processor.py:840} INFO - DAG(s) 'crime_analysis_pipeline' retrieved from /opt/airflow/dags/crime_analysis_pipeline.py
[2026-01-10T04:51:25.239+0000] {logging_mixin.py:188} INFO - [2026-01-10T04:51:25.239+0000] {dag.py:3033} INFO - Sync 1 DAGs
[2026-01-10T04:51:25.263+0000] {logging_mixin.py:188} INFO - [2026-01-10T04:51:25.263+0000] {dag.py:3820} INFO - Setting next_dagrun for crime_analysis_pipeline to 2026-01-09T15:00:00+00:00, run_after=2026-01-10T15:00:00+00:00
[2026-01-10T04:51:25.303+0000] {processor.py:183} INFO - Processing /opt/airflow/dags/crime_analysis_pipeline.py took 0.126 seconds
[2026-01-10T05:54:25.745+0000] {processor.py:161} INFO - Started process (PID=4271) to work on /opt/airflow/dags/crime_analysis_pipeline.py
[2026-01-10T05:54:25.748+0000] {processor.py:830} INFO - Processing file /opt/airflow/dags/crime_analysis_pipeline.py for tasks to queue
[2026-01-10T05:54:25.749+0000] {logging_mixin.py:188} INFO - [2026-01-10T05:54:25.749+0000] {dagbag.py:538} INFO - Filling up the DagBag from /opt/airflow/dags/crime_analysis_pipeline.py
[2026-01-10T05:54:25.787+0000] {processor.py:840} INFO - DAG(s) 'crime_analysis_pipeline' retrieved from /opt/airflow/dags/crime_analysis_pipeline.py
[2026-01-10T05:54:25.854+0000] {logging_mixin.py:188} INFO - [2026-01-10T05:54:25.854+0000] {dag.py:3033} INFO - Sync 1 DAGs
[2026-01-10T05:54:25.888+0000] {logging_mixin.py:188} INFO - [2026-01-10T05:54:25.888+0000] {dag.py:3820} INFO - Setting next_dagrun for crime_analysis_pipeline to 2026-01-09T15:00:00+00:00, run_after=2026-01-10T15:00:00+00:00
[2026-01-10T05:54:25.931+0000] {processor.py:183} INFO - Processing /opt/airflow/dags/crime_analysis_pipeline.py took 0.191 seconds
[2026-01-10T07:05:11.653+0000] {processor.py:161} INFO - Started process (PID=4315) to work on /opt/airflow/dags/crime_analysis_pipeline.py
[2026-01-10T07:05:11.661+0000] {processor.py:830} INFO - Processing file /opt/airflow/dags/crime_analysis_pipeline.py for tasks to queue
[2026-01-10T07:05:11.686+0000] {logging_mixin.py:188} INFO - [2026-01-10T07:05:11.685+0000] {dagbag.py:538} INFO - Filling up the DagBag from /opt/airflow/dags/crime_analysis_pipeline.py
[2026-01-10T07:05:11.804+0000] {processor.py:840} INFO - DAG(s) 'crime_analysis_pipeline' retrieved from /opt/airflow/dags/crime_analysis_pipeline.py
[2026-01-10T07:05:11.924+0000] {logging_mixin.py:188} INFO - [2026-01-10T07:05:11.924+0000] {dag.py:3033} INFO - Sync 1 DAGs
[2026-01-10T07:05:12.038+0000] {logging_mixin.py:188} INFO - [2026-01-10T07:05:12.037+0000] {dag.py:3820} INFO - Setting next_dagrun for crime_analysis_pipeline to 2026-01-09T15:00:00+00:00, run_after=2026-01-10T15:00:00+00:00
[2026-01-10T07:05:12.160+0000] {processor.py:183} INFO - Processing /opt/airflow/dags/crime_analysis_pipeline.py took 0.542 seconds
[2026-01-10T07:38:54.242+0000] {processor.py:161} INFO - Started process (PID=4395) to work on /opt/airflow/dags/crime_analysis_pipeline.py
[2026-01-10T07:38:54.243+0000] {processor.py:830} INFO - Processing file /opt/airflow/dags/crime_analysis_pipeline.py for tasks to queue
[2026-01-10T07:38:54.245+0000] {logging_mixin.py:188} INFO - [2026-01-10T07:38:54.244+0000] {dagbag.py:538} INFO - Filling up the DagBag from /opt/airflow/dags/crime_analysis_pipeline.py
[2026-01-10T07:38:54.281+0000] {processor.py:840} INFO - DAG(s) 'crime_analysis_pipeline' retrieved from /opt/airflow/dags/crime_analysis_pipeline.py
[2026-01-10T07:38:54.378+0000] {logging_mixin.py:188} INFO - [2026-01-10T07:38:54.378+0000] {dag.py:3033} INFO - Sync 1 DAGs
[2026-01-10T07:38:54.415+0000] {logging_mixin.py:188} INFO - [2026-01-10T07:38:54.414+0000] {dag.py:3820} INFO - Setting next_dagrun for crime_analysis_pipeline to 2026-01-09T15:00:00+00:00, run_after=2026-01-10T15:00:00+00:00
[2026-01-10T07:38:54.570+0000] {processor.py:183} INFO - Processing /opt/airflow/dags/crime_analysis_pipeline.py took 0.341 seconds
[2026-01-10T08:50:54.596+0000] {processor.py:161} INFO - Started process (PID=4401) to work on /opt/airflow/dags/crime_analysis_pipeline.py
[2026-01-10T08:50:54.597+0000] {processor.py:830} INFO - Processing file /opt/airflow/dags/crime_analysis_pipeline.py for tasks to queue
[2026-01-10T08:50:54.598+0000] {logging_mixin.py:188} INFO - [2026-01-10T08:50:54.598+0000] {dagbag.py:538} INFO - Filling up the DagBag from /opt/airflow/dags/crime_analysis_pipeline.py
[2026-01-10T08:50:54.639+0000] {processor.py:840} INFO - DAG(s) 'crime_analysis_pipeline' retrieved from /opt/airflow/dags/crime_analysis_pipeline.py
[2026-01-10T08:50:54.706+0000] {logging_mixin.py:188} INFO - [2026-01-10T08:50:54.705+0000] {dag.py:3033} INFO - Sync 1 DAGs
[2026-01-10T08:50:54.744+0000] {logging_mixin.py:188} INFO - [2026-01-10T08:50:54.744+0000] {dag.py:3820} INFO - Setting next_dagrun for crime_analysis_pipeline to 2026-01-09T15:00:00+00:00, run_after=2026-01-10T15:00:00+00:00
[2026-01-10T08:50:54.782+0000] {processor.py:183} INFO - Processing /opt/airflow/dags/crime_analysis_pipeline.py took 0.191 seconds
[2026-01-10T10:13:59.287+0000] {processor.py:161} INFO - Started process (PID=4441) to work on /opt/airflow/dags/crime_analysis_pipeline.py
[2026-01-10T10:13:59.290+0000] {processor.py:830} INFO - Processing file /opt/airflow/dags/crime_analysis_pipeline.py for tasks to queue
[2026-01-10T10:13:59.295+0000] {logging_mixin.py:188} INFO - [2026-01-10T10:13:59.294+0000] {dagbag.py:538} INFO - Filling up the DagBag from /opt/airflow/dags/crime_analysis_pipeline.py
[2026-01-10T10:13:59.336+0000] {processor.py:840} INFO - DAG(s) 'crime_analysis_pipeline' retrieved from /opt/airflow/dags/crime_analysis_pipeline.py
[2026-01-10T10:13:59.375+0000] {logging_mixin.py:188} INFO - [2026-01-10T10:13:59.373+0000] {dag.py:3033} INFO - Sync 1 DAGs
[2026-01-10T10:13:59.412+0000] {logging_mixin.py:188} INFO - [2026-01-10T10:13:59.412+0000] {dag.py:3820} INFO - Setting next_dagrun for crime_analysis_pipeline to 2026-01-09T15:00:00+00:00, run_after=2026-01-10T15:00:00+00:00
[2026-01-10T10:13:59.509+0000] {processor.py:183} INFO - Processing /opt/airflow/dags/crime_analysis_pipeline.py took 0.235 seconds
[2026-01-10T11:36:30.189+0000] {processor.py:161} INFO - Started process (PID=4484) to work on /opt/airflow/dags/crime_analysis_pipeline.py
[2026-01-10T11:36:30.191+0000] {processor.py:830} INFO - Processing file /opt/airflow/dags/crime_analysis_pipeline.py for tasks to queue
[2026-01-10T11:36:30.194+0000] {logging_mixin.py:188} INFO - [2026-01-10T11:36:30.193+0000] {dagbag.py:538} INFO - Filling up the DagBag from /opt/airflow/dags/crime_analysis_pipeline.py
[2026-01-10T11:36:30.257+0000] {processor.py:840} INFO - DAG(s) 'crime_analysis_pipeline' retrieved from /opt/airflow/dags/crime_analysis_pipeline.py
[2026-01-10T11:36:30.325+0000] {logging_mixin.py:188} INFO - [2026-01-10T11:36:30.325+0000] {dag.py:3033} INFO - Sync 1 DAGs
[2026-01-10T11:36:30.379+0000] {logging_mixin.py:188} INFO - [2026-01-10T11:36:30.379+0000] {dag.py:3820} INFO - Setting next_dagrun for crime_analysis_pipeline to 2026-01-09T15:00:00+00:00, run_after=2026-01-10T15:00:00+00:00
[2026-01-10T11:36:30.432+0000] {processor.py:183} INFO - Processing /opt/airflow/dags/crime_analysis_pipeline.py took 0.256 seconds
[2026-01-10T12:37:03.256+0000] {processor.py:161} INFO - Started process (PID=4525) to work on /opt/airflow/dags/crime_analysis_pipeline.py
[2026-01-10T12:37:03.258+0000] {processor.py:830} INFO - Processing file /opt/airflow/dags/crime_analysis_pipeline.py for tasks to queue
[2026-01-10T12:37:03.260+0000] {logging_mixin.py:188} INFO - [2026-01-10T12:37:03.259+0000] {dagbag.py:538} INFO - Filling up the DagBag from /opt/airflow/dags/crime_analysis_pipeline.py
[2026-01-10T12:37:03.288+0000] {processor.py:840} INFO - DAG(s) 'crime_analysis_pipeline' retrieved from /opt/airflow/dags/crime_analysis_pipeline.py
[2026-01-10T12:37:03.321+0000] {logging_mixin.py:188} INFO - [2026-01-10T12:37:03.321+0000] {dag.py:3033} INFO - Sync 1 DAGs
[2026-01-10T12:37:03.347+0000] {logging_mixin.py:188} INFO - [2026-01-10T12:37:03.346+0000] {dag.py:3820} INFO - Setting next_dagrun for crime_analysis_pipeline to 2026-01-09T15:00:00+00:00, run_after=2026-01-10T15:00:00+00:00
[2026-01-10T12:37:03.367+0000] {processor.py:183} INFO - Processing /opt/airflow/dags/crime_analysis_pipeline.py took 0.126 seconds
[2026-01-10T13:15:59.635+0000] {processor.py:161} INFO - Started process (PID=4568) to work on /opt/airflow/dags/crime_analysis_pipeline.py
[2026-01-10T13:15:59.640+0000] {processor.py:830} INFO - Processing file /opt/airflow/dags/crime_analysis_pipeline.py for tasks to queue
[2026-01-10T13:15:59.645+0000] {logging_mixin.py:188} INFO - [2026-01-10T13:15:59.644+0000] {dagbag.py:538} INFO - Filling up the DagBag from /opt/airflow/dags/crime_analysis_pipeline.py
[2026-01-10T13:15:59.705+0000] {processor.py:840} INFO - DAG(s) 'crime_analysis_pipeline' retrieved from /opt/airflow/dags/crime_analysis_pipeline.py
[2026-01-10T13:15:59.764+0000] {logging_mixin.py:188} INFO - [2026-01-10T13:15:59.763+0000] {dag.py:3033} INFO - Sync 1 DAGs
[2026-01-10T13:15:59.807+0000] {logging_mixin.py:188} INFO - [2026-01-10T13:15:59.807+0000] {dag.py:3820} INFO - Setting next_dagrun for crime_analysis_pipeline to 2026-01-09T15:00:00+00:00, run_after=2026-01-10T15:00:00+00:00
[2026-01-10T13:15:59.854+0000] {processor.py:183} INFO - Processing /opt/airflow/dags/crime_analysis_pipeline.py took 0.243 seconds
[2026-01-10T14:07:26.124+0000] {processor.py:161} INFO - Started process (PID=4609) to work on /opt/airflow/dags/crime_analysis_pipeline.py
[2026-01-10T14:07:26.125+0000] {processor.py:830} INFO - Processing file /opt/airflow/dags/crime_analysis_pipeline.py for tasks to queue
[2026-01-10T14:07:26.128+0000] {logging_mixin.py:188} INFO - [2026-01-10T14:07:26.128+0000] {dagbag.py:538} INFO - Filling up the DagBag from /opt/airflow/dags/crime_analysis_pipeline.py
[2026-01-10T14:07:26.152+0000] {processor.py:840} INFO - DAG(s) 'crime_analysis_pipeline' retrieved from /opt/airflow/dags/crime_analysis_pipeline.py
[2026-01-10T14:07:26.181+0000] {logging_mixin.py:188} INFO - [2026-01-10T14:07:26.181+0000] {dag.py:3033} INFO - Sync 1 DAGs
[2026-01-10T14:07:26.208+0000] {logging_mixin.py:188} INFO - [2026-01-10T14:07:26.208+0000] {dag.py:3820} INFO - Setting next_dagrun for crime_analysis_pipeline to 2026-01-09T15:00:00+00:00, run_after=2026-01-10T15:00:00+00:00
[2026-01-10T14:07:26.225+0000] {processor.py:183} INFO - Processing /opt/airflow/dags/crime_analysis_pipeline.py took 0.110 seconds
[2026-01-10T14:49:00.951+0000] {processor.py:161} INFO - Started process (PID=4651) to work on /opt/airflow/dags/crime_analysis_pipeline.py
[2026-01-10T14:49:00.952+0000] {processor.py:830} INFO - Processing file /opt/airflow/dags/crime_analysis_pipeline.py for tasks to queue
[2026-01-10T14:49:00.953+0000] {logging_mixin.py:188} INFO - [2026-01-10T14:49:00.953+0000] {dagbag.py:538} INFO - Filling up the DagBag from /opt/airflow/dags/crime_analysis_pipeline.py
[2026-01-10T14:49:00.987+0000] {processor.py:840} INFO - DAG(s) 'crime_analysis_pipeline' retrieved from /opt/airflow/dags/crime_analysis_pipeline.py
[2026-01-10T14:49:01.011+0000] {logging_mixin.py:188} INFO - [2026-01-10T14:49:01.011+0000] {dag.py:3033} INFO - Sync 1 DAGs
[2026-01-10T14:49:01.031+0000] {logging_mixin.py:188} INFO - [2026-01-10T14:49:01.030+0000] {dag.py:3820} INFO - Setting next_dagrun for crime_analysis_pipeline to 2026-01-09T15:00:00+00:00, run_after=2026-01-10T15:00:00+00:00
[2026-01-10T14:49:01.045+0000] {processor.py:183} INFO - Processing /opt/airflow/dags/crime_analysis_pipeline.py took 0.099 seconds
[2026-01-10T14:51:40.660+0000] {processor.py:161} INFO - Started process (PID=4655) to work on /opt/airflow/dags/crime_analysis_pipeline.py
[2026-01-10T14:51:40.662+0000] {processor.py:830} INFO - Processing file /opt/airflow/dags/crime_analysis_pipeline.py for tasks to queue
[2026-01-10T14:51:40.664+0000] {logging_mixin.py:188} INFO - [2026-01-10T14:51:40.664+0000] {dagbag.py:538} INFO - Filling up the DagBag from /opt/airflow/dags/crime_analysis_pipeline.py
[2026-01-10T14:51:40.700+0000] {processor.py:840} INFO - DAG(s) 'crime_analysis_pipeline' retrieved from /opt/airflow/dags/crime_analysis_pipeline.py
[2026-01-10T14:51:40.737+0000] {logging_mixin.py:188} INFO - [2026-01-10T14:51:40.737+0000] {dag.py:3033} INFO - Sync 1 DAGs
[2026-01-10T14:51:40.773+0000] {logging_mixin.py:188} INFO - [2026-01-10T14:51:40.773+0000] {dag.py:3820} INFO - Setting next_dagrun for crime_analysis_pipeline to 2026-01-09T15:00:00+00:00, run_after=2026-01-10T15:00:00+00:00
[2026-01-10T14:51:40.796+0000] {processor.py:183} INFO - Processing /opt/airflow/dags/crime_analysis_pipeline.py took 0.143 seconds
[2026-01-10T15:13:09.527+0000] {processor.py:161} INFO - Started process (PID=4657) to work on /opt/airflow/dags/crime_analysis_pipeline.py
[2026-01-10T15:13:09.528+0000] {processor.py:830} INFO - Processing file /opt/airflow/dags/crime_analysis_pipeline.py for tasks to queue
[2026-01-10T15:13:09.530+0000] {logging_mixin.py:188} INFO - [2026-01-10T15:13:09.529+0000] {dagbag.py:538} INFO - Filling up the DagBag from /opt/airflow/dags/crime_analysis_pipeline.py
[2026-01-10T15:13:09.560+0000] {processor.py:840} INFO - DAG(s) 'crime_analysis_pipeline' retrieved from /opt/airflow/dags/crime_analysis_pipeline.py
[2026-01-10T15:13:09.590+0000] {logging_mixin.py:188} INFO - [2026-01-10T15:13:09.590+0000] {dag.py:3033} INFO - Sync 1 DAGs
[2026-01-10T15:13:09.614+0000] {logging_mixin.py:188} INFO - [2026-01-10T15:13:09.613+0000] {dag.py:3820} INFO - Setting next_dagrun for crime_analysis_pipeline to 2026-01-09T15:00:00+00:00, run_after=2026-01-10T15:00:00+00:00
[2026-01-10T15:13:09.628+0000] {processor.py:183} INFO - Processing /opt/airflow/dags/crime_analysis_pipeline.py took 0.104 seconds
[2026-01-10T15:42:15.630+0000] {processor.py:161} INFO - Started process (PID=4729) to work on /opt/airflow/dags/crime_analysis_pipeline.py
[2026-01-10T15:42:15.631+0000] {processor.py:830} INFO - Processing file /opt/airflow/dags/crime_analysis_pipeline.py for tasks to queue
[2026-01-10T15:42:15.632+0000] {logging_mixin.py:188} INFO - [2026-01-10T15:42:15.632+0000] {dagbag.py:538} INFO - Filling up the DagBag from /opt/airflow/dags/crime_analysis_pipeline.py
[2026-01-10T15:42:15.649+0000] {processor.py:840} INFO - DAG(s) 'crime_analysis_pipeline' retrieved from /opt/airflow/dags/crime_analysis_pipeline.py
[2026-01-10T15:42:15.665+0000] {logging_mixin.py:188} INFO - [2026-01-10T15:42:15.665+0000] {dag.py:3033} INFO - Sync 1 DAGs
[2026-01-10T15:42:15.688+0000] {processor.py:183} INFO - Processing /opt/airflow/dags/crime_analysis_pipeline.py took 0.064 seconds
[2026-01-10T15:54:27.616+0000] {processor.py:161} INFO - Started process (PID=4771) to work on /opt/airflow/dags/crime_analysis_pipeline.py
[2026-01-10T15:54:27.619+0000] {processor.py:830} INFO - Processing file /opt/airflow/dags/crime_analysis_pipeline.py for tasks to queue
[2026-01-10T15:54:27.622+0000] {logging_mixin.py:188} INFO - [2026-01-10T15:54:27.621+0000] {dagbag.py:538} INFO - Filling up the DagBag from /opt/airflow/dags/crime_analysis_pipeline.py
[2026-01-10T15:54:27.671+0000] {processor.py:840} INFO - DAG(s) 'crime_analysis_pipeline' retrieved from /opt/airflow/dags/crime_analysis_pipeline.py
[2026-01-10T15:54:27.706+0000] {logging_mixin.py:188} INFO - [2026-01-10T15:54:27.706+0000] {dag.py:3033} INFO - Sync 1 DAGs
[2026-01-10T15:54:27.732+0000] {logging_mixin.py:188} INFO - [2026-01-10T15:54:27.732+0000] {dag.py:3820} INFO - Setting next_dagrun for crime_analysis_pipeline to 2026-01-10T15:00:00+00:00, run_after=2026-01-11T15:00:00+00:00
[2026-01-10T15:54:27.759+0000] {processor.py:183} INFO - Processing /opt/airflow/dags/crime_analysis_pipeline.py took 0.154 seconds
[2026-01-10T16:02:08.613+0000] {processor.py:161} INFO - Started process (PID=4774) to work on /opt/airflow/dags/crime_analysis_pipeline.py
[2026-01-10T16:02:08.618+0000] {processor.py:830} INFO - Processing file /opt/airflow/dags/crime_analysis_pipeline.py for tasks to queue
[2026-01-10T16:02:08.622+0000] {logging_mixin.py:188} INFO - [2026-01-10T16:02:08.621+0000] {dagbag.py:538} INFO - Filling up the DagBag from /opt/airflow/dags/crime_analysis_pipeline.py
[2026-01-10T16:02:08.668+0000] {processor.py:840} INFO - DAG(s) 'crime_analysis_pipeline' retrieved from /opt/airflow/dags/crime_analysis_pipeline.py
[2026-01-10T16:02:08.721+0000] {logging_mixin.py:188} INFO - [2026-01-10T16:02:08.721+0000] {dag.py:3033} INFO - Sync 1 DAGs
[2026-01-10T16:02:08.745+0000] {logging_mixin.py:188} INFO - [2026-01-10T16:02:08.745+0000] {dag.py:3820} INFO - Setting next_dagrun for crime_analysis_pipeline to 2026-01-10T15:00:00+00:00, run_after=2026-01-11T15:00:00+00:00
[2026-01-10T16:02:08.765+0000] {processor.py:183} INFO - Processing /opt/airflow/dags/crime_analysis_pipeline.py took 0.156 seconds
[2026-01-10T16:27:46.794+0000] {processor.py:161} INFO - Started process (PID=4815) to work on /opt/airflow/dags/crime_analysis_pipeline.py
[2026-01-10T16:27:46.795+0000] {processor.py:830} INFO - Processing file /opt/airflow/dags/crime_analysis_pipeline.py for tasks to queue
[2026-01-10T16:27:46.796+0000] {logging_mixin.py:188} INFO - [2026-01-10T16:27:46.796+0000] {dagbag.py:538} INFO - Filling up the DagBag from /opt/airflow/dags/crime_analysis_pipeline.py
[2026-01-10T16:27:46.831+0000] {processor.py:840} INFO - DAG(s) 'crime_analysis_pipeline' retrieved from /opt/airflow/dags/crime_analysis_pipeline.py
[2026-01-10T16:27:46.860+0000] {logging_mixin.py:188} INFO - [2026-01-10T16:27:46.860+0000] {dag.py:3033} INFO - Sync 1 DAGs
[2026-01-10T16:27:46.876+0000] {logging_mixin.py:188} INFO - [2026-01-10T16:27:46.876+0000] {dag.py:3820} INFO - Setting next_dagrun for crime_analysis_pipeline to 2026-01-10T15:00:00+00:00, run_after=2026-01-11T15:00:00+00:00
[2026-01-10T16:27:46.892+0000] {processor.py:183} INFO - Processing /opt/airflow/dags/crime_analysis_pipeline.py took 0.102 seconds
[2026-01-10T16:45:04.864+0000] {processor.py:161} INFO - Started process (PID=4819) to work on /opt/airflow/dags/crime_analysis_pipeline.py
[2026-01-10T16:45:04.866+0000] {processor.py:830} INFO - Processing file /opt/airflow/dags/crime_analysis_pipeline.py for tasks to queue
[2026-01-10T16:45:04.868+0000] {logging_mixin.py:188} INFO - [2026-01-10T16:45:04.867+0000] {dagbag.py:538} INFO - Filling up the DagBag from /opt/airflow/dags/crime_analysis_pipeline.py
[2026-01-10T16:45:04.933+0000] {processor.py:840} INFO - DAG(s) 'crime_analysis_pipeline' retrieved from /opt/airflow/dags/crime_analysis_pipeline.py
[2026-01-10T16:45:05.000+0000] {logging_mixin.py:188} INFO - [2026-01-10T16:45:05.000+0000] {dag.py:3033} INFO - Sync 1 DAGs
[2026-01-10T16:45:05.045+0000] {logging_mixin.py:188} INFO - [2026-01-10T16:45:05.044+0000] {dag.py:3820} INFO - Setting next_dagrun for crime_analysis_pipeline to 2026-01-10T15:00:00+00:00, run_after=2026-01-11T15:00:00+00:00
[2026-01-10T16:45:05.074+0000] {processor.py:183} INFO - Processing /opt/airflow/dags/crime_analysis_pipeline.py took 0.223 seconds
[2026-01-10T17:40:57.578+0000] {processor.py:161} INFO - Started process (PID=4821) to work on /opt/airflow/dags/crime_analysis_pipeline.py
[2026-01-10T17:40:57.581+0000] {processor.py:830} INFO - Processing file /opt/airflow/dags/crime_analysis_pipeline.py for tasks to queue
[2026-01-10T17:40:57.585+0000] {logging_mixin.py:188} INFO - [2026-01-10T17:40:57.584+0000] {dagbag.py:538} INFO - Filling up the DagBag from /opt/airflow/dags/crime_analysis_pipeline.py
[2026-01-10T17:40:57.625+0000] {processor.py:840} INFO - DAG(s) 'crime_analysis_pipeline' retrieved from /opt/airflow/dags/crime_analysis_pipeline.py
[2026-01-10T17:40:57.670+0000] {logging_mixin.py:188} INFO - [2026-01-10T17:40:57.670+0000] {dag.py:3033} INFO - Sync 1 DAGs
[2026-01-10T17:40:57.705+0000] {logging_mixin.py:188} INFO - [2026-01-10T17:40:57.705+0000] {dag.py:3820} INFO - Setting next_dagrun for crime_analysis_pipeline to 2026-01-10T15:00:00+00:00, run_after=2026-01-11T15:00:00+00:00
[2026-01-10T17:40:57.736+0000] {processor.py:183} INFO - Processing /opt/airflow/dags/crime_analysis_pipeline.py took 0.169 seconds
[2026-01-10T18:33:24.368+0000] {processor.py:161} INFO - Started process (PID=4864) to work on /opt/airflow/dags/crime_analysis_pipeline.py
[2026-01-10T18:33:24.386+0000] {processor.py:830} INFO - Processing file /opt/airflow/dags/crime_analysis_pipeline.py for tasks to queue
[2026-01-10T18:33:24.411+0000] {logging_mixin.py:188} INFO - [2026-01-10T18:33:24.401+0000] {dagbag.py:538} INFO - Filling up the DagBag from /opt/airflow/dags/crime_analysis_pipeline.py
[2026-01-10T18:33:25.028+0000] {processor.py:840} INFO - DAG(s) 'crime_analysis_pipeline' retrieved from /opt/airflow/dags/crime_analysis_pipeline.py
[2026-01-10T18:33:25.366+0000] {logging_mixin.py:188} INFO - [2026-01-10T18:33:25.365+0000] {dag.py:3033} INFO - Sync 1 DAGs
[2026-01-10T18:33:25.430+0000] {logging_mixin.py:188} INFO - [2026-01-10T18:33:25.430+0000] {dag.py:3820} INFO - Setting next_dagrun for crime_analysis_pipeline to 2026-01-10T15:00:00+00:00, run_after=2026-01-11T15:00:00+00:00
[2026-01-10T18:33:25.590+0000] {processor.py:183} INFO - Processing /opt/airflow/dags/crime_analysis_pipeline.py took 1.241 seconds
[2026-01-10T18:43:39.382+0000] {processor.py:161} INFO - Started process (PID=4905) to work on /opt/airflow/dags/crime_analysis_pipeline.py
[2026-01-10T18:43:39.386+0000] {processor.py:830} INFO - Processing file /opt/airflow/dags/crime_analysis_pipeline.py for tasks to queue
[2026-01-10T18:43:39.389+0000] {logging_mixin.py:188} INFO - [2026-01-10T18:43:39.388+0000] {dagbag.py:538} INFO - Filling up the DagBag from /opt/airflow/dags/crime_analysis_pipeline.py
[2026-01-10T18:43:39.433+0000] {processor.py:840} INFO - DAG(s) 'crime_analysis_pipeline' retrieved from /opt/airflow/dags/crime_analysis_pipeline.py
[2026-01-10T18:43:39.504+0000] {logging_mixin.py:188} INFO - [2026-01-10T18:43:39.504+0000] {dag.py:3033} INFO - Sync 1 DAGs
[2026-01-10T18:43:39.577+0000] {logging_mixin.py:188} INFO - [2026-01-10T18:43:39.577+0000] {dag.py:3820} INFO - Setting next_dagrun for crime_analysis_pipeline to 2026-01-10T15:00:00+00:00, run_after=2026-01-11T15:00:00+00:00
[2026-01-10T18:43:39.612+0000] {processor.py:183} INFO - Processing /opt/airflow/dags/crime_analysis_pipeline.py took 0.244 seconds
[2026-01-10T18:47:38.318+0000] {processor.py:161} INFO - Started process (PID=4907) to work on /opt/airflow/dags/crime_analysis_pipeline.py
[2026-01-10T18:47:38.321+0000] {processor.py:830} INFO - Processing file /opt/airflow/dags/crime_analysis_pipeline.py for tasks to queue
[2026-01-10T18:47:38.324+0000] {logging_mixin.py:188} INFO - [2026-01-10T18:47:38.323+0000] {dagbag.py:538} INFO - Filling up the DagBag from /opt/airflow/dags/crime_analysis_pipeline.py
[2026-01-10T18:47:38.381+0000] {processor.py:840} INFO - DAG(s) 'crime_analysis_pipeline' retrieved from /opt/airflow/dags/crime_analysis_pipeline.py
[2026-01-10T18:47:38.432+0000] {logging_mixin.py:188} INFO - [2026-01-10T18:47:38.432+0000] {dag.py:3033} INFO - Sync 1 DAGs
[2026-01-10T18:47:38.473+0000] {logging_mixin.py:188} INFO - [2026-01-10T18:47:38.473+0000] {dag.py:3820} INFO - Setting next_dagrun for crime_analysis_pipeline to 2026-01-10T15:00:00+00:00, run_after=2026-01-11T15:00:00+00:00
[2026-01-10T18:47:38.509+0000] {processor.py:183} INFO - Processing /opt/airflow/dags/crime_analysis_pipeline.py took 0.198 seconds
[2026-01-10T19:24:58.583+0000] {processor.py:161} INFO - Started process (PID=4913) to work on /opt/airflow/dags/crime_analysis_pipeline.py
[2026-01-10T19:24:58.585+0000] {processor.py:830} INFO - Processing file /opt/airflow/dags/crime_analysis_pipeline.py for tasks to queue
[2026-01-10T19:24:58.587+0000] {logging_mixin.py:188} INFO - [2026-01-10T19:24:58.586+0000] {dagbag.py:538} INFO - Filling up the DagBag from /opt/airflow/dags/crime_analysis_pipeline.py
[2026-01-10T19:24:58.630+0000] {processor.py:840} INFO - DAG(s) 'crime_analysis_pipeline' retrieved from /opt/airflow/dags/crime_analysis_pipeline.py
[2026-01-10T19:24:58.676+0000] {logging_mixin.py:188} INFO - [2026-01-10T19:24:58.675+0000] {dag.py:3033} INFO - Sync 1 DAGs
[2026-01-10T19:24:58.721+0000] {logging_mixin.py:188} INFO - [2026-01-10T19:24:58.721+0000] {dag.py:3820} INFO - Setting next_dagrun for crime_analysis_pipeline to 2026-01-10T15:00:00+00:00, run_after=2026-01-11T15:00:00+00:00
[2026-01-10T19:24:58.776+0000] {processor.py:183} INFO - Processing /opt/airflow/dags/crime_analysis_pipeline.py took 0.206 seconds
[2026-01-10T19:46:30.139+0000] {processor.py:161} INFO - Started process (PID=4953) to work on /opt/airflow/dags/crime_analysis_pipeline.py
[2026-01-10T19:46:30.140+0000] {processor.py:830} INFO - Processing file /opt/airflow/dags/crime_analysis_pipeline.py for tasks to queue
[2026-01-10T19:46:30.143+0000] {logging_mixin.py:188} INFO - [2026-01-10T19:46:30.142+0000] {dagbag.py:538} INFO - Filling up the DagBag from /opt/airflow/dags/crime_analysis_pipeline.py
[2026-01-10T19:46:30.168+0000] {processor.py:840} INFO - DAG(s) 'crime_analysis_pipeline' retrieved from /opt/airflow/dags/crime_analysis_pipeline.py
[2026-01-10T19:46:30.200+0000] {logging_mixin.py:188} INFO - [2026-01-10T19:46:30.200+0000] {dag.py:3033} INFO - Sync 1 DAGs
[2026-01-10T19:46:30.219+0000] {logging_mixin.py:188} INFO - [2026-01-10T19:46:30.218+0000] {dag.py:3820} INFO - Setting next_dagrun for crime_analysis_pipeline to 2026-01-10T15:00:00+00:00, run_after=2026-01-11T15:00:00+00:00
[2026-01-10T19:46:30.238+0000] {processor.py:183} INFO - Processing /opt/airflow/dags/crime_analysis_pipeline.py took 0.109 seconds
[2026-01-10T20:05:45.123+0000] {processor.py:161} INFO - Started process (PID=4957) to work on /opt/airflow/dags/crime_analysis_pipeline.py
[2026-01-10T20:05:45.125+0000] {processor.py:830} INFO - Processing file /opt/airflow/dags/crime_analysis_pipeline.py for tasks to queue
[2026-01-10T20:05:45.128+0000] {logging_mixin.py:188} INFO - [2026-01-10T20:05:45.128+0000] {dagbag.py:538} INFO - Filling up the DagBag from /opt/airflow/dags/crime_analysis_pipeline.py
[2026-01-10T20:05:45.171+0000] {processor.py:840} INFO - DAG(s) 'crime_analysis_pipeline' retrieved from /opt/airflow/dags/crime_analysis_pipeline.py
[2026-01-10T20:05:45.224+0000] {logging_mixin.py:188} INFO - [2026-01-10T20:05:45.224+0000] {dag.py:3033} INFO - Sync 1 DAGs
[2026-01-10T20:05:45.245+0000] {logging_mixin.py:188} INFO - [2026-01-10T20:05:45.245+0000] {dag.py:3820} INFO - Setting next_dagrun for crime_analysis_pipeline to 2026-01-10T15:00:00+00:00, run_after=2026-01-11T15:00:00+00:00
[2026-01-10T20:05:45.273+0000] {processor.py:183} INFO - Processing /opt/airflow/dags/crime_analysis_pipeline.py took 0.153 seconds
[2026-01-10T20:06:15.547+0000] {processor.py:161} INFO - Started process (PID=4997) to work on /opt/airflow/dags/crime_analysis_pipeline.py
[2026-01-10T20:06:15.549+0000] {processor.py:830} INFO - Processing file /opt/airflow/dags/crime_analysis_pipeline.py for tasks to queue
[2026-01-10T20:06:15.550+0000] {logging_mixin.py:188} INFO - [2026-01-10T20:06:15.549+0000] {dagbag.py:538} INFO - Filling up the DagBag from /opt/airflow/dags/crime_analysis_pipeline.py
[2026-01-10T20:06:15.571+0000] {processor.py:840} INFO - DAG(s) 'crime_analysis_pipeline' retrieved from /opt/airflow/dags/crime_analysis_pipeline.py
[2026-01-10T20:06:15.601+0000] {logging_mixin.py:188} INFO - [2026-01-10T20:06:15.601+0000] {dag.py:3033} INFO - Sync 1 DAGs
[2026-01-10T20:06:15.638+0000] {logging_mixin.py:188} INFO - [2026-01-10T20:06:15.638+0000] {dag.py:3820} INFO - Setting next_dagrun for crime_analysis_pipeline to 2026-01-10T15:00:00+00:00, run_after=2026-01-11T15:00:00+00:00
[2026-01-10T20:06:15.655+0000] {processor.py:183} INFO - Processing /opt/airflow/dags/crime_analysis_pipeline.py took 0.113 seconds
[2026-01-10T20:06:45.878+0000] {processor.py:161} INFO - Started process (PID=4999) to work on /opt/airflow/dags/crime_analysis_pipeline.py
[2026-01-10T20:06:45.879+0000] {processor.py:830} INFO - Processing file /opt/airflow/dags/crime_analysis_pipeline.py for tasks to queue
[2026-01-10T20:06:45.880+0000] {logging_mixin.py:188} INFO - [2026-01-10T20:06:45.880+0000] {dagbag.py:538} INFO - Filling up the DagBag from /opt/airflow/dags/crime_analysis_pipeline.py
[2026-01-10T20:06:45.895+0000] {processor.py:840} INFO - DAG(s) 'crime_analysis_pipeline' retrieved from /opt/airflow/dags/crime_analysis_pipeline.py
[2026-01-10T20:06:45.914+0000] {logging_mixin.py:188} INFO - [2026-01-10T20:06:45.914+0000] {dag.py:3033} INFO - Sync 1 DAGs
[2026-01-10T20:06:45.929+0000] {logging_mixin.py:188} INFO - [2026-01-10T20:06:45.929+0000] {dag.py:3820} INFO - Setting next_dagrun for crime_analysis_pipeline to 2026-01-10T15:00:00+00:00, run_after=2026-01-11T15:00:00+00:00
[2026-01-10T20:06:45.941+0000] {processor.py:183} INFO - Processing /opt/airflow/dags/crime_analysis_pipeline.py took 0.069 seconds
[2026-01-10T20:07:16.137+0000] {processor.py:161} INFO - Started process (PID=5001) to work on /opt/airflow/dags/crime_analysis_pipeline.py
[2026-01-10T20:07:16.139+0000] {processor.py:830} INFO - Processing file /opt/airflow/dags/crime_analysis_pipeline.py for tasks to queue
[2026-01-10T20:07:16.140+0000] {logging_mixin.py:188} INFO - [2026-01-10T20:07:16.139+0000] {dagbag.py:538} INFO - Filling up the DagBag from /opt/airflow/dags/crime_analysis_pipeline.py
[2026-01-10T20:07:16.161+0000] {processor.py:840} INFO - DAG(s) 'crime_analysis_pipeline' retrieved from /opt/airflow/dags/crime_analysis_pipeline.py
[2026-01-10T20:07:16.192+0000] {logging_mixin.py:188} INFO - [2026-01-10T20:07:16.192+0000] {dag.py:3033} INFO - Sync 1 DAGs
[2026-01-10T20:07:16.208+0000] {logging_mixin.py:188} INFO - [2026-01-10T20:07:16.208+0000] {dag.py:3820} INFO - Setting next_dagrun for crime_analysis_pipeline to 2026-01-10T15:00:00+00:00, run_after=2026-01-11T15:00:00+00:00
[2026-01-10T20:07:16.222+0000] {processor.py:183} INFO - Processing /opt/airflow/dags/crime_analysis_pipeline.py took 0.089 seconds
[2026-01-10T20:07:46.484+0000] {processor.py:161} INFO - Started process (PID=5003) to work on /opt/airflow/dags/crime_analysis_pipeline.py
[2026-01-10T20:07:46.485+0000] {processor.py:830} INFO - Processing file /opt/airflow/dags/crime_analysis_pipeline.py for tasks to queue
[2026-01-10T20:07:46.486+0000] {logging_mixin.py:188} INFO - [2026-01-10T20:07:46.486+0000] {dagbag.py:538} INFO - Filling up the DagBag from /opt/airflow/dags/crime_analysis_pipeline.py
[2026-01-10T20:07:46.501+0000] {processor.py:840} INFO - DAG(s) 'crime_analysis_pipeline' retrieved from /opt/airflow/dags/crime_analysis_pipeline.py
[2026-01-10T20:07:46.524+0000] {logging_mixin.py:188} INFO - [2026-01-10T20:07:46.524+0000] {dag.py:3033} INFO - Sync 1 DAGs
[2026-01-10T20:07:46.544+0000] {logging_mixin.py:188} INFO - [2026-01-10T20:07:46.544+0000] {dag.py:3820} INFO - Setting next_dagrun for crime_analysis_pipeline to 2026-01-10T15:00:00+00:00, run_after=2026-01-11T15:00:00+00:00
[2026-01-10T20:07:46.555+0000] {processor.py:183} INFO - Processing /opt/airflow/dags/crime_analysis_pipeline.py took 0.076 seconds
[2026-01-10T20:08:16.794+0000] {processor.py:161} INFO - Started process (PID=5005) to work on /opt/airflow/dags/crime_analysis_pipeline.py
[2026-01-10T20:08:16.795+0000] {processor.py:830} INFO - Processing file /opt/airflow/dags/crime_analysis_pipeline.py for tasks to queue
[2026-01-10T20:08:16.795+0000] {logging_mixin.py:188} INFO - [2026-01-10T20:08:16.795+0000] {dagbag.py:538} INFO - Filling up the DagBag from /opt/airflow/dags/crime_analysis_pipeline.py
[2026-01-10T20:08:16.811+0000] {processor.py:840} INFO - DAG(s) 'crime_analysis_pipeline' retrieved from /opt/airflow/dags/crime_analysis_pipeline.py
[2026-01-10T20:08:16.842+0000] {logging_mixin.py:188} INFO - [2026-01-10T20:08:16.841+0000] {dag.py:3033} INFO - Sync 1 DAGs
[2026-01-10T20:08:16.859+0000] {logging_mixin.py:188} INFO - [2026-01-10T20:08:16.859+0000] {dag.py:3820} INFO - Setting next_dagrun for crime_analysis_pipeline to 2026-01-10T15:00:00+00:00, run_after=2026-01-11T15:00:00+00:00
[2026-01-10T20:08:16.871+0000] {processor.py:183} INFO - Processing /opt/airflow/dags/crime_analysis_pipeline.py took 0.084 seconds
[2026-01-10T20:08:47.110+0000] {processor.py:161} INFO - Started process (PID=5007) to work on /opt/airflow/dags/crime_analysis_pipeline.py
[2026-01-10T20:08:47.110+0000] {processor.py:830} INFO - Processing file /opt/airflow/dags/crime_analysis_pipeline.py for tasks to queue
[2026-01-10T20:08:47.111+0000] {logging_mixin.py:188} INFO - [2026-01-10T20:08:47.110+0000] {dagbag.py:538} INFO - Filling up the DagBag from /opt/airflow/dags/crime_analysis_pipeline.py
[2026-01-10T20:08:47.119+0000] {processor.py:840} INFO - DAG(s) 'crime_analysis_pipeline' retrieved from /opt/airflow/dags/crime_analysis_pipeline.py
[2026-01-10T20:08:47.141+0000] {logging_mixin.py:188} INFO - [2026-01-10T20:08:47.140+0000] {dag.py:3033} INFO - Sync 1 DAGs
[2026-01-10T20:08:47.155+0000] {logging_mixin.py:188} INFO - [2026-01-10T20:08:47.155+0000] {dag.py:3820} INFO - Setting next_dagrun for crime_analysis_pipeline to 2026-01-10T15:00:00+00:00, run_after=2026-01-11T15:00:00+00:00
[2026-01-10T20:08:47.167+0000] {processor.py:183} INFO - Processing /opt/airflow/dags/crime_analysis_pipeline.py took 0.060 seconds
[2026-01-10T20:09:17.391+0000] {processor.py:161} INFO - Started process (PID=5009) to work on /opt/airflow/dags/crime_analysis_pipeline.py
[2026-01-10T20:09:17.392+0000] {processor.py:830} INFO - Processing file /opt/airflow/dags/crime_analysis_pipeline.py for tasks to queue
[2026-01-10T20:09:17.394+0000] {logging_mixin.py:188} INFO - [2026-01-10T20:09:17.394+0000] {dagbag.py:538} INFO - Filling up the DagBag from /opt/airflow/dags/crime_analysis_pipeline.py
[2026-01-10T20:09:17.424+0000] {processor.py:840} INFO - DAG(s) 'crime_analysis_pipeline' retrieved from /opt/airflow/dags/crime_analysis_pipeline.py
[2026-01-10T20:09:17.450+0000] {logging_mixin.py:188} INFO - [2026-01-10T20:09:17.450+0000] {dag.py:3033} INFO - Sync 1 DAGs
[2026-01-10T20:09:17.466+0000] {logging_mixin.py:188} INFO - [2026-01-10T20:09:17.466+0000] {dag.py:3820} INFO - Setting next_dagrun for crime_analysis_pipeline to 2026-01-10T15:00:00+00:00, run_after=2026-01-11T15:00:00+00:00
[2026-01-10T20:09:17.489+0000] {processor.py:183} INFO - Processing /opt/airflow/dags/crime_analysis_pipeline.py took 0.106 seconds
[2026-01-10T20:09:47.727+0000] {processor.py:161} INFO - Started process (PID=5011) to work on /opt/airflow/dags/crime_analysis_pipeline.py
[2026-01-10T20:09:47.728+0000] {processor.py:830} INFO - Processing file /opt/airflow/dags/crime_analysis_pipeline.py for tasks to queue
[2026-01-10T20:09:47.729+0000] {logging_mixin.py:188} INFO - [2026-01-10T20:09:47.728+0000] {dagbag.py:538} INFO - Filling up the DagBag from /opt/airflow/dags/crime_analysis_pipeline.py
[2026-01-10T20:09:47.740+0000] {processor.py:840} INFO - DAG(s) 'crime_analysis_pipeline' retrieved from /opt/airflow/dags/crime_analysis_pipeline.py
[2026-01-10T20:09:47.755+0000] {logging_mixin.py:188} INFO - [2026-01-10T20:09:47.755+0000] {dag.py:3033} INFO - Sync 1 DAGs
[2026-01-10T20:09:47.765+0000] {logging_mixin.py:188} INFO - [2026-01-10T20:09:47.765+0000] {dag.py:3820} INFO - Setting next_dagrun for crime_analysis_pipeline to 2026-01-10T15:00:00+00:00, run_after=2026-01-11T15:00:00+00:00
[2026-01-10T20:09:47.774+0000] {processor.py:183} INFO - Processing /opt/airflow/dags/crime_analysis_pipeline.py took 0.050 seconds
[2026-01-10T20:10:17.995+0000] {processor.py:161} INFO - Started process (PID=5013) to work on /opt/airflow/dags/crime_analysis_pipeline.py
[2026-01-10T20:10:17.997+0000] {processor.py:830} INFO - Processing file /opt/airflow/dags/crime_analysis_pipeline.py for tasks to queue
[2026-01-10T20:10:17.998+0000] {logging_mixin.py:188} INFO - [2026-01-10T20:10:17.997+0000] {dagbag.py:538} INFO - Filling up the DagBag from /opt/airflow/dags/crime_analysis_pipeline.py
[2026-01-10T20:10:18.018+0000] {processor.py:840} INFO - DAG(s) 'crime_analysis_pipeline' retrieved from /opt/airflow/dags/crime_analysis_pipeline.py
[2026-01-10T20:10:18.039+0000] {logging_mixin.py:188} INFO - [2026-01-10T20:10:18.039+0000] {dag.py:3033} INFO - Sync 1 DAGs
[2026-01-10T20:10:18.052+0000] {logging_mixin.py:188} INFO - [2026-01-10T20:10:18.052+0000] {dag.py:3820} INFO - Setting next_dagrun for crime_analysis_pipeline to 2026-01-10T15:00:00+00:00, run_after=2026-01-11T15:00:00+00:00
[2026-01-10T20:10:18.067+0000] {processor.py:183} INFO - Processing /opt/airflow/dags/crime_analysis_pipeline.py took 0.077 seconds
[2026-01-10T20:10:48.244+0000] {processor.py:161} INFO - Started process (PID=5015) to work on /opt/airflow/dags/crime_analysis_pipeline.py
[2026-01-10T20:10:48.245+0000] {processor.py:830} INFO - Processing file /opt/airflow/dags/crime_analysis_pipeline.py for tasks to queue
[2026-01-10T20:10:48.246+0000] {logging_mixin.py:188} INFO - [2026-01-10T20:10:48.246+0000] {dagbag.py:538} INFO - Filling up the DagBag from /opt/airflow/dags/crime_analysis_pipeline.py
[2026-01-10T20:10:48.257+0000] {processor.py:840} INFO - DAG(s) 'crime_analysis_pipeline' retrieved from /opt/airflow/dags/crime_analysis_pipeline.py
[2026-01-10T20:10:48.276+0000] {logging_mixin.py:188} INFO - [2026-01-10T20:10:48.275+0000] {dag.py:3033} INFO - Sync 1 DAGs
[2026-01-10T20:10:48.290+0000] {logging_mixin.py:188} INFO - [2026-01-10T20:10:48.290+0000] {dag.py:3820} INFO - Setting next_dagrun for crime_analysis_pipeline to 2026-01-10T15:00:00+00:00, run_after=2026-01-11T15:00:00+00:00
[2026-01-10T20:10:48.299+0000] {processor.py:183} INFO - Processing /opt/airflow/dags/crime_analysis_pipeline.py took 0.058 seconds
[2026-01-10T20:11:18.536+0000] {processor.py:161} INFO - Started process (PID=5017) to work on /opt/airflow/dags/crime_analysis_pipeline.py
[2026-01-10T20:11:18.536+0000] {processor.py:830} INFO - Processing file /opt/airflow/dags/crime_analysis_pipeline.py for tasks to queue
[2026-01-10T20:11:18.538+0000] {logging_mixin.py:188} INFO - [2026-01-10T20:11:18.538+0000] {dagbag.py:538} INFO - Filling up the DagBag from /opt/airflow/dags/crime_analysis_pipeline.py
[2026-01-10T20:11:18.553+0000] {processor.py:840} INFO - DAG(s) 'crime_analysis_pipeline' retrieved from /opt/airflow/dags/crime_analysis_pipeline.py
[2026-01-10T20:11:18.569+0000] {logging_mixin.py:188} INFO - [2026-01-10T20:11:18.569+0000] {dag.py:3033} INFO - Sync 1 DAGs
[2026-01-10T20:11:18.581+0000] {logging_mixin.py:188} INFO - [2026-01-10T20:11:18.581+0000] {dag.py:3820} INFO - Setting next_dagrun for crime_analysis_pipeline to 2026-01-10T15:00:00+00:00, run_after=2026-01-11T15:00:00+00:00
[2026-01-10T20:11:18.593+0000] {processor.py:183} INFO - Processing /opt/airflow/dags/crime_analysis_pipeline.py took 0.061 seconds
[2026-01-10T20:11:48.824+0000] {processor.py:161} INFO - Started process (PID=5019) to work on /opt/airflow/dags/crime_analysis_pipeline.py
[2026-01-10T20:11:48.829+0000] {processor.py:830} INFO - Processing file /opt/airflow/dags/crime_analysis_pipeline.py for tasks to queue
[2026-01-10T20:11:48.833+0000] {logging_mixin.py:188} INFO - [2026-01-10T20:11:48.832+0000] {dagbag.py:538} INFO - Filling up the DagBag from /opt/airflow/dags/crime_analysis_pipeline.py
[2026-01-10T20:11:48.911+0000] {processor.py:840} INFO - DAG(s) 'crime_analysis_pipeline' retrieved from /opt/airflow/dags/crime_analysis_pipeline.py
[2026-01-10T20:11:48.978+0000] {logging_mixin.py:188} INFO - [2026-01-10T20:11:48.978+0000] {dag.py:3033} INFO - Sync 1 DAGs
[2026-01-10T20:11:49.005+0000] {logging_mixin.py:188} INFO - [2026-01-10T20:11:49.005+0000] {dag.py:3820} INFO - Setting next_dagrun for crime_analysis_pipeline to 2026-01-10T15:00:00+00:00, run_after=2026-01-11T15:00:00+00:00
[2026-01-10T20:11:49.025+0000] {processor.py:183} INFO - Processing /opt/airflow/dags/crime_analysis_pipeline.py took 0.218 seconds
[2026-01-10T20:12:19.318+0000] {processor.py:161} INFO - Started process (PID=5021) to work on /opt/airflow/dags/crime_analysis_pipeline.py
[2026-01-10T20:12:19.320+0000] {processor.py:830} INFO - Processing file /opt/airflow/dags/crime_analysis_pipeline.py for tasks to queue
[2026-01-10T20:12:19.322+0000] {logging_mixin.py:188} INFO - [2026-01-10T20:12:19.321+0000] {dagbag.py:538} INFO - Filling up the DagBag from /opt/airflow/dags/crime_analysis_pipeline.py
[2026-01-10T20:12:19.350+0000] {processor.py:840} INFO - DAG(s) 'crime_analysis_pipeline' retrieved from /opt/airflow/dags/crime_analysis_pipeline.py
[2026-01-10T20:12:19.378+0000] {logging_mixin.py:188} INFO - [2026-01-10T20:12:19.378+0000] {dag.py:3033} INFO - Sync 1 DAGs
[2026-01-10T20:12:19.393+0000] {logging_mixin.py:188} INFO - [2026-01-10T20:12:19.393+0000] {dag.py:3820} INFO - Setting next_dagrun for crime_analysis_pipeline to 2026-01-10T15:00:00+00:00, run_after=2026-01-11T15:00:00+00:00
[2026-01-10T20:12:19.405+0000] {processor.py:183} INFO - Processing /opt/airflow/dags/crime_analysis_pipeline.py took 0.093 seconds
[2026-01-10T20:12:49.565+0000] {processor.py:161} INFO - Started process (PID=5023) to work on /opt/airflow/dags/crime_analysis_pipeline.py
[2026-01-10T20:12:49.566+0000] {processor.py:830} INFO - Processing file /opt/airflow/dags/crime_analysis_pipeline.py for tasks to queue
[2026-01-10T20:12:49.567+0000] {logging_mixin.py:188} INFO - [2026-01-10T20:12:49.567+0000] {dagbag.py:538} INFO - Filling up the DagBag from /opt/airflow/dags/crime_analysis_pipeline.py
[2026-01-10T20:12:49.585+0000] {processor.py:840} INFO - DAG(s) 'crime_analysis_pipeline' retrieved from /opt/airflow/dags/crime_analysis_pipeline.py
[2026-01-10T20:12:49.603+0000] {logging_mixin.py:188} INFO - [2026-01-10T20:12:49.603+0000] {dag.py:3033} INFO - Sync 1 DAGs
[2026-01-10T20:12:49.617+0000] {logging_mixin.py:188} INFO - [2026-01-10T20:12:49.617+0000] {dag.py:3820} INFO - Setting next_dagrun for crime_analysis_pipeline to 2026-01-10T15:00:00+00:00, run_after=2026-01-11T15:00:00+00:00
[2026-01-10T20:12:49.626+0000] {processor.py:183} INFO - Processing /opt/airflow/dags/crime_analysis_pipeline.py took 0.067 seconds
[2026-01-10T20:13:19.830+0000] {processor.py:161} INFO - Started process (PID=5025) to work on /opt/airflow/dags/crime_analysis_pipeline.py
[2026-01-10T20:13:19.831+0000] {processor.py:830} INFO - Processing file /opt/airflow/dags/crime_analysis_pipeline.py for tasks to queue
[2026-01-10T20:13:19.832+0000] {logging_mixin.py:188} INFO - [2026-01-10T20:13:19.831+0000] {dagbag.py:538} INFO - Filling up the DagBag from /opt/airflow/dags/crime_analysis_pipeline.py
[2026-01-10T20:13:19.856+0000] {processor.py:840} INFO - DAG(s) 'crime_analysis_pipeline' retrieved from /opt/airflow/dags/crime_analysis_pipeline.py
[2026-01-10T20:13:19.878+0000] {logging_mixin.py:188} INFO - [2026-01-10T20:13:19.878+0000] {dag.py:3033} INFO - Sync 1 DAGs
[2026-01-10T20:13:19.898+0000] {logging_mixin.py:188} INFO - [2026-01-10T20:13:19.898+0000] {dag.py:3820} INFO - Setting next_dagrun for crime_analysis_pipeline to 2026-01-10T15:00:00+00:00, run_after=2026-01-11T15:00:00+00:00
[2026-01-10T20:13:19.910+0000] {processor.py:183} INFO - Processing /opt/airflow/dags/crime_analysis_pipeline.py took 0.086 seconds
[2026-01-10T20:13:50.036+0000] {processor.py:161} INFO - Started process (PID=5027) to work on /opt/airflow/dags/crime_analysis_pipeline.py
[2026-01-10T20:13:50.037+0000] {processor.py:830} INFO - Processing file /opt/airflow/dags/crime_analysis_pipeline.py for tasks to queue
[2026-01-10T20:13:50.038+0000] {logging_mixin.py:188} INFO - [2026-01-10T20:13:50.038+0000] {dagbag.py:538} INFO - Filling up the DagBag from /opt/airflow/dags/crime_analysis_pipeline.py
[2026-01-10T20:13:50.051+0000] {processor.py:840} INFO - DAG(s) 'crime_analysis_pipeline' retrieved from /opt/airflow/dags/crime_analysis_pipeline.py
[2026-01-10T20:13:50.067+0000] {logging_mixin.py:188} INFO - [2026-01-10T20:13:50.067+0000] {dag.py:3033} INFO - Sync 1 DAGs
[2026-01-10T20:13:50.082+0000] {logging_mixin.py:188} INFO - [2026-01-10T20:13:50.082+0000] {dag.py:3820} INFO - Setting next_dagrun for crime_analysis_pipeline to 2026-01-10T15:00:00+00:00, run_after=2026-01-11T15:00:00+00:00
[2026-01-10T20:13:50.092+0000] {processor.py:183} INFO - Processing /opt/airflow/dags/crime_analysis_pipeline.py took 0.062 seconds
[2026-01-10T20:14:20.341+0000] {processor.py:161} INFO - Started process (PID=5029) to work on /opt/airflow/dags/crime_analysis_pipeline.py
[2026-01-10T20:14:20.342+0000] {processor.py:830} INFO - Processing file /opt/airflow/dags/crime_analysis_pipeline.py for tasks to queue
[2026-01-10T20:14:20.344+0000] {logging_mixin.py:188} INFO - [2026-01-10T20:14:20.343+0000] {dagbag.py:538} INFO - Filling up the DagBag from /opt/airflow/dags/crime_analysis_pipeline.py
[2026-01-10T20:14:20.364+0000] {processor.py:840} INFO - DAG(s) 'crime_analysis_pipeline' retrieved from /opt/airflow/dags/crime_analysis_pipeline.py
[2026-01-10T20:14:20.388+0000] {logging_mixin.py:188} INFO - [2026-01-10T20:14:20.388+0000] {dag.py:3033} INFO - Sync 1 DAGs
[2026-01-10T20:14:20.411+0000] {logging_mixin.py:188} INFO - [2026-01-10T20:14:20.410+0000] {dag.py:3820} INFO - Setting next_dagrun for crime_analysis_pipeline to 2026-01-10T15:00:00+00:00, run_after=2026-01-11T15:00:00+00:00
[2026-01-10T20:14:20.422+0000] {processor.py:183} INFO - Processing /opt/airflow/dags/crime_analysis_pipeline.py took 0.087 seconds
[2026-01-10T20:14:50.595+0000] {processor.py:161} INFO - Started process (PID=5031) to work on /opt/airflow/dags/crime_analysis_pipeline.py
[2026-01-10T20:14:50.596+0000] {processor.py:830} INFO - Processing file /opt/airflow/dags/crime_analysis_pipeline.py for tasks to queue
[2026-01-10T20:14:50.597+0000] {logging_mixin.py:188} INFO - [2026-01-10T20:14:50.597+0000] {dagbag.py:538} INFO - Filling up the DagBag from /opt/airflow/dags/crime_analysis_pipeline.py
[2026-01-10T20:14:50.611+0000] {processor.py:840} INFO - DAG(s) 'crime_analysis_pipeline' retrieved from /opt/airflow/dags/crime_analysis_pipeline.py
[2026-01-10T20:14:50.629+0000] {logging_mixin.py:188} INFO - [2026-01-10T20:14:50.629+0000] {dag.py:3033} INFO - Sync 1 DAGs
[2026-01-10T20:14:50.643+0000] {logging_mixin.py:188} INFO - [2026-01-10T20:14:50.643+0000] {dag.py:3820} INFO - Setting next_dagrun for crime_analysis_pipeline to 2026-01-10T15:00:00+00:00, run_after=2026-01-11T15:00:00+00:00
[2026-01-10T20:14:50.654+0000] {processor.py:183} INFO - Processing /opt/airflow/dags/crime_analysis_pipeline.py took 0.064 seconds
[2026-01-10T20:15:20.852+0000] {processor.py:161} INFO - Started process (PID=5033) to work on /opt/airflow/dags/crime_analysis_pipeline.py
[2026-01-10T20:15:20.853+0000] {processor.py:830} INFO - Processing file /opt/airflow/dags/crime_analysis_pipeline.py for tasks to queue
[2026-01-10T20:15:20.855+0000] {logging_mixin.py:188} INFO - [2026-01-10T20:15:20.855+0000] {dagbag.py:538} INFO - Filling up the DagBag from /opt/airflow/dags/crime_analysis_pipeline.py
[2026-01-10T20:15:20.877+0000] {processor.py:840} INFO - DAG(s) 'crime_analysis_pipeline' retrieved from /opt/airflow/dags/crime_analysis_pipeline.py
[2026-01-10T20:15:20.898+0000] {logging_mixin.py:188} INFO - [2026-01-10T20:15:20.898+0000] {dag.py:3033} INFO - Sync 1 DAGs
[2026-01-10T20:15:20.913+0000] {logging_mixin.py:188} INFO - [2026-01-10T20:15:20.912+0000] {dag.py:3820} INFO - Setting next_dagrun for crime_analysis_pipeline to 2026-01-10T15:00:00+00:00, run_after=2026-01-11T15:00:00+00:00
[2026-01-10T20:15:20.925+0000] {processor.py:183} INFO - Processing /opt/airflow/dags/crime_analysis_pipeline.py took 0.078 seconds
[2026-01-10T20:15:51.043+0000] {processor.py:161} INFO - Started process (PID=5035) to work on /opt/airflow/dags/crime_analysis_pipeline.py
[2026-01-10T20:15:51.044+0000] {processor.py:830} INFO - Processing file /opt/airflow/dags/crime_analysis_pipeline.py for tasks to queue
[2026-01-10T20:15:51.045+0000] {logging_mixin.py:188} INFO - [2026-01-10T20:15:51.045+0000] {dagbag.py:538} INFO - Filling up the DagBag from /opt/airflow/dags/crime_analysis_pipeline.py
[2026-01-10T20:15:51.058+0000] {processor.py:840} INFO - DAG(s) 'crime_analysis_pipeline' retrieved from /opt/airflow/dags/crime_analysis_pipeline.py
[2026-01-10T20:15:51.082+0000] {logging_mixin.py:188} INFO - [2026-01-10T20:15:51.082+0000] {dag.py:3033} INFO - Sync 1 DAGs
[2026-01-10T20:15:51.093+0000] {logging_mixin.py:188} INFO - [2026-01-10T20:15:51.093+0000] {dag.py:3820} INFO - Setting next_dagrun for crime_analysis_pipeline to 2026-01-10T15:00:00+00:00, run_after=2026-01-11T15:00:00+00:00
[2026-01-10T20:15:51.103+0000] {processor.py:183} INFO - Processing /opt/airflow/dags/crime_analysis_pipeline.py took 0.063 seconds
[2026-01-10T20:16:21.329+0000] {processor.py:161} INFO - Started process (PID=5037) to work on /opt/airflow/dags/crime_analysis_pipeline.py
[2026-01-10T20:16:21.330+0000] {processor.py:830} INFO - Processing file /opt/airflow/dags/crime_analysis_pipeline.py for tasks to queue
[2026-01-10T20:16:21.331+0000] {logging_mixin.py:188} INFO - [2026-01-10T20:16:21.331+0000] {dagbag.py:538} INFO - Filling up the DagBag from /opt/airflow/dags/crime_analysis_pipeline.py
[2026-01-10T20:16:21.351+0000] {processor.py:840} INFO - DAG(s) 'crime_analysis_pipeline' retrieved from /opt/airflow/dags/crime_analysis_pipeline.py
[2026-01-10T20:16:21.373+0000] {logging_mixin.py:188} INFO - [2026-01-10T20:16:21.373+0000] {dag.py:3033} INFO - Sync 1 DAGs
[2026-01-10T20:16:21.387+0000] {logging_mixin.py:188} INFO - [2026-01-10T20:16:21.387+0000] {dag.py:3820} INFO - Setting next_dagrun for crime_analysis_pipeline to 2026-01-10T15:00:00+00:00, run_after=2026-01-11T15:00:00+00:00
[2026-01-10T20:16:21.400+0000] {processor.py:183} INFO - Processing /opt/airflow/dags/crime_analysis_pipeline.py took 0.076 seconds
[2026-01-10T20:16:51.569+0000] {processor.py:161} INFO - Started process (PID=5039) to work on /opt/airflow/dags/crime_analysis_pipeline.py
[2026-01-10T20:16:51.570+0000] {processor.py:830} INFO - Processing file /opt/airflow/dags/crime_analysis_pipeline.py for tasks to queue
[2026-01-10T20:16:51.571+0000] {logging_mixin.py:188} INFO - [2026-01-10T20:16:51.571+0000] {dagbag.py:538} INFO - Filling up the DagBag from /opt/airflow/dags/crime_analysis_pipeline.py
[2026-01-10T20:16:51.584+0000] {processor.py:840} INFO - DAG(s) 'crime_analysis_pipeline' retrieved from /opt/airflow/dags/crime_analysis_pipeline.py
[2026-01-10T20:16:51.606+0000] {logging_mixin.py:188} INFO - [2026-01-10T20:16:51.606+0000] {dag.py:3033} INFO - Sync 1 DAGs
[2026-01-10T20:16:51.617+0000] {logging_mixin.py:188} INFO - [2026-01-10T20:16:51.617+0000] {dag.py:3820} INFO - Setting next_dagrun for crime_analysis_pipeline to 2026-01-10T15:00:00+00:00, run_after=2026-01-11T15:00:00+00:00
[2026-01-10T20:16:51.628+0000] {processor.py:183} INFO - Processing /opt/airflow/dags/crime_analysis_pipeline.py took 0.068 seconds
[2026-01-10T20:17:21.814+0000] {processor.py:161} INFO - Started process (PID=5041) to work on /opt/airflow/dags/crime_analysis_pipeline.py
[2026-01-10T20:17:21.816+0000] {processor.py:830} INFO - Processing file /opt/airflow/dags/crime_analysis_pipeline.py for tasks to queue
[2026-01-10T20:17:21.817+0000] {logging_mixin.py:188} INFO - [2026-01-10T20:17:21.817+0000] {dagbag.py:538} INFO - Filling up the DagBag from /opt/airflow/dags/crime_analysis_pipeline.py
[2026-01-10T20:17:21.840+0000] {processor.py:840} INFO - DAG(s) 'crime_analysis_pipeline' retrieved from /opt/airflow/dags/crime_analysis_pipeline.py
[2026-01-10T20:17:21.862+0000] {logging_mixin.py:188} INFO - [2026-01-10T20:17:21.862+0000] {dag.py:3033} INFO - Sync 1 DAGs
[2026-01-10T20:17:21.878+0000] {logging_mixin.py:188} INFO - [2026-01-10T20:17:21.878+0000] {dag.py:3820} INFO - Setting next_dagrun for crime_analysis_pipeline to 2026-01-10T15:00:00+00:00, run_after=2026-01-11T15:00:00+00:00
[2026-01-10T20:17:21.890+0000] {processor.py:183} INFO - Processing /opt/airflow/dags/crime_analysis_pipeline.py took 0.083 seconds
[2026-01-10T20:17:52.049+0000] {processor.py:161} INFO - Started process (PID=5043) to work on /opt/airflow/dags/crime_analysis_pipeline.py
[2026-01-10T20:17:52.051+0000] {processor.py:830} INFO - Processing file /opt/airflow/dags/crime_analysis_pipeline.py for tasks to queue
[2026-01-10T20:17:52.052+0000] {logging_mixin.py:188} INFO - [2026-01-10T20:17:52.052+0000] {dagbag.py:538} INFO - Filling up the DagBag from /opt/airflow/dags/crime_analysis_pipeline.py
[2026-01-10T20:17:52.075+0000] {processor.py:840} INFO - DAG(s) 'crime_analysis_pipeline' retrieved from /opt/airflow/dags/crime_analysis_pipeline.py
[2026-01-10T20:17:52.113+0000] {logging_mixin.py:188} INFO - [2026-01-10T20:17:52.113+0000] {dag.py:3033} INFO - Sync 1 DAGs
[2026-01-10T20:17:52.131+0000] {logging_mixin.py:188} INFO - [2026-01-10T20:17:52.131+0000] {dag.py:3820} INFO - Setting next_dagrun for crime_analysis_pipeline to 2026-01-10T15:00:00+00:00, run_after=2026-01-11T15:00:00+00:00
[2026-01-10T20:17:52.147+0000] {processor.py:183} INFO - Processing /opt/airflow/dags/crime_analysis_pipeline.py took 0.106 seconds
[2026-01-10T20:18:22.446+0000] {processor.py:161} INFO - Started process (PID=5045) to work on /opt/airflow/dags/crime_analysis_pipeline.py
[2026-01-10T20:18:22.448+0000] {processor.py:830} INFO - Processing file /opt/airflow/dags/crime_analysis_pipeline.py for tasks to queue
[2026-01-10T20:18:22.449+0000] {logging_mixin.py:188} INFO - [2026-01-10T20:18:22.448+0000] {dagbag.py:538} INFO - Filling up the DagBag from /opt/airflow/dags/crime_analysis_pipeline.py
[2026-01-10T20:18:22.467+0000] {processor.py:840} INFO - DAG(s) 'crime_analysis_pipeline' retrieved from /opt/airflow/dags/crime_analysis_pipeline.py
[2026-01-10T20:18:22.487+0000] {logging_mixin.py:188} INFO - [2026-01-10T20:18:22.487+0000] {dag.py:3033} INFO - Sync 1 DAGs
[2026-01-10T20:18:22.507+0000] {logging_mixin.py:188} INFO - [2026-01-10T20:18:22.507+0000] {dag.py:3820} INFO - Setting next_dagrun for crime_analysis_pipeline to 2026-01-10T15:00:00+00:00, run_after=2026-01-11T15:00:00+00:00
[2026-01-10T20:18:22.522+0000] {processor.py:183} INFO - Processing /opt/airflow/dags/crime_analysis_pipeline.py took 0.082 seconds
[2026-01-10T20:18:52.686+0000] {processor.py:161} INFO - Started process (PID=5047) to work on /opt/airflow/dags/crime_analysis_pipeline.py
[2026-01-10T20:18:52.687+0000] {processor.py:830} INFO - Processing file /opt/airflow/dags/crime_analysis_pipeline.py for tasks to queue
[2026-01-10T20:18:52.688+0000] {logging_mixin.py:188} INFO - [2026-01-10T20:18:52.688+0000] {dagbag.py:538} INFO - Filling up the DagBag from /opt/airflow/dags/crime_analysis_pipeline.py
[2026-01-10T20:18:52.698+0000] {processor.py:840} INFO - DAG(s) 'crime_analysis_pipeline' retrieved from /opt/airflow/dags/crime_analysis_pipeline.py
[2026-01-10T20:18:52.717+0000] {logging_mixin.py:188} INFO - [2026-01-10T20:18:52.717+0000] {dag.py:3033} INFO - Sync 1 DAGs
[2026-01-10T20:18:52.731+0000] {logging_mixin.py:188} INFO - [2026-01-10T20:18:52.731+0000] {dag.py:3820} INFO - Setting next_dagrun for crime_analysis_pipeline to 2026-01-10T15:00:00+00:00, run_after=2026-01-11T15:00:00+00:00
[2026-01-10T20:18:52.747+0000] {processor.py:183} INFO - Processing /opt/airflow/dags/crime_analysis_pipeline.py took 0.066 seconds
[2026-01-10T20:19:22.954+0000] {processor.py:161} INFO - Started process (PID=5049) to work on /opt/airflow/dags/crime_analysis_pipeline.py
[2026-01-10T20:19:22.955+0000] {processor.py:830} INFO - Processing file /opt/airflow/dags/crime_analysis_pipeline.py for tasks to queue
[2026-01-10T20:19:22.955+0000] {logging_mixin.py:188} INFO - [2026-01-10T20:19:22.955+0000] {dagbag.py:538} INFO - Filling up the DagBag from /opt/airflow/dags/crime_analysis_pipeline.py
[2026-01-10T20:19:22.974+0000] {processor.py:840} INFO - DAG(s) 'crime_analysis_pipeline' retrieved from /opt/airflow/dags/crime_analysis_pipeline.py
[2026-01-10T20:19:22.994+0000] {logging_mixin.py:188} INFO - [2026-01-10T20:19:22.994+0000] {dag.py:3033} INFO - Sync 1 DAGs
[2026-01-10T20:19:23.009+0000] {logging_mixin.py:188} INFO - [2026-01-10T20:19:23.009+0000] {dag.py:3820} INFO - Setting next_dagrun for crime_analysis_pipeline to 2026-01-10T15:00:00+00:00, run_after=2026-01-11T15:00:00+00:00
[2026-01-10T20:19:23.021+0000] {processor.py:183} INFO - Processing /opt/airflow/dags/crime_analysis_pipeline.py took 0.074 seconds
[2026-01-10T20:19:53.197+0000] {processor.py:161} INFO - Started process (PID=5051) to work on /opt/airflow/dags/crime_analysis_pipeline.py
[2026-01-10T20:19:53.199+0000] {processor.py:830} INFO - Processing file /opt/airflow/dags/crime_analysis_pipeline.py for tasks to queue
[2026-01-10T20:19:53.200+0000] {logging_mixin.py:188} INFO - [2026-01-10T20:19:53.199+0000] {dagbag.py:538} INFO - Filling up the DagBag from /opt/airflow/dags/crime_analysis_pipeline.py
[2026-01-10T20:19:53.228+0000] {processor.py:840} INFO - DAG(s) 'crime_analysis_pipeline' retrieved from /opt/airflow/dags/crime_analysis_pipeline.py
[2026-01-10T20:19:53.258+0000] {logging_mixin.py:188} INFO - [2026-01-10T20:19:53.258+0000] {dag.py:3033} INFO - Sync 1 DAGs
[2026-01-10T20:19:53.277+0000] {logging_mixin.py:188} INFO - [2026-01-10T20:19:53.277+0000] {dag.py:3820} INFO - Setting next_dagrun for crime_analysis_pipeline to 2026-01-10T15:00:00+00:00, run_after=2026-01-11T15:00:00+00:00
[2026-01-10T20:19:53.291+0000] {processor.py:183} INFO - Processing /opt/airflow/dags/crime_analysis_pipeline.py took 0.102 seconds
[2026-01-10T20:20:23.520+0000] {processor.py:161} INFO - Started process (PID=5053) to work on /opt/airflow/dags/crime_analysis_pipeline.py
[2026-01-10T20:20:23.522+0000] {processor.py:830} INFO - Processing file /opt/airflow/dags/crime_analysis_pipeline.py for tasks to queue
[2026-01-10T20:20:23.523+0000] {logging_mixin.py:188} INFO - [2026-01-10T20:20:23.523+0000] {dagbag.py:538} INFO - Filling up the DagBag from /opt/airflow/dags/crime_analysis_pipeline.py
[2026-01-10T20:20:23.534+0000] {processor.py:840} INFO - DAG(s) 'crime_analysis_pipeline' retrieved from /opt/airflow/dags/crime_analysis_pipeline.py
[2026-01-10T20:20:23.556+0000] {logging_mixin.py:188} INFO - [2026-01-10T20:20:23.556+0000] {dag.py:3033} INFO - Sync 1 DAGs
[2026-01-10T20:20:23.569+0000] {logging_mixin.py:188} INFO - [2026-01-10T20:20:23.569+0000] {dag.py:3820} INFO - Setting next_dagrun for crime_analysis_pipeline to 2026-01-10T15:00:00+00:00, run_after=2026-01-11T15:00:00+00:00
[2026-01-10T20:20:23.578+0000] {processor.py:183} INFO - Processing /opt/airflow/dags/crime_analysis_pipeline.py took 0.063 seconds
[2026-01-10T20:20:53.842+0000] {processor.py:161} INFO - Started process (PID=5055) to work on /opt/airflow/dags/crime_analysis_pipeline.py
[2026-01-10T20:20:53.844+0000] {processor.py:830} INFO - Processing file /opt/airflow/dags/crime_analysis_pipeline.py for tasks to queue
[2026-01-10T20:20:53.845+0000] {logging_mixin.py:188} INFO - [2026-01-10T20:20:53.845+0000] {dagbag.py:538} INFO - Filling up the DagBag from /opt/airflow/dags/crime_analysis_pipeline.py
[2026-01-10T20:20:53.865+0000] {processor.py:840} INFO - DAG(s) 'crime_analysis_pipeline' retrieved from /opt/airflow/dags/crime_analysis_pipeline.py
[2026-01-10T20:20:53.889+0000] {logging_mixin.py:188} INFO - [2026-01-10T20:20:53.888+0000] {dag.py:3033} INFO - Sync 1 DAGs
[2026-01-10T20:20:53.903+0000] {logging_mixin.py:188} INFO - [2026-01-10T20:20:53.903+0000] {dag.py:3820} INFO - Setting next_dagrun for crime_analysis_pipeline to 2026-01-10T15:00:00+00:00, run_after=2026-01-11T15:00:00+00:00
[2026-01-10T20:20:53.913+0000] {processor.py:183} INFO - Processing /opt/airflow/dags/crime_analysis_pipeline.py took 0.076 seconds
[2026-01-10T20:21:24.176+0000] {processor.py:161} INFO - Started process (PID=5057) to work on /opt/airflow/dags/crime_analysis_pipeline.py
[2026-01-10T20:21:24.177+0000] {processor.py:830} INFO - Processing file /opt/airflow/dags/crime_analysis_pipeline.py for tasks to queue
[2026-01-10T20:21:24.179+0000] {logging_mixin.py:188} INFO - [2026-01-10T20:21:24.178+0000] {dagbag.py:538} INFO - Filling up the DagBag from /opt/airflow/dags/crime_analysis_pipeline.py
[2026-01-10T20:21:24.202+0000] {processor.py:840} INFO - DAG(s) 'crime_analysis_pipeline' retrieved from /opt/airflow/dags/crime_analysis_pipeline.py
[2026-01-10T20:21:24.226+0000] {logging_mixin.py:188} INFO - [2026-01-10T20:21:24.226+0000] {dag.py:3033} INFO - Sync 1 DAGs
[2026-01-10T20:21:24.241+0000] {logging_mixin.py:188} INFO - [2026-01-10T20:21:24.241+0000] {dag.py:3820} INFO - Setting next_dagrun for crime_analysis_pipeline to 2026-01-10T15:00:00+00:00, run_after=2026-01-11T15:00:00+00:00
[2026-01-10T20:21:24.254+0000] {processor.py:183} INFO - Processing /opt/airflow/dags/crime_analysis_pipeline.py took 0.086 seconds
[2026-01-10T20:21:54.412+0000] {processor.py:161} INFO - Started process (PID=5059) to work on /opt/airflow/dags/crime_analysis_pipeline.py
[2026-01-10T20:21:54.413+0000] {processor.py:830} INFO - Processing file /opt/airflow/dags/crime_analysis_pipeline.py for tasks to queue
[2026-01-10T20:21:54.413+0000] {logging_mixin.py:188} INFO - [2026-01-10T20:21:54.413+0000] {dagbag.py:538} INFO - Filling up the DagBag from /opt/airflow/dags/crime_analysis_pipeline.py
[2026-01-10T20:21:54.423+0000] {processor.py:840} INFO - DAG(s) 'crime_analysis_pipeline' retrieved from /opt/airflow/dags/crime_analysis_pipeline.py
[2026-01-10T20:21:54.439+0000] {logging_mixin.py:188} INFO - [2026-01-10T20:21:54.439+0000] {dag.py:3033} INFO - Sync 1 DAGs
[2026-01-10T20:21:54.451+0000] {logging_mixin.py:188} INFO - [2026-01-10T20:21:54.450+0000] {dag.py:3820} INFO - Setting next_dagrun for crime_analysis_pipeline to 2026-01-10T15:00:00+00:00, run_after=2026-01-11T15:00:00+00:00
[2026-01-10T20:21:54.462+0000] {processor.py:183} INFO - Processing /opt/airflow/dags/crime_analysis_pipeline.py took 0.052 seconds
[2026-01-10T20:22:24.830+0000] {processor.py:161} INFO - Started process (PID=5061) to work on /opt/airflow/dags/crime_analysis_pipeline.py
[2026-01-10T20:22:24.837+0000] {processor.py:830} INFO - Processing file /opt/airflow/dags/crime_analysis_pipeline.py for tasks to queue
[2026-01-10T20:22:24.839+0000] {logging_mixin.py:188} INFO - [2026-01-10T20:22:24.838+0000] {dagbag.py:538} INFO - Filling up the DagBag from /opt/airflow/dags/crime_analysis_pipeline.py
[2026-01-10T20:22:24.864+0000] {processor.py:840} INFO - DAG(s) 'crime_analysis_pipeline' retrieved from /opt/airflow/dags/crime_analysis_pipeline.py
[2026-01-10T20:22:24.887+0000] {logging_mixin.py:188} INFO - [2026-01-10T20:22:24.887+0000] {dag.py:3033} INFO - Sync 1 DAGs
[2026-01-10T20:22:24.906+0000] {logging_mixin.py:188} INFO - [2026-01-10T20:22:24.906+0000] {dag.py:3820} INFO - Setting next_dagrun for crime_analysis_pipeline to 2026-01-10T15:00:00+00:00, run_after=2026-01-11T15:00:00+00:00
[2026-01-10T20:22:24.921+0000] {processor.py:183} INFO - Processing /opt/airflow/dags/crime_analysis_pipeline.py took 0.101 seconds
[2026-01-10T20:22:55.165+0000] {processor.py:161} INFO - Started process (PID=5063) to work on /opt/airflow/dags/crime_analysis_pipeline.py
[2026-01-10T20:22:55.166+0000] {processor.py:830} INFO - Processing file /opt/airflow/dags/crime_analysis_pipeline.py for tasks to queue
[2026-01-10T20:22:55.166+0000] {logging_mixin.py:188} INFO - [2026-01-10T20:22:55.166+0000] {dagbag.py:538} INFO - Filling up the DagBag from /opt/airflow/dags/crime_analysis_pipeline.py
[2026-01-10T20:22:55.178+0000] {processor.py:840} INFO - DAG(s) 'crime_analysis_pipeline' retrieved from /opt/airflow/dags/crime_analysis_pipeline.py
[2026-01-10T20:22:55.192+0000] {logging_mixin.py:188} INFO - [2026-01-10T20:22:55.192+0000] {dag.py:3033} INFO - Sync 1 DAGs
[2026-01-10T20:22:55.208+0000] {logging_mixin.py:188} INFO - [2026-01-10T20:22:55.207+0000] {dag.py:3820} INFO - Setting next_dagrun for crime_analysis_pipeline to 2026-01-10T15:00:00+00:00, run_after=2026-01-11T15:00:00+00:00
[2026-01-10T20:22:55.217+0000] {processor.py:183} INFO - Processing /opt/airflow/dags/crime_analysis_pipeline.py took 0.055 seconds
[2026-01-10T20:23:25.471+0000] {processor.py:161} INFO - Started process (PID=5065) to work on /opt/airflow/dags/crime_analysis_pipeline.py
[2026-01-10T20:23:25.472+0000] {processor.py:830} INFO - Processing file /opt/airflow/dags/crime_analysis_pipeline.py for tasks to queue
[2026-01-10T20:23:25.473+0000] {logging_mixin.py:188} INFO - [2026-01-10T20:23:25.472+0000] {dagbag.py:538} INFO - Filling up the DagBag from /opt/airflow/dags/crime_analysis_pipeline.py
[2026-01-10T20:23:25.489+0000] {processor.py:840} INFO - DAG(s) 'crime_analysis_pipeline' retrieved from /opt/airflow/dags/crime_analysis_pipeline.py
[2026-01-10T20:23:25.509+0000] {logging_mixin.py:188} INFO - [2026-01-10T20:23:25.509+0000] {dag.py:3033} INFO - Sync 1 DAGs
[2026-01-10T20:23:25.522+0000] {logging_mixin.py:188} INFO - [2026-01-10T20:23:25.522+0000] {dag.py:3820} INFO - Setting next_dagrun for crime_analysis_pipeline to 2026-01-10T15:00:00+00:00, run_after=2026-01-11T15:00:00+00:00
[2026-01-10T20:23:25.533+0000] {processor.py:183} INFO - Processing /opt/airflow/dags/crime_analysis_pipeline.py took 0.067 seconds
[2026-01-10T20:24:54.693+0000] {processor.py:161} INFO - Started process (PID=5067) to work on /opt/airflow/dags/crime_analysis_pipeline.py
[2026-01-10T20:24:54.700+0000] {processor.py:830} INFO - Processing file /opt/airflow/dags/crime_analysis_pipeline.py for tasks to queue
[2026-01-10T20:24:54.703+0000] {logging_mixin.py:188} INFO - [2026-01-10T20:24:54.702+0000] {dagbag.py:538} INFO - Filling up the DagBag from /opt/airflow/dags/crime_analysis_pipeline.py
[2026-01-10T20:24:54.721+0000] {processor.py:840} INFO - DAG(s) 'crime_analysis_pipeline' retrieved from /opt/airflow/dags/crime_analysis_pipeline.py
[2026-01-10T20:24:54.746+0000] {logging_mixin.py:188} INFO - [2026-01-10T20:24:54.746+0000] {dag.py:3033} INFO - Sync 1 DAGs
[2026-01-10T20:24:54.768+0000] {logging_mixin.py:188} INFO - [2026-01-10T20:24:54.768+0000] {dag.py:3820} INFO - Setting next_dagrun for crime_analysis_pipeline to 2026-01-10T15:00:00+00:00, run_after=2026-01-11T15:00:00+00:00
[2026-01-10T20:24:54.782+0000] {processor.py:183} INFO - Processing /opt/airflow/dags/crime_analysis_pipeline.py took 0.096 seconds
[2026-01-10T20:44:03.231+0000] {processor.py:161} INFO - Started process (PID=5071) to work on /opt/airflow/dags/crime_analysis_pipeline.py
[2026-01-10T20:44:03.233+0000] {processor.py:830} INFO - Processing file /opt/airflow/dags/crime_analysis_pipeline.py for tasks to queue
[2026-01-10T20:44:03.242+0000] {logging_mixin.py:188} INFO - [2026-01-10T20:44:03.237+0000] {dagbag.py:538} INFO - Filling up the DagBag from /opt/airflow/dags/crime_analysis_pipeline.py
[2026-01-10T20:44:03.278+0000] {processor.py:840} INFO - DAG(s) 'crime_analysis_pipeline' retrieved from /opt/airflow/dags/crime_analysis_pipeline.py
[2026-01-10T20:44:03.318+0000] {logging_mixin.py:188} INFO - [2026-01-10T20:44:03.318+0000] {dag.py:3033} INFO - Sync 1 DAGs
[2026-01-10T20:44:03.366+0000] {logging_mixin.py:188} INFO - [2026-01-10T20:44:03.365+0000] {dag.py:3820} INFO - Setting next_dagrun for crime_analysis_pipeline to 2026-01-10T15:00:00+00:00, run_after=2026-01-11T15:00:00+00:00
[2026-01-10T20:44:03.400+0000] {processor.py:183} INFO - Processing /opt/airflow/dags/crime_analysis_pipeline.py took 0.174 seconds
[2026-01-10T20:44:33.522+0000] {processor.py:161} INFO - Started process (PID=5073) to work on /opt/airflow/dags/crime_analysis_pipeline.py
[2026-01-10T20:44:33.523+0000] {processor.py:830} INFO - Processing file /opt/airflow/dags/crime_analysis_pipeline.py for tasks to queue
[2026-01-10T20:44:33.524+0000] {logging_mixin.py:188} INFO - [2026-01-10T20:44:33.524+0000] {dagbag.py:538} INFO - Filling up the DagBag from /opt/airflow/dags/crime_analysis_pipeline.py
[2026-01-10T20:44:33.542+0000] {processor.py:840} INFO - DAG(s) 'crime_analysis_pipeline' retrieved from /opt/airflow/dags/crime_analysis_pipeline.py
[2026-01-10T20:44:33.562+0000] {logging_mixin.py:188} INFO - [2026-01-10T20:44:33.562+0000] {dag.py:3033} INFO - Sync 1 DAGs
[2026-01-10T20:44:33.578+0000] {logging_mixin.py:188} INFO - [2026-01-10T20:44:33.578+0000] {dag.py:3820} INFO - Setting next_dagrun for crime_analysis_pipeline to 2026-01-10T15:00:00+00:00, run_after=2026-01-11T15:00:00+00:00
[2026-01-10T20:44:33.589+0000] {processor.py:183} INFO - Processing /opt/airflow/dags/crime_analysis_pipeline.py took 0.072 seconds
[2026-01-10T20:45:03.803+0000] {processor.py:161} INFO - Started process (PID=5075) to work on /opt/airflow/dags/crime_analysis_pipeline.py
[2026-01-10T20:45:03.804+0000] {processor.py:830} INFO - Processing file /opt/airflow/dags/crime_analysis_pipeline.py for tasks to queue
[2026-01-10T20:45:03.805+0000] {logging_mixin.py:188} INFO - [2026-01-10T20:45:03.805+0000] {dagbag.py:538} INFO - Filling up the DagBag from /opt/airflow/dags/crime_analysis_pipeline.py
[2026-01-10T20:45:03.823+0000] {processor.py:840} INFO - DAG(s) 'crime_analysis_pipeline' retrieved from /opt/airflow/dags/crime_analysis_pipeline.py
[2026-01-10T20:45:03.846+0000] {logging_mixin.py:188} INFO - [2026-01-10T20:45:03.846+0000] {dag.py:3033} INFO - Sync 1 DAGs
[2026-01-10T20:45:03.859+0000] {logging_mixin.py:188} INFO - [2026-01-10T20:45:03.858+0000] {dag.py:3820} INFO - Setting next_dagrun for crime_analysis_pipeline to 2026-01-10T15:00:00+00:00, run_after=2026-01-11T15:00:00+00:00
[2026-01-10T20:45:03.869+0000] {processor.py:183} INFO - Processing /opt/airflow/dags/crime_analysis_pipeline.py took 0.071 seconds
[2026-01-10T20:45:34.043+0000] {processor.py:161} INFO - Started process (PID=5077) to work on /opt/airflow/dags/crime_analysis_pipeline.py
[2026-01-10T20:45:34.044+0000] {processor.py:830} INFO - Processing file /opt/airflow/dags/crime_analysis_pipeline.py for tasks to queue
[2026-01-10T20:45:34.046+0000] {logging_mixin.py:188} INFO - [2026-01-10T20:45:34.045+0000] {dagbag.py:538} INFO - Filling up the DagBag from /opt/airflow/dags/crime_analysis_pipeline.py
[2026-01-10T20:45:34.057+0000] {processor.py:840} INFO - DAG(s) 'crime_analysis_pipeline' retrieved from /opt/airflow/dags/crime_analysis_pipeline.py
[2026-01-10T20:45:34.074+0000] {logging_mixin.py:188} INFO - [2026-01-10T20:45:34.074+0000] {dag.py:3033} INFO - Sync 1 DAGs
[2026-01-10T20:45:34.088+0000] {logging_mixin.py:188} INFO - [2026-01-10T20:45:34.088+0000] {dag.py:3820} INFO - Setting next_dagrun for crime_analysis_pipeline to 2026-01-10T15:00:00+00:00, run_after=2026-01-11T15:00:00+00:00
[2026-01-10T20:45:34.103+0000] {processor.py:183} INFO - Processing /opt/airflow/dags/crime_analysis_pipeline.py took 0.064 seconds
[2026-01-10T20:46:04.382+0000] {processor.py:161} INFO - Started process (PID=5079) to work on /opt/airflow/dags/crime_analysis_pipeline.py
[2026-01-10T20:46:04.384+0000] {processor.py:830} INFO - Processing file /opt/airflow/dags/crime_analysis_pipeline.py for tasks to queue
[2026-01-10T20:46:04.385+0000] {logging_mixin.py:188} INFO - [2026-01-10T20:46:04.385+0000] {dagbag.py:538} INFO - Filling up the DagBag from /opt/airflow/dags/crime_analysis_pipeline.py
[2026-01-10T20:46:04.396+0000] {processor.py:840} INFO - DAG(s) 'crime_analysis_pipeline' retrieved from /opt/airflow/dags/crime_analysis_pipeline.py
[2026-01-10T20:46:04.412+0000] {logging_mixin.py:188} INFO - [2026-01-10T20:46:04.412+0000] {dag.py:3033} INFO - Sync 1 DAGs
[2026-01-10T20:46:04.423+0000] {logging_mixin.py:188} INFO - [2026-01-10T20:46:04.423+0000] {dag.py:3820} INFO - Setting next_dagrun for crime_analysis_pipeline to 2026-01-10T15:00:00+00:00, run_after=2026-01-11T15:00:00+00:00
[2026-01-10T20:46:04.434+0000] {processor.py:183} INFO - Processing /opt/airflow/dags/crime_analysis_pipeline.py took 0.056 seconds
[2026-01-10T20:46:34.699+0000] {processor.py:161} INFO - Started process (PID=5081) to work on /opt/airflow/dags/crime_analysis_pipeline.py
[2026-01-10T20:46:34.700+0000] {processor.py:830} INFO - Processing file /opt/airflow/dags/crime_analysis_pipeline.py for tasks to queue
[2026-01-10T20:46:34.701+0000] {logging_mixin.py:188} INFO - [2026-01-10T20:46:34.701+0000] {dagbag.py:538} INFO - Filling up the DagBag from /opt/airflow/dags/crime_analysis_pipeline.py
[2026-01-10T20:46:34.711+0000] {processor.py:840} INFO - DAG(s) 'crime_analysis_pipeline' retrieved from /opt/airflow/dags/crime_analysis_pipeline.py
[2026-01-10T20:46:34.729+0000] {logging_mixin.py:188} INFO - [2026-01-10T20:46:34.729+0000] {dag.py:3033} INFO - Sync 1 DAGs
[2026-01-10T20:46:34.741+0000] {logging_mixin.py:188} INFO - [2026-01-10T20:46:34.741+0000] {dag.py:3820} INFO - Setting next_dagrun for crime_analysis_pipeline to 2026-01-10T15:00:00+00:00, run_after=2026-01-11T15:00:00+00:00
[2026-01-10T20:46:34.751+0000] {processor.py:183} INFO - Processing /opt/airflow/dags/crime_analysis_pipeline.py took 0.056 seconds
[2026-01-10T21:02:58.267+0000] {processor.py:161} INFO - Started process (PID=5086) to work on /opt/airflow/dags/crime_analysis_pipeline.py
[2026-01-10T21:02:58.268+0000] {processor.py:830} INFO - Processing file /opt/airflow/dags/crime_analysis_pipeline.py for tasks to queue
[2026-01-10T21:02:58.273+0000] {logging_mixin.py:188} INFO - [2026-01-10T21:02:58.270+0000] {dagbag.py:538} INFO - Filling up the DagBag from /opt/airflow/dags/crime_analysis_pipeline.py
[2026-01-10T21:02:58.304+0000] {processor.py:840} INFO - DAG(s) 'crime_analysis_pipeline' retrieved from /opt/airflow/dags/crime_analysis_pipeline.py
[2026-01-10T21:02:58.343+0000] {logging_mixin.py:188} INFO - [2026-01-10T21:02:58.343+0000] {dag.py:3033} INFO - Sync 1 DAGs
[2026-01-10T21:02:58.368+0000] {logging_mixin.py:188} INFO - [2026-01-10T21:02:58.368+0000] {dag.py:3820} INFO - Setting next_dagrun for crime_analysis_pipeline to 2026-01-10T15:00:00+00:00, run_after=2026-01-11T15:00:00+00:00
[2026-01-10T21:02:58.390+0000] {processor.py:183} INFO - Processing /opt/airflow/dags/crime_analysis_pipeline.py took 0.127 seconds
[2026-01-10T21:09:47.055+0000] {processor.py:161} INFO - Started process (PID=5127) to work on /opt/airflow/dags/crime_analysis_pipeline.py
[2026-01-10T21:09:47.058+0000] {processor.py:830} INFO - Processing file /opt/airflow/dags/crime_analysis_pipeline.py for tasks to queue
[2026-01-10T21:09:47.059+0000] {logging_mixin.py:188} INFO - [2026-01-10T21:09:47.059+0000] {dagbag.py:538} INFO - Filling up the DagBag from /opt/airflow/dags/crime_analysis_pipeline.py
[2026-01-10T21:09:47.089+0000] {processor.py:840} INFO - DAG(s) 'crime_analysis_pipeline' retrieved from /opt/airflow/dags/crime_analysis_pipeline.py
[2026-01-10T21:09:47.138+0000] {logging_mixin.py:188} INFO - [2026-01-10T21:09:47.137+0000] {dag.py:3033} INFO - Sync 1 DAGs
[2026-01-10T21:09:47.179+0000] {logging_mixin.py:188} INFO - [2026-01-10T21:09:47.179+0000] {dag.py:3820} INFO - Setting next_dagrun for crime_analysis_pipeline to 2026-01-10T15:00:00+00:00, run_after=2026-01-11T15:00:00+00:00
[2026-01-10T21:09:47.201+0000] {processor.py:183} INFO - Processing /opt/airflow/dags/crime_analysis_pipeline.py took 0.150 seconds
[2026-01-10T22:14:09.431+0000] {processor.py:161} INFO - Started process (PID=5129) to work on /opt/airflow/dags/crime_analysis_pipeline.py
[2026-01-10T22:14:09.433+0000] {processor.py:830} INFO - Processing file /opt/airflow/dags/crime_analysis_pipeline.py for tasks to queue
[2026-01-10T22:14:09.434+0000] {logging_mixin.py:188} INFO - [2026-01-10T22:14:09.434+0000] {dagbag.py:538} INFO - Filling up the DagBag from /opt/airflow/dags/crime_analysis_pipeline.py
[2026-01-10T22:14:09.465+0000] {processor.py:840} INFO - DAG(s) 'crime_analysis_pipeline' retrieved from /opt/airflow/dags/crime_analysis_pipeline.py
[2026-01-10T22:14:09.498+0000] {logging_mixin.py:188} INFO - [2026-01-10T22:14:09.497+0000] {dag.py:3033} INFO - Sync 1 DAGs
[2026-01-10T22:14:09.523+0000] {logging_mixin.py:188} INFO - [2026-01-10T22:14:09.523+0000] {dag.py:3820} INFO - Setting next_dagrun for crime_analysis_pipeline to 2026-01-10T15:00:00+00:00, run_after=2026-01-11T15:00:00+00:00
[2026-01-10T22:14:09.544+0000] {processor.py:183} INFO - Processing /opt/airflow/dags/crime_analysis_pipeline.py took 0.118 seconds
[2026-01-10T22:24:30.129+0000] {processor.py:161} INFO - Started process (PID=5171) to work on /opt/airflow/dags/crime_analysis_pipeline.py
[2026-01-10T22:24:30.130+0000] {processor.py:830} INFO - Processing file /opt/airflow/dags/crime_analysis_pipeline.py for tasks to queue
[2026-01-10T22:24:30.132+0000] {logging_mixin.py:188} INFO - [2026-01-10T22:24:30.132+0000] {dagbag.py:538} INFO - Filling up the DagBag from /opt/airflow/dags/crime_analysis_pipeline.py
[2026-01-10T22:24:30.156+0000] {processor.py:840} INFO - DAG(s) 'crime_analysis_pipeline' retrieved from /opt/airflow/dags/crime_analysis_pipeline.py
[2026-01-10T22:24:30.193+0000] {logging_mixin.py:188} INFO - [2026-01-10T22:24:30.192+0000] {dag.py:3033} INFO - Sync 1 DAGs
[2026-01-10T22:24:30.227+0000] {logging_mixin.py:188} INFO - [2026-01-10T22:24:30.227+0000] {dag.py:3820} INFO - Setting next_dagrun for crime_analysis_pipeline to 2026-01-10T15:00:00+00:00, run_after=2026-01-11T15:00:00+00:00
[2026-01-10T22:24:30.256+0000] {processor.py:183} INFO - Processing /opt/airflow/dags/crime_analysis_pipeline.py took 0.134 seconds
[2026-01-10T23:25:36.975+0000] {processor.py:161} INFO - Started process (PID=5174) to work on /opt/airflow/dags/crime_analysis_pipeline.py
[2026-01-10T23:25:36.977+0000] {processor.py:830} INFO - Processing file /opt/airflow/dags/crime_analysis_pipeline.py for tasks to queue
[2026-01-10T23:25:36.979+0000] {logging_mixin.py:188} INFO - [2026-01-10T23:25:36.978+0000] {dagbag.py:538} INFO - Filling up the DagBag from /opt/airflow/dags/crime_analysis_pipeline.py
[2026-01-10T23:25:37.009+0000] {processor.py:840} INFO - DAG(s) 'crime_analysis_pipeline' retrieved from /opt/airflow/dags/crime_analysis_pipeline.py
[2026-01-10T23:25:37.039+0000] {logging_mixin.py:188} INFO - [2026-01-10T23:25:37.039+0000] {dag.py:3033} INFO - Sync 1 DAGs
[2026-01-10T23:25:37.061+0000] {logging_mixin.py:188} INFO - [2026-01-10T23:25:37.061+0000] {dag.py:3820} INFO - Setting next_dagrun for crime_analysis_pipeline to 2026-01-10T15:00:00+00:00, run_after=2026-01-11T15:00:00+00:00
[2026-01-10T23:25:37.077+0000] {processor.py:183} INFO - Processing /opt/airflow/dags/crime_analysis_pipeline.py took 0.106 seconds
[2026-01-10T23:42:19.794+0000] {processor.py:161} INFO - Started process (PID=5217) to work on /opt/airflow/dags/crime_analysis_pipeline.py
[2026-01-10T23:42:19.795+0000] {processor.py:830} INFO - Processing file /opt/airflow/dags/crime_analysis_pipeline.py for tasks to queue
[2026-01-10T23:42:19.796+0000] {logging_mixin.py:188} INFO - [2026-01-10T23:42:19.796+0000] {dagbag.py:538} INFO - Filling up the DagBag from /opt/airflow/dags/crime_analysis_pipeline.py
[2026-01-10T23:42:19.818+0000] {processor.py:840} INFO - DAG(s) 'crime_analysis_pipeline' retrieved from /opt/airflow/dags/crime_analysis_pipeline.py
[2026-01-10T23:42:19.849+0000] {logging_mixin.py:188} INFO - [2026-01-10T23:42:19.849+0000] {dag.py:3033} INFO - Sync 1 DAGs
[2026-01-10T23:42:19.867+0000] {logging_mixin.py:188} INFO - [2026-01-10T23:42:19.867+0000] {dag.py:3820} INFO - Setting next_dagrun for crime_analysis_pipeline to 2026-01-10T15:00:00+00:00, run_after=2026-01-11T15:00:00+00:00
[2026-01-10T23:42:19.880+0000] {processor.py:183} INFO - Processing /opt/airflow/dags/crime_analysis_pipeline.py took 0.090 seconds
[2026-01-10T23:44:45.324+0000] {processor.py:161} INFO - Started process (PID=5219) to work on /opt/airflow/dags/crime_analysis_pipeline.py
[2026-01-10T23:44:45.326+0000] {processor.py:830} INFO - Processing file /opt/airflow/dags/crime_analysis_pipeline.py for tasks to queue
[2026-01-10T23:44:45.326+0000] {logging_mixin.py:188} INFO - [2026-01-10T23:44:45.326+0000] {dagbag.py:538} INFO - Filling up the DagBag from /opt/airflow/dags/crime_analysis_pipeline.py
[2026-01-10T23:44:45.372+0000] {processor.py:840} INFO - DAG(s) 'crime_analysis_pipeline' retrieved from /opt/airflow/dags/crime_analysis_pipeline.py
[2026-01-10T23:44:45.438+0000] {logging_mixin.py:188} INFO - [2026-01-10T23:44:45.437+0000] {dag.py:3033} INFO - Sync 1 DAGs
[2026-01-10T23:44:45.478+0000] {logging_mixin.py:188} INFO - [2026-01-10T23:44:45.478+0000] {dag.py:3820} INFO - Setting next_dagrun for crime_analysis_pipeline to 2026-01-10T15:00:00+00:00, run_after=2026-01-11T15:00:00+00:00
[2026-01-10T23:44:45.512+0000] {processor.py:183} INFO - Processing /opt/airflow/dags/crime_analysis_pipeline.py took 0.195 seconds
