[2026-01-12T15:00:22.848+0000] {taskinstance.py:1957} INFO - Dependencies all met for dep_context=non-requeueable deps ti=<TaskInstance: crime_analysis_pipeline.run_summary_statistics scheduled__2026-01-11T15:00:00+00:00 [queued]>
[2026-01-12T15:00:22.850+0000] {taskinstance.py:1957} INFO - Dependencies all met for dep_context=requeueable deps ti=<TaskInstance: crime_analysis_pipeline.run_summary_statistics scheduled__2026-01-11T15:00:00+00:00 [queued]>
[2026-01-12T15:00:22.850+0000] {taskinstance.py:2171} INFO - Starting attempt 1 of 2
[2026-01-12T15:00:22.854+0000] {taskinstance.py:2192} INFO - Executing <Task(_PythonDecoratedOperator): run_summary_statistics> on 2026-01-11 15:00:00+00:00
[2026-01-12T15:00:22.856+0000] {standard_task_runner.py:60} INFO - Started process 8168 to run task
[2026-01-12T15:00:22.858+0000] {standard_task_runner.py:87} INFO - Running: ['***', 'tasks', 'run', 'crime_analysis_pipeline', 'run_summary_statistics', 'scheduled__2026-01-11T15:00:00+00:00', '--job-id', '405', '--raw', '--subdir', 'DAGS_FOLDER/crime_analysis_pipeline.py', '--cfg-path', '/tmp/tmp2_78kwdq']
[2026-01-12T15:00:22.859+0000] {standard_task_runner.py:88} INFO - Job 405: Subtask run_summary_statistics
[2026-01-12T15:00:22.864+0000] {logging_mixin.py:188} WARNING - /home/***/.local/lib/python3.8/site-packages/***/settings.py:195 DeprecationWarning: The sql_alchemy_conn option in [core] has been moved to the sql_alchemy_conn option in [database] - the old setting has been used, but please update your config.
[2026-01-12T15:00:22.876+0000] {task_command.py:423} INFO - Running <TaskInstance: crime_analysis_pipeline.run_summary_statistics scheduled__2026-01-11T15:00:00+00:00 [running]> on host 1ded0c8eea01
[2026-01-12T15:00:22.959+0000] {taskinstance.py:2481} INFO - Exporting env vars: AIRFLOW_CTX_DAG_OWNER='crime-analysis' AIRFLOW_CTX_DAG_ID='crime_analysis_pipeline' AIRFLOW_CTX_TASK_ID='run_summary_statistics' AIRFLOW_CTX_EXECUTION_DATE='2026-01-11T15:00:00+00:00' AIRFLOW_CTX_TRY_NUMBER='1' AIRFLOW_CTX_DAG_RUN_ID='scheduled__2026-01-11T15:00:00+00:00'
[2026-01-12T15:00:22.959+0000] {logging_mixin.py:188} INFO - 🔄 Running summary statistics...
[2026-01-12T15:00:24.402+0000] {logging_mixin.py:188} INFO - ❌ Error running summary statistics: Expecting value: line 1 column 1 (char 0)
[2026-01-12T15:00:24.403+0000] {python.py:201} INFO - Done. Returned value was: {'status': 'error', 'error': 'Expecting value: line 1 column 1 (char 0)'}
[2026-01-12T15:00:24.423+0000] {taskinstance.py:1138} INFO - Marking task as SUCCESS. dag_id=crime_analysis_pipeline, task_id=run_summary_statistics, execution_date=20260111T150000, start_date=20260112T150022, end_date=20260112T150024
[2026-01-12T15:00:24.451+0000] {local_task_job_runner.py:234} INFO - Task exited with return code 0
[2026-01-12T15:00:24.466+0000] {taskinstance.py:3281} INFO - 1 downstream tasks scheduled from follow-on schedule check
[2026-01-12T17:11:09.250+0000] {taskinstance.py:1957} INFO - Dependencies all met for dep_context=non-requeueable deps ti=<TaskInstance: crime_analysis_pipeline.run_summary_statistics scheduled__2026-01-11T15:00:00+00:00 [queued]>
[2026-01-12T17:11:09.253+0000] {taskinstance.py:1957} INFO - Dependencies all met for dep_context=requeueable deps ti=<TaskInstance: crime_analysis_pipeline.run_summary_statistics scheduled__2026-01-11T15:00:00+00:00 [queued]>
[2026-01-12T17:11:09.254+0000] {taskinstance.py:2171} INFO - Starting attempt 1 of 2
[2026-01-12T17:11:09.257+0000] {taskinstance.py:2192} INFO - Executing <Task(_PythonDecoratedOperator): run_summary_statistics> on 2026-01-11 15:00:00+00:00
[2026-01-12T17:11:09.260+0000] {standard_task_runner.py:60} INFO - Started process 109 to run task
[2026-01-12T17:11:09.262+0000] {standard_task_runner.py:87} INFO - Running: ['***', 'tasks', 'run', 'crime_analysis_pipeline', 'run_summary_statistics', 'scheduled__2026-01-11T15:00:00+00:00', '--job-id', '9', '--raw', '--subdir', 'DAGS_FOLDER/crime_analysis_pipeline.py', '--cfg-path', '/tmp/tmpvbd9zct6']
[2026-01-12T17:11:09.263+0000] {standard_task_runner.py:88} INFO - Job 9: Subtask run_summary_statistics
[2026-01-12T17:11:09.270+0000] {logging_mixin.py:188} WARNING - /home/***/.local/lib/python3.8/site-packages/***/settings.py:195 DeprecationWarning: The sql_alchemy_conn option in [core] has been moved to the sql_alchemy_conn option in [database] - the old setting has been used, but please update your config.
[2026-01-12T17:11:09.288+0000] {task_command.py:423} INFO - Running <TaskInstance: crime_analysis_pipeline.run_summary_statistics scheduled__2026-01-11T15:00:00+00:00 [running]> on host 0e74bb8933bd
[2026-01-12T17:11:09.390+0000] {taskinstance.py:2481} INFO - Exporting env vars: AIRFLOW_CTX_DAG_OWNER='crime-analysis' AIRFLOW_CTX_DAG_ID='crime_analysis_pipeline' AIRFLOW_CTX_TASK_ID='run_summary_statistics' AIRFLOW_CTX_EXECUTION_DATE='2026-01-11T15:00:00+00:00' AIRFLOW_CTX_TRY_NUMBER='1' AIRFLOW_CTX_DAG_RUN_ID='scheduled__2026-01-11T15:00:00+00:00'
[2026-01-12T17:11:09.390+0000] {logging_mixin.py:188} INFO - 🔄 Running summary statistics...
[2026-01-12T17:11:10.965+0000] {logging_mixin.py:188} INFO - ❌ Error running summary statistics: Expecting value: line 1 column 1 (char 0)
[2026-01-12T17:11:10.966+0000] {python.py:201} INFO - Done. Returned value was: {'status': 'error', 'error': 'Expecting value: line 1 column 1 (char 0)'}
[2026-01-12T17:11:10.990+0000] {taskinstance.py:1138} INFO - Marking task as SUCCESS. dag_id=crime_analysis_pipeline, task_id=run_summary_statistics, execution_date=20260111T150000, start_date=20260112T171109, end_date=20260112T171110
[2026-01-12T17:11:11.019+0000] {local_task_job_runner.py:234} INFO - Task exited with return code 0
[2026-01-12T17:11:11.038+0000] {taskinstance.py:3281} INFO - 0 downstream tasks scheduled from follow-on schedule check
[2026-01-12T21:50:36.854+0000] {taskinstance.py:1957} INFO - Dependencies all met for dep_context=non-requeueable deps ti=<TaskInstance: crime_analysis_pipeline.run_summary_statistics scheduled__2026-01-11T15:00:00+00:00 [queued]>
[2026-01-12T21:50:36.861+0000] {taskinstance.py:1957} INFO - Dependencies all met for dep_context=requeueable deps ti=<TaskInstance: crime_analysis_pipeline.run_summary_statistics scheduled__2026-01-11T15:00:00+00:00 [queued]>
[2026-01-12T21:50:36.862+0000] {taskinstance.py:2171} INFO - Starting attempt 1 of 2
[2026-01-12T21:50:36.872+0000] {taskinstance.py:2192} INFO - Executing <Task(_PythonDecoratedOperator): run_summary_statistics> on 2026-01-11 15:00:00+00:00
[2026-01-12T21:50:36.879+0000] {standard_task_runner.py:60} INFO - Started process 136 to run task
[2026-01-12T21:50:36.882+0000] {standard_task_runner.py:87} INFO - Running: ['***', 'tasks', 'run', 'crime_analysis_pipeline', 'run_summary_statistics', 'scheduled__2026-01-11T15:00:00+00:00', '--job-id', '8', '--raw', '--subdir', 'DAGS_FOLDER/crime_analysis_pipeline.py', '--cfg-path', '/tmp/tmp1514cpv8']
[2026-01-12T21:50:36.885+0000] {standard_task_runner.py:88} INFO - Job 8: Subtask run_summary_statistics
[2026-01-12T21:50:36.908+0000] {logging_mixin.py:188} WARNING - /home/***/.local/lib/python3.8/site-packages/***/settings.py:195 DeprecationWarning: The sql_alchemy_conn option in [core] has been moved to the sql_alchemy_conn option in [database] - the old setting has been used, but please update your config.
[2026-01-12T21:50:36.956+0000] {task_command.py:423} INFO - Running <TaskInstance: crime_analysis_pipeline.run_summary_statistics scheduled__2026-01-11T15:00:00+00:00 [running]> on host 30c265dce8e9
[2026-01-12T21:50:37.184+0000] {taskinstance.py:2481} INFO - Exporting env vars: AIRFLOW_CTX_DAG_OWNER='crime-analysis' AIRFLOW_CTX_DAG_ID='crime_analysis_pipeline' AIRFLOW_CTX_TASK_ID='run_summary_statistics' AIRFLOW_CTX_EXECUTION_DATE='2026-01-11T15:00:00+00:00' AIRFLOW_CTX_TRY_NUMBER='1' AIRFLOW_CTX_DAG_RUN_ID='scheduled__2026-01-11T15:00:00+00:00'
[2026-01-12T21:50:37.185+0000] {logging_mixin.py:188} INFO - 🔄 Running summary statistics...
[2026-01-12T21:50:37.199+0000] {logging_mixin.py:188} INFO - ❌ Error running summary statistics: HTTPConnectionPool(host='host.docker.internal', port=8080): Max retries exceeded with url: /api/simple-crimes/summary (Caused by NewConnectionError('<urllib3.connection.HTTPConnection object at 0x7ff0207a7b20>: Failed to establish a new connection: [Errno -2] Name or service not known'))
[2026-01-12T21:50:37.199+0000] {python.py:201} INFO - Done. Returned value was: {'status': 'error', 'error': "HTTPConnectionPool(host='host.docker.internal', port=8080): Max retries exceeded with url: /api/simple-crimes/summary (Caused by NewConnectionError('<urllib3.connection.HTTPConnection object at 0x7ff0207a7b20>: Failed to establish a new connection: [Errno -2] Name or service not known'))"}
[2026-01-12T21:50:37.244+0000] {taskinstance.py:1138} INFO - Marking task as SUCCESS. dag_id=crime_analysis_pipeline, task_id=run_summary_statistics, execution_date=20260111T150000, start_date=20260112T215036, end_date=20260112T215037
[2026-01-12T21:50:37.296+0000] {local_task_job_runner.py:234} INFO - Task exited with return code 0
[2026-01-12T21:50:37.327+0000] {taskinstance.py:3281} INFO - 0 downstream tasks scheduled from follow-on schedule check
