[2026-01-08T19:08:38.097+0000] {taskinstance.py:1957} INFO - Dependencies all met for dep_context=non-requeueable deps ti=<TaskInstance: crime_data_quality_check.check_data_completeness scheduled__2026-01-08T18:00:00+00:00 [queued]>
[2026-01-08T19:08:38.099+0000] {taskinstance.py:1957} INFO - Dependencies all met for dep_context=requeueable deps ti=<TaskInstance: crime_data_quality_check.check_data_completeness scheduled__2026-01-08T18:00:00+00:00 [queued]>
[2026-01-08T19:08:38.100+0000] {taskinstance.py:2171} INFO - Starting attempt 1 of 2
[2026-01-08T19:08:38.103+0000] {taskinstance.py:2192} INFO - Executing <Task(_PythonDecoratedOperator): check_data_completeness> on 2026-01-08 18:00:00+00:00
[2026-01-08T19:08:38.105+0000] {standard_task_runner.py:60} INFO - Started process 173 to run task
[2026-01-08T19:08:38.106+0000] {standard_task_runner.py:87} INFO - Running: ['***', 'tasks', 'run', 'crime_data_quality_check', 'check_data_completeness', 'scheduled__2026-01-08T18:00:00+00:00', '--job-id', '15', '--raw', '--subdir', 'DAGS_FOLDER/crime_data_quality_check.py', '--cfg-path', '/tmp/tmpq2xyjk0c']
[2026-01-08T19:08:38.107+0000] {standard_task_runner.py:88} INFO - Job 15: Subtask check_data_completeness
[2026-01-08T19:08:38.112+0000] {logging_mixin.py:188} WARNING - /home/***/.local/lib/python3.8/site-packages/***/settings.py:195 DeprecationWarning: The sql_alchemy_conn option in [core] has been moved to the sql_alchemy_conn option in [database] - the old setting has been used, but please update your config.
[2026-01-08T19:08:38.124+0000] {task_command.py:423} INFO - Running <TaskInstance: crime_data_quality_check.check_data_completeness scheduled__2026-01-08T18:00:00+00:00 [running]> on host 65092400eec3
[2026-01-08T19:08:38.200+0000] {taskinstance.py:2481} INFO - Exporting env vars: AIRFLOW_CTX_DAG_OWNER='crime-analysis' AIRFLOW_CTX_DAG_ID='crime_data_quality_check' AIRFLOW_CTX_TASK_ID='check_data_completeness' AIRFLOW_CTX_EXECUTION_DATE='2026-01-08T18:00:00+00:00' AIRFLOW_CTX_TRY_NUMBER='1' AIRFLOW_CTX_DAG_RUN_ID='scheduled__2026-01-08T18:00:00+00:00'
[2026-01-08T19:08:38.200+0000] {logging_mixin.py:188} INFO - 🔍 Checking data completeness...
[2026-01-08T19:08:39.653+0000] {logging_mixin.py:188} INFO - ✅ Data completeness check passed
[2026-01-08T19:08:39.654+0000] {python.py:201} INFO - Done. Returned value was: {'status': 'success', 'message': 'Data appears complete'}
[2026-01-08T19:08:39.668+0000] {taskinstance.py:1138} INFO - Marking task as SUCCESS. dag_id=crime_data_quality_check, task_id=check_data_completeness, execution_date=20260108T180000, start_date=20260108T190838, end_date=20260108T190839
[2026-01-08T19:08:39.703+0000] {local_task_job_runner.py:234} INFO - Task exited with return code 0
[2026-01-08T19:08:39.713+0000] {taskinstance.py:3281} INFO - 0 downstream tasks scheduled from follow-on schedule check
[2026-01-08T19:29:46.398+0000] {taskinstance.py:1957} INFO - Dependencies all met for dep_context=non-requeueable deps ti=<TaskInstance: crime_data_quality_check.check_data_completeness scheduled__2026-01-08T18:00:00+00:00 [queued]>
[2026-01-08T19:29:46.401+0000] {taskinstance.py:1957} INFO - Dependencies all met for dep_context=requeueable deps ti=<TaskInstance: crime_data_quality_check.check_data_completeness scheduled__2026-01-08T18:00:00+00:00 [queued]>
[2026-01-08T19:29:46.401+0000] {taskinstance.py:2171} INFO - Starting attempt 1 of 2
[2026-01-08T19:29:46.405+0000] {taskinstance.py:2192} INFO - Executing <Task(_PythonDecoratedOperator): check_data_completeness> on 2026-01-08 18:00:00+00:00
[2026-01-08T19:29:46.407+0000] {standard_task_runner.py:60} INFO - Started process 59 to run task
[2026-01-08T19:29:46.409+0000] {standard_task_runner.py:87} INFO - Running: ['***', 'tasks', 'run', 'crime_data_quality_check', 'check_data_completeness', 'scheduled__2026-01-08T18:00:00+00:00', '--job-id', '4', '--raw', '--subdir', 'DAGS_FOLDER/crime_data_quality_check.py', '--cfg-path', '/tmp/tmpij6w4n_x']
[2026-01-08T19:29:46.410+0000] {standard_task_runner.py:88} INFO - Job 4: Subtask check_data_completeness
[2026-01-08T19:29:46.415+0000] {logging_mixin.py:188} WARNING - /home/***/.local/lib/python3.8/site-packages/***/settings.py:195 DeprecationWarning: The sql_alchemy_conn option in [core] has been moved to the sql_alchemy_conn option in [database] - the old setting has been used, but please update your config.
[2026-01-08T19:29:46.428+0000] {task_command.py:423} INFO - Running <TaskInstance: crime_data_quality_check.check_data_completeness scheduled__2026-01-08T18:00:00+00:00 [running]> on host 1ded0c8eea01
[2026-01-08T19:29:46.512+0000] {taskinstance.py:2481} INFO - Exporting env vars: AIRFLOW_CTX_DAG_OWNER='crime-analysis' AIRFLOW_CTX_DAG_ID='crime_data_quality_check' AIRFLOW_CTX_TASK_ID='check_data_completeness' AIRFLOW_CTX_EXECUTION_DATE='2026-01-08T18:00:00+00:00' AIRFLOW_CTX_TRY_NUMBER='1' AIRFLOW_CTX_DAG_RUN_ID='scheduled__2026-01-08T18:00:00+00:00'
[2026-01-08T19:29:46.512+0000] {logging_mixin.py:188} INFO - 🔍 Checking data completeness...
[2026-01-08T19:29:47.957+0000] {logging_mixin.py:188} INFO - ✅ Data completeness check passed
[2026-01-08T19:29:47.958+0000] {python.py:201} INFO - Done. Returned value was: {'status': 'success', 'message': 'Data appears complete'}
[2026-01-08T19:29:47.980+0000] {taskinstance.py:1138} INFO - Marking task as SUCCESS. dag_id=crime_data_quality_check, task_id=check_data_completeness, execution_date=20260108T180000, start_date=20260108T192946, end_date=20260108T192947
[2026-01-08T19:29:47.995+0000] {local_task_job_runner.py:234} INFO - Task exited with return code 0
[2026-01-08T19:29:48.010+0000] {taskinstance.py:3281} INFO - 0 downstream tasks scheduled from follow-on schedule check
