[2026-01-08T19:09:25.869+0000] {taskinstance.py:1957} INFO - Dependencies all met for dep_context=non-requeueable deps ti=<TaskInstance: crime_analysis_pipeline.run_summary_statistics scheduled__2026-01-07T15:00:00+00:00 [queued]>
[2026-01-08T19:09:25.877+0000] {taskinstance.py:1957} INFO - Dependencies all met for dep_context=requeueable deps ti=<TaskInstance: crime_analysis_pipeline.run_summary_statistics scheduled__2026-01-07T15:00:00+00:00 [queued]>
[2026-01-08T19:09:25.877+0000] {taskinstance.py:2171} INFO - Starting attempt 1 of 2
[2026-01-08T19:09:25.885+0000] {taskinstance.py:2192} INFO - Executing <Task(_PythonDecoratedOperator): run_summary_statistics> on 2026-01-07 15:00:00+00:00
[2026-01-08T19:09:25.888+0000] {standard_task_runner.py:60} INFO - Started process 216 to run task
[2026-01-08T19:09:25.890+0000] {standard_task_runner.py:87} INFO - Running: ['***', 'tasks', 'run', 'crime_analysis_pipeline', 'run_summary_statistics', 'scheduled__2026-01-07T15:00:00+00:00', '--job-id', '19', '--raw', '--subdir', 'DAGS_FOLDER/crime_analysis_pipeline.py', '--cfg-path', '/tmp/tmprcwnoscr']
[2026-01-08T19:09:25.892+0000] {standard_task_runner.py:88} INFO - Job 19: Subtask run_summary_statistics
[2026-01-08T19:09:25.903+0000] {logging_mixin.py:188} WARNING - /home/***/.local/lib/python3.8/site-packages/***/settings.py:195 DeprecationWarning: The sql_alchemy_conn option in [core] has been moved to the sql_alchemy_conn option in [database] - the old setting has been used, but please update your config.
[2026-01-08T19:09:25.920+0000] {task_command.py:423} INFO - Running <TaskInstance: crime_analysis_pipeline.run_summary_statistics scheduled__2026-01-07T15:00:00+00:00 [running]> on host 65092400eec3
[2026-01-08T19:09:26.049+0000] {taskinstance.py:2481} INFO - Exporting env vars: AIRFLOW_CTX_DAG_OWNER='crime-analysis' AIRFLOW_CTX_DAG_ID='crime_analysis_pipeline' AIRFLOW_CTX_TASK_ID='run_summary_statistics' AIRFLOW_CTX_EXECUTION_DATE='2026-01-07T15:00:00+00:00' AIRFLOW_CTX_TRY_NUMBER='1' AIRFLOW_CTX_DAG_RUN_ID='scheduled__2026-01-07T15:00:00+00:00'
[2026-01-08T19:09:26.050+0000] {logging_mixin.py:188} INFO - 🔄 Running summary statistics...
[2026-01-08T19:09:27.640+0000] {logging_mixin.py:188} INFO - ❌ Error running summary statistics: Expecting value: line 1 column 1 (char 0)
[2026-01-08T19:09:27.641+0000] {python.py:201} INFO - Done. Returned value was: {'status': 'error', 'error': 'Expecting value: line 1 column 1 (char 0)'}
[2026-01-08T19:09:27.686+0000] {taskinstance.py:1138} INFO - Marking task as SUCCESS. dag_id=crime_analysis_pipeline, task_id=run_summary_statistics, execution_date=20260107T150000, start_date=20260108T190925, end_date=20260108T190927
[2026-01-08T19:09:27.725+0000] {local_task_job_runner.py:234} INFO - Task exited with return code 0
[2026-01-08T19:09:27.746+0000] {taskinstance.py:3281} INFO - 0 downstream tasks scheduled from follow-on schedule check
[2026-01-08T19:30:04.781+0000] {taskinstance.py:1957} INFO - Dependencies all met for dep_context=non-requeueable deps ti=<TaskInstance: crime_analysis_pipeline.run_summary_statistics scheduled__2026-01-07T15:00:00+00:00 [queued]>
[2026-01-08T19:30:04.784+0000] {taskinstance.py:1957} INFO - Dependencies all met for dep_context=requeueable deps ti=<TaskInstance: crime_analysis_pipeline.run_summary_statistics scheduled__2026-01-07T15:00:00+00:00 [queued]>
[2026-01-08T19:30:04.784+0000] {taskinstance.py:2171} INFO - Starting attempt 1 of 2
[2026-01-08T19:30:04.788+0000] {taskinstance.py:2192} INFO - Executing <Task(_PythonDecoratedOperator): run_summary_statistics> on 2026-01-07 15:00:00+00:00
[2026-01-08T19:30:04.790+0000] {standard_task_runner.py:60} INFO - Started process 109 to run task
[2026-01-08T19:30:04.791+0000] {standard_task_runner.py:87} INFO - Running: ['***', 'tasks', 'run', 'crime_analysis_pipeline', 'run_summary_statistics', 'scheduled__2026-01-07T15:00:00+00:00', '--job-id', '9', '--raw', '--subdir', 'DAGS_FOLDER/crime_analysis_pipeline.py', '--cfg-path', '/tmp/tmpcnhq_0md']
[2026-01-08T19:30:04.793+0000] {standard_task_runner.py:88} INFO - Job 9: Subtask run_summary_statistics
[2026-01-08T19:30:04.799+0000] {logging_mixin.py:188} WARNING - /home/***/.local/lib/python3.8/site-packages/***/settings.py:195 DeprecationWarning: The sql_alchemy_conn option in [core] has been moved to the sql_alchemy_conn option in [database] - the old setting has been used, but please update your config.
[2026-01-08T19:30:04.811+0000] {task_command.py:423} INFO - Running <TaskInstance: crime_analysis_pipeline.run_summary_statistics scheduled__2026-01-07T15:00:00+00:00 [running]> on host 1ded0c8eea01
[2026-01-08T19:30:04.909+0000] {taskinstance.py:2481} INFO - Exporting env vars: AIRFLOW_CTX_DAG_OWNER='crime-analysis' AIRFLOW_CTX_DAG_ID='crime_analysis_pipeline' AIRFLOW_CTX_TASK_ID='run_summary_statistics' AIRFLOW_CTX_EXECUTION_DATE='2026-01-07T15:00:00+00:00' AIRFLOW_CTX_TRY_NUMBER='1' AIRFLOW_CTX_DAG_RUN_ID='scheduled__2026-01-07T15:00:00+00:00'
[2026-01-08T19:30:04.910+0000] {logging_mixin.py:188} INFO - 🔄 Running summary statistics...
[2026-01-08T19:30:06.418+0000] {logging_mixin.py:188} INFO - ❌ Error running summary statistics: Expecting value: line 1 column 1 (char 0)
[2026-01-08T19:30:06.419+0000] {python.py:201} INFO - Done. Returned value was: {'status': 'error', 'error': 'Expecting value: line 1 column 1 (char 0)'}
[2026-01-08T19:30:06.441+0000] {taskinstance.py:1138} INFO - Marking task as SUCCESS. dag_id=crime_analysis_pipeline, task_id=run_summary_statistics, execution_date=20260107T150000, start_date=20260108T193004, end_date=20260108T193006
[2026-01-08T19:30:06.462+0000] {local_task_job_runner.py:234} INFO - Task exited with return code 0
[2026-01-08T19:30:06.479+0000] {taskinstance.py:3281} INFO - 0 downstream tasks scheduled from follow-on schedule check
