[2026-01-08T19:08:40.801+0000] {taskinstance.py:1957} INFO - Dependencies all met for dep_context=non-requeueable deps ti=<TaskInstance: crime_data_quality_check.check_api_response_time scheduled__2026-01-08T18:00:00+00:00 [queued]>
[2026-01-08T19:08:40.804+0000] {taskinstance.py:1957} INFO - Dependencies all met for dep_context=requeueable deps ti=<TaskInstance: crime_data_quality_check.check_api_response_time scheduled__2026-01-08T18:00:00+00:00 [queued]>
[2026-01-08T19:08:40.804+0000] {taskinstance.py:2171} INFO - Starting attempt 1 of 2
[2026-01-08T19:08:40.808+0000] {taskinstance.py:2192} INFO - Executing <Task(_PythonDecoratedOperator): check_api_response_time> on 2026-01-08 18:00:00+00:00
[2026-01-08T19:08:40.809+0000] {standard_task_runner.py:60} INFO - Started process 183 to run task
[2026-01-08T19:08:40.810+0000] {standard_task_runner.py:87} INFO - Running: ['***', 'tasks', 'run', 'crime_data_quality_check', 'check_api_response_time', 'scheduled__2026-01-08T18:00:00+00:00', '--job-id', '16', '--raw', '--subdir', 'DAGS_FOLDER/crime_data_quality_check.py', '--cfg-path', '/tmp/tmp78hgtvzp']
[2026-01-08T19:08:40.811+0000] {standard_task_runner.py:88} INFO - Job 16: Subtask check_api_response_time
[2026-01-08T19:08:40.816+0000] {logging_mixin.py:188} WARNING - /home/***/.local/lib/python3.8/site-packages/***/settings.py:195 DeprecationWarning: The sql_alchemy_conn option in [core] has been moved to the sql_alchemy_conn option in [database] - the old setting has been used, but please update your config.
[2026-01-08T19:08:40.827+0000] {task_command.py:423} INFO - Running <TaskInstance: crime_data_quality_check.check_api_response_time scheduled__2026-01-08T18:00:00+00:00 [running]> on host 65092400eec3
[2026-01-08T19:08:40.905+0000] {taskinstance.py:2481} INFO - Exporting env vars: AIRFLOW_CTX_DAG_OWNER='crime-analysis' AIRFLOW_CTX_DAG_ID='crime_data_quality_check' AIRFLOW_CTX_TASK_ID='check_api_response_time' AIRFLOW_CTX_EXECUTION_DATE='2026-01-08T18:00:00+00:00' AIRFLOW_CTX_TRY_NUMBER='1' AIRFLOW_CTX_DAG_RUN_ID='scheduled__2026-01-08T18:00:00+00:00'
[2026-01-08T19:08:40.905+0000] {logging_mixin.py:188} INFO - 🔍 Checking API response time...
[2026-01-08T19:08:42.396+0000] {logging_mixin.py:188} INFO - ✅ API response time check passed: 1.49 seconds
[2026-01-08T19:08:42.399+0000] {python.py:201} INFO - Done. Returned value was: {'status': 'success', 'response_time': 1.490727}
[2026-01-08T19:08:42.427+0000] {taskinstance.py:1138} INFO - Marking task as SUCCESS. dag_id=crime_data_quality_check, task_id=check_api_response_time, execution_date=20260108T180000, start_date=20260108T190840, end_date=20260108T190842
[2026-01-08T19:08:42.439+0000] {local_task_job_runner.py:234} INFO - Task exited with return code 0
[2026-01-08T19:08:42.451+0000] {taskinstance.py:3281} INFO - 1 downstream tasks scheduled from follow-on schedule check
[2026-01-08T19:29:42.656+0000] {taskinstance.py:1957} INFO - Dependencies all met for dep_context=non-requeueable deps ti=<TaskInstance: crime_data_quality_check.check_api_response_time scheduled__2026-01-08T18:00:00+00:00 [queued]>
[2026-01-08T19:29:42.659+0000] {taskinstance.py:1957} INFO - Dependencies all met for dep_context=requeueable deps ti=<TaskInstance: crime_data_quality_check.check_api_response_time scheduled__2026-01-08T18:00:00+00:00 [queued]>
[2026-01-08T19:29:42.660+0000] {taskinstance.py:2171} INFO - Starting attempt 1 of 2
[2026-01-08T19:29:42.664+0000] {taskinstance.py:2192} INFO - Executing <Task(_PythonDecoratedOperator): check_api_response_time> on 2026-01-08 18:00:00+00:00
[2026-01-08T19:29:42.666+0000] {standard_task_runner.py:60} INFO - Started process 49 to run task
[2026-01-08T19:29:42.668+0000] {standard_task_runner.py:87} INFO - Running: ['***', 'tasks', 'run', 'crime_data_quality_check', 'check_api_response_time', 'scheduled__2026-01-08T18:00:00+00:00', '--job-id', '3', '--raw', '--subdir', 'DAGS_FOLDER/crime_data_quality_check.py', '--cfg-path', '/tmp/tmpjxbzv89o']
[2026-01-08T19:29:42.669+0000] {standard_task_runner.py:88} INFO - Job 3: Subtask check_api_response_time
[2026-01-08T19:29:42.675+0000] {logging_mixin.py:188} WARNING - /home/***/.local/lib/python3.8/site-packages/***/settings.py:195 DeprecationWarning: The sql_alchemy_conn option in [core] has been moved to the sql_alchemy_conn option in [database] - the old setting has been used, but please update your config.
[2026-01-08T19:29:42.688+0000] {task_command.py:423} INFO - Running <TaskInstance: crime_data_quality_check.check_api_response_time scheduled__2026-01-08T18:00:00+00:00 [running]> on host 1ded0c8eea01
[2026-01-08T19:29:42.793+0000] {taskinstance.py:2481} INFO - Exporting env vars: AIRFLOW_CTX_DAG_OWNER='crime-analysis' AIRFLOW_CTX_DAG_ID='crime_data_quality_check' AIRFLOW_CTX_TASK_ID='check_api_response_time' AIRFLOW_CTX_EXECUTION_DATE='2026-01-08T18:00:00+00:00' AIRFLOW_CTX_TRY_NUMBER='1' AIRFLOW_CTX_DAG_RUN_ID='scheduled__2026-01-08T18:00:00+00:00'
[2026-01-08T19:29:42.794+0000] {logging_mixin.py:188} INFO - 🔍 Checking API response time...
[2026-01-08T19:29:45.018+0000] {logging_mixin.py:188} INFO - ✅ API response time check passed: 2.22 seconds
[2026-01-08T19:29:45.025+0000] {python.py:201} INFO - Done. Returned value was: {'status': 'success', 'response_time': 2.222562}
[2026-01-08T19:29:45.069+0000] {taskinstance.py:1138} INFO - Marking task as SUCCESS. dag_id=crime_data_quality_check, task_id=check_api_response_time, execution_date=20260108T180000, start_date=20260108T192942, end_date=20260108T192945
[2026-01-08T19:29:45.088+0000] {local_task_job_runner.py:234} INFO - Task exited with return code 0
[2026-01-08T19:29:45.117+0000] {taskinstance.py:3281} INFO - 0 downstream tasks scheduled from follow-on schedule check
