[2026-01-12T17:00:04.340+0000] {taskinstance.py:1957} INFO - Dependencies all met for dep_context=non-requeueable deps ti=<TaskInstance: crime_data_quality_check.check_data_completeness scheduled__2026-01-12T16:00:00+00:00 [queued]>
[2026-01-12T17:00:04.343+0000] {taskinstance.py:1957} INFO - Dependencies all met for dep_context=requeueable deps ti=<TaskInstance: crime_data_quality_check.check_data_completeness scheduled__2026-01-12T16:00:00+00:00 [queued]>
[2026-01-12T17:00:04.343+0000] {taskinstance.py:2171} INFO - Starting attempt 1 of 2
[2026-01-12T17:00:04.348+0000] {taskinstance.py:2192} INFO - Executing <Task(_PythonDecoratedOperator): check_data_completeness> on 2026-01-12 16:00:00+00:00
[2026-01-12T17:00:04.350+0000] {standard_task_runner.py:60} INFO - Started process 8722 to run task
[2026-01-12T17:00:04.352+0000] {standard_task_runner.py:87} INFO - Running: ['***', 'tasks', 'run', 'crime_data_quality_check', 'check_data_completeness', 'scheduled__2026-01-12T16:00:00+00:00', '--job-id', '413', '--raw', '--subdir', 'DAGS_FOLDER/crime_data_quality_check.py', '--cfg-path', '/tmp/tmpvny1o7gd']
[2026-01-12T17:00:04.354+0000] {standard_task_runner.py:88} INFO - Job 413: Subtask check_data_completeness
[2026-01-12T17:00:04.361+0000] {logging_mixin.py:188} WARNING - /home/***/.local/lib/python3.8/site-packages/***/settings.py:195 DeprecationWarning: The sql_alchemy_conn option in [core] has been moved to the sql_alchemy_conn option in [database] - the old setting has been used, but please update your config.
[2026-01-12T17:00:04.385+0000] {task_command.py:423} INFO - Running <TaskInstance: crime_data_quality_check.check_data_completeness scheduled__2026-01-12T16:00:00+00:00 [running]> on host 1ded0c8eea01
[2026-01-12T17:00:04.462+0000] {taskinstance.py:2481} INFO - Exporting env vars: AIRFLOW_CTX_DAG_OWNER='crime-analysis' AIRFLOW_CTX_DAG_ID='crime_data_quality_check' AIRFLOW_CTX_TASK_ID='check_data_completeness' AIRFLOW_CTX_EXECUTION_DATE='2026-01-12T16:00:00+00:00' AIRFLOW_CTX_TRY_NUMBER='1' AIRFLOW_CTX_DAG_RUN_ID='scheduled__2026-01-12T16:00:00+00:00'
[2026-01-12T17:00:04.462+0000] {logging_mixin.py:188} INFO - 🔍 Checking data completeness...
[2026-01-12T17:00:05.939+0000] {logging_mixin.py:188} INFO - ✅ Data completeness check passed
[2026-01-12T17:00:05.940+0000] {python.py:201} INFO - Done. Returned value was: {'status': 'success', 'message': 'Data appears complete'}
[2026-01-12T17:00:05.961+0000] {taskinstance.py:1138} INFO - Marking task as SUCCESS. dag_id=crime_data_quality_check, task_id=check_data_completeness, execution_date=20260112T160000, start_date=20260112T170004, end_date=20260112T170005
[2026-01-12T17:00:05.979+0000] {local_task_job_runner.py:234} INFO - Task exited with return code 0
[2026-01-12T17:00:05.993+0000] {taskinstance.py:3281} INFO - 0 downstream tasks scheduled from follow-on schedule check
[2026-01-12T17:10:53.188+0000] {taskinstance.py:1957} INFO - Dependencies all met for dep_context=non-requeueable deps ti=<TaskInstance: crime_data_quality_check.check_data_completeness scheduled__2026-01-12T16:00:00+00:00 [queued]>
[2026-01-12T17:10:53.191+0000] {taskinstance.py:1957} INFO - Dependencies all met for dep_context=requeueable deps ti=<TaskInstance: crime_data_quality_check.check_data_completeness scheduled__2026-01-12T16:00:00+00:00 [queued]>
[2026-01-12T17:10:53.191+0000] {taskinstance.py:2171} INFO - Starting attempt 1 of 2
[2026-01-12T17:10:53.196+0000] {taskinstance.py:2192} INFO - Executing <Task(_PythonDecoratedOperator): check_data_completeness> on 2026-01-12 16:00:00+00:00
[2026-01-12T17:10:53.198+0000] {standard_task_runner.py:60} INFO - Started process 59 to run task
[2026-01-12T17:10:53.199+0000] {standard_task_runner.py:87} INFO - Running: ['***', 'tasks', 'run', 'crime_data_quality_check', 'check_data_completeness', 'scheduled__2026-01-12T16:00:00+00:00', '--job-id', '4', '--raw', '--subdir', 'DAGS_FOLDER/crime_data_quality_check.py', '--cfg-path', '/tmp/tmpnqnkb4tp']
[2026-01-12T17:10:53.200+0000] {standard_task_runner.py:88} INFO - Job 4: Subtask check_data_completeness
[2026-01-12T17:10:53.208+0000] {logging_mixin.py:188} WARNING - /home/***/.local/lib/python3.8/site-packages/***/settings.py:195 DeprecationWarning: The sql_alchemy_conn option in [core] has been moved to the sql_alchemy_conn option in [database] - the old setting has been used, but please update your config.
[2026-01-12T17:10:53.223+0000] {task_command.py:423} INFO - Running <TaskInstance: crime_data_quality_check.check_data_completeness scheduled__2026-01-12T16:00:00+00:00 [running]> on host 0e74bb8933bd
[2026-01-12T17:10:53.316+0000] {taskinstance.py:2481} INFO - Exporting env vars: AIRFLOW_CTX_DAG_OWNER='crime-analysis' AIRFLOW_CTX_DAG_ID='crime_data_quality_check' AIRFLOW_CTX_TASK_ID='check_data_completeness' AIRFLOW_CTX_EXECUTION_DATE='2026-01-12T16:00:00+00:00' AIRFLOW_CTX_TRY_NUMBER='1' AIRFLOW_CTX_DAG_RUN_ID='scheduled__2026-01-12T16:00:00+00:00'
[2026-01-12T17:10:53.316+0000] {logging_mixin.py:188} INFO - 🔍 Checking data completeness...
[2026-01-12T17:10:55.388+0000] {logging_mixin.py:188} INFO - ✅ Data completeness check passed
[2026-01-12T17:10:55.395+0000] {python.py:201} INFO - Done. Returned value was: {'status': 'success', 'message': 'Data appears complete'}
[2026-01-12T17:10:55.440+0000] {taskinstance.py:1138} INFO - Marking task as SUCCESS. dag_id=crime_data_quality_check, task_id=check_data_completeness, execution_date=20260112T160000, start_date=20260112T171053, end_date=20260112T171055
[2026-01-12T17:10:55.498+0000] {local_task_job_runner.py:234} INFO - Task exited with return code 0
[2026-01-12T17:10:55.549+0000] {taskinstance.py:3281} INFO - 0 downstream tasks scheduled from follow-on schedule check
