[2026-01-11T16:00:09.287+0000] {taskinstance.py:1957} INFO - Dependencies all met for dep_context=non-requeueable deps ti=<TaskInstance: crime_data_quality_check.generate_quality_report scheduled__2026-01-11T15:00:00+00:00 [queued]>
[2026-01-11T16:00:09.291+0000] {taskinstance.py:1957} INFO - Dependencies all met for dep_context=requeueable deps ti=<TaskInstance: crime_data_quality_check.generate_quality_report scheduled__2026-01-11T15:00:00+00:00 [queued]>
[2026-01-11T16:00:09.291+0000] {taskinstance.py:2171} INFO - Starting attempt 1 of 2
[2026-01-11T16:00:09.297+0000] {taskinstance.py:2192} INFO - Executing <Task(_PythonDecoratedOperator): generate_quality_report> on 2026-01-11 15:00:00+00:00
[2026-01-11T16:00:09.299+0000] {standard_task_runner.py:60} INFO - Started process 6446 to run task
[2026-01-11T16:00:09.301+0000] {standard_task_runner.py:87} INFO - Running: ['***', 'tasks', 'run', 'crime_data_quality_check', 'generate_quality_report', 'scheduled__2026-01-11T15:00:00+00:00', '--job-id', '308', '--raw', '--subdir', 'DAGS_FOLDER/crime_data_quality_check.py', '--cfg-path', '/tmp/tmptulcv1f1']
[2026-01-11T16:00:09.302+0000] {standard_task_runner.py:88} INFO - Job 308: Subtask generate_quality_report
[2026-01-11T16:00:09.308+0000] {logging_mixin.py:188} WARNING - /home/***/.local/lib/python3.8/site-packages/***/settings.py:195 DeprecationWarning: The sql_alchemy_conn option in [core] has been moved to the sql_alchemy_conn option in [database] - the old setting has been used, but please update your config.
[2026-01-11T16:00:09.323+0000] {task_command.py:423} INFO - Running <TaskInstance: crime_data_quality_check.generate_quality_report scheduled__2026-01-11T15:00:00+00:00 [running]> on host 1ded0c8eea01
[2026-01-11T16:00:09.417+0000] {taskinstance.py:2481} INFO - Exporting env vars: AIRFLOW_CTX_DAG_OWNER='crime-analysis' AIRFLOW_CTX_DAG_ID='crime_data_quality_check' AIRFLOW_CTX_TASK_ID='generate_quality_report' AIRFLOW_CTX_EXECUTION_DATE='2026-01-11T15:00:00+00:00' AIRFLOW_CTX_TRY_NUMBER='1' AIRFLOW_CTX_DAG_RUN_ID='scheduled__2026-01-11T15:00:00+00:00'
[2026-01-11T16:00:09.417+0000] {logging_mixin.py:188} INFO - 📊 Generating data quality report...
[2026-01-11T16:00:09.417+0000] {logging_mixin.py:188} INFO - 
        ========================================
        CRIME DATA QUALITY REPORT
        Generated: 2026-01-11 16:00:09 EST
        ========================================
        
        DATA FRESHNESS: success
        Message: Data is fresh
        
        DATA COMPLETENESS: success
        Message: Data appears complete
        
        API RESPONSE TIME: success
        Response Time: 1.420468 seconds
        
        OVERALL STATUS: ✅ HEALTHY
        
        ========================================
        REPORT STATUS: COMPLETED
        ========================================
        
[2026-01-11T16:00:09.417+0000] {python.py:201} INFO - Done. Returned value was: {'status': 'success', 'timestamp': '2026-01-11 16:00:09 EST'}
[2026-01-11T16:00:09.430+0000] {taskinstance.py:1138} INFO - Marking task as SUCCESS. dag_id=crime_data_quality_check, task_id=generate_quality_report, execution_date=20260111T150000, start_date=20260111T160009, end_date=20260111T160009
[2026-01-11T16:00:09.441+0000] {local_task_job_runner.py:234} INFO - Task exited with return code 0
[2026-01-11T16:00:09.447+0000] {taskinstance.py:3281} INFO - 0 downstream tasks scheduled from follow-on schedule check
