[2026-01-08T19:30:34.450+0000] {taskinstance.py:1957} INFO - Dependencies all met for dep_context=non-requeueable deps ti=<TaskInstance: crime_analysis_pipeline.generate_daily_report manual__2026-01-08T19:30:09.028233+00:00 [queued]>
[2026-01-08T19:30:34.453+0000] {taskinstance.py:1957} INFO - Dependencies all met for dep_context=requeueable deps ti=<TaskInstance: crime_analysis_pipeline.generate_daily_report manual__2026-01-08T19:30:09.028233+00:00 [queued]>
[2026-01-08T19:30:34.453+0000] {taskinstance.py:2171} INFO - Starting attempt 1 of 2
[2026-01-08T19:30:34.457+0000] {taskinstance.py:2192} INFO - Executing <Task(_PythonDecoratedOperator): generate_daily_report> on 2026-01-08 19:30:09.028233+00:00
[2026-01-08T19:30:34.460+0000] {standard_task_runner.py:60} INFO - Started process 211 to run task
[2026-01-08T19:30:34.463+0000] {standard_task_runner.py:87} INFO - Running: ['***', 'tasks', 'run', 'crime_analysis_pipeline', 'generate_daily_report', 'manual__2026-01-08T19:30:09.028233+00:00', '--job-id', '19', '--raw', '--subdir', 'DAGS_FOLDER/crime_analysis_pipeline.py', '--cfg-path', '/tmp/tmpfvslkz4p']
[2026-01-08T19:30:34.465+0000] {standard_task_runner.py:88} INFO - Job 19: Subtask generate_daily_report
[2026-01-08T19:30:34.473+0000] {logging_mixin.py:188} WARNING - /home/***/.local/lib/python3.8/site-packages/***/settings.py:195 DeprecationWarning: The sql_alchemy_conn option in [core] has been moved to the sql_alchemy_conn option in [database] - the old setting has been used, but please update your config.
[2026-01-08T19:30:34.486+0000] {task_command.py:423} INFO - Running <TaskInstance: crime_analysis_pipeline.generate_daily_report manual__2026-01-08T19:30:09.028233+00:00 [running]> on host 1ded0c8eea01
[2026-01-08T19:30:34.598+0000] {taskinstance.py:2481} INFO - Exporting env vars: AIRFLOW_CTX_DAG_OWNER='crime-analysis' AIRFLOW_CTX_DAG_ID='crime_analysis_pipeline' AIRFLOW_CTX_TASK_ID='generate_daily_report' AIRFLOW_CTX_EXECUTION_DATE='2026-01-08T19:30:09.028233+00:00' AIRFLOW_CTX_TRY_NUMBER='1' AIRFLOW_CTX_DAG_RUN_ID='manual__2026-01-08T19:30:09.028233+00:00'
[2026-01-08T19:30:34.598+0000] {logging_mixin.py:188} INFO - 📊 Generating daily crime analysis report...
[2026-01-08T19:30:34.598+0000] {logging_mixin.py:188} INFO - 
        ========================================
        CRIME ANALYSIS DAILY REPORT
        Generated: 2026-01-08 19:30:34 EST
        ========================================
        
        SUMMARY STATISTICS:
        N/A
        
        TOP 3 LOCATIONS:
        [{'location': 'IC', 'crimeCount': 145943}, {'location': '510', 'crimeCount': 115091}, {'location': 'Invest Cont', 'crimeCount': 84701}]
        
        TOP 5 WEAPONS:
        [{'weapon': '400', 'usageCount': 123716}, {'weapon': 'DUPLEX', 'usageCount': 98970}, {'weapon': 'STREET', 'usageCount': 30740}, {'weapon': '500', 'usageCount': 22714}, {'weapon': '"VEHICLE', 'usageCount': 18400}]
        
        TOP 10 CRIME TYPES:
        [{'location': 'VEHICLE - STOLEN', 'crimeCount': 115190}, {'location': 'BATTERY - SIMPLE ASSAULT', 'crimeCount': 74839}, {'location': 'BURGLARY FROM VEHICLE', 'crimeCount': 63517}, {'location': 'THEFT OF IDENTITY', 'crimeCount': 62537}, {'location': '"VANDALISM - FELONY ($400 & OVER', 'crimeCount': 61092}, {'location': 'BURGLARY', 'crimeCount': 57871}, {'location': 'THEFT PLAIN - PETTY ($950 & UNDER)', 'crimeCount': 53717}, {'location': '"ASSAULT WITH DEADLY WEAPON', 'crimeCount': 53525}, {'location': 'INTIMATE PARTNER - SIMPLE ASSAULT', 'crimeCount': 46712}, {'location': 'THEFT FROM MOTOR VEHICLE - PETTY ($950 & UNDER)', 'crimeCount': 41314}]
        
        CRIMES BY AREA:
        [{'location': 'Central', 'crimeCount': 69670}, {'location': '77th Street', 'crimeCount': 61758}, {'location': 'Pacific', 'crimeCount': 59514}, {'location': 'Southwest', 'crimeCount': 57441}, {'location': 'Hollywood', 'crimeCount': 52429}, {'location': 'N Hollywood', 'crimeCount': 51107}, {'location': 'Olympic', 'crimeCount': 50071}, {'location': 'Southeast', 'crimeCount': 49936}, {'location': 'Newton', 'crimeCount': 49177}, {'location': 'Wilshire', 'crimeCount': 48239}, {'location': 'Rampart', 'crimeCount': 46825}, {'location': 'West LA', 'crimeCount': 45729}, {'location': 'Northeast', 'crimeCount': 42963}, {'location': 'Van Nuys', 'crimeCount': 42883}, {'location': 'West Valley', 'crimeCount': 42156}, {'location': 'Devonshire', 'crimeCount': 41756}, {'location': 'Harbor', 'crimeCount': 41394}, {'location': 'Topanga', 'crimeCount': 41374}, {'location': 'Mission', 'crimeCount': 40351}, {'location': 'Hollenbeck', 'crimeCount': 37085}, {'location': 'Foothill', 'crimeCount': 33133}]
        
        ========================================
        REPORT STATUS: COMPLETED
        ========================================
        
[2026-01-08T19:30:34.599+0000] {python.py:201} INFO - Done. Returned value was: {'status': 'success', 'timestamp': '2026-01-08 19:30:34 EST', 'report_generated': True}
[2026-01-08T19:30:34.605+0000] {taskinstance.py:1138} INFO - Marking task as SUCCESS. dag_id=crime_analysis_pipeline, task_id=generate_daily_report, execution_date=20260108T193009, start_date=20260108T193034, end_date=20260108T193034
[2026-01-08T19:30:34.646+0000] {local_task_job_runner.py:234} INFO - Task exited with return code 0
[2026-01-08T19:30:34.653+0000] {taskinstance.py:3281} INFO - 0 downstream tasks scheduled from follow-on schedule check
