[2026-01-08T19:09:31.755+0000] {taskinstance.py:1957} INFO - Dependencies all met for dep_context=non-requeueable deps ti=<TaskInstance: crime_analysis_pipeline.run_common_weapons_analysis scheduled__2026-01-07T15:00:00+00:00 [queued]>
[2026-01-08T19:09:31.758+0000] {taskinstance.py:1957} INFO - Dependencies all met for dep_context=requeueable deps ti=<TaskInstance: crime_analysis_pipeline.run_common_weapons_analysis scheduled__2026-01-07T15:00:00+00:00 [queued]>
[2026-01-08T19:09:31.758+0000] {taskinstance.py:2171} INFO - Starting attempt 1 of 2
[2026-01-08T19:09:31.762+0000] {taskinstance.py:2192} INFO - Executing <Task(_PythonDecoratedOperator): run_common_weapons_analysis> on 2026-01-07 15:00:00+00:00
[2026-01-08T19:09:31.764+0000] {standard_task_runner.py:60} INFO - Started process 236 to run task
[2026-01-08T19:09:31.765+0000] {standard_task_runner.py:87} INFO - Running: ['***', 'tasks', 'run', 'crime_analysis_pipeline', 'run_common_weapons_analysis', 'scheduled__2026-01-07T15:00:00+00:00', '--job-id', '21', '--raw', '--subdir', 'DAGS_FOLDER/crime_analysis_pipeline.py', '--cfg-path', '/tmp/tmp3_zsgnn6']
[2026-01-08T19:09:31.767+0000] {standard_task_runner.py:88} INFO - Job 21: Subtask run_common_weapons_analysis
[2026-01-08T19:09:31.773+0000] {logging_mixin.py:188} WARNING - /home/***/.local/lib/python3.8/site-packages/***/settings.py:195 DeprecationWarning: The sql_alchemy_conn option in [core] has been moved to the sql_alchemy_conn option in [database] - the old setting has been used, but please update your config.
[2026-01-08T19:09:31.788+0000] {task_command.py:423} INFO - Running <TaskInstance: crime_analysis_pipeline.run_common_weapons_analysis scheduled__2026-01-07T15:00:00+00:00 [running]> on host 65092400eec3
[2026-01-08T19:09:31.900+0000] {taskinstance.py:2481} INFO - Exporting env vars: AIRFLOW_CTX_DAG_OWNER='crime-analysis' AIRFLOW_CTX_DAG_ID='crime_analysis_pipeline' AIRFLOW_CTX_TASK_ID='run_common_weapons_analysis' AIRFLOW_CTX_EXECUTION_DATE='2026-01-07T15:00:00+00:00' AIRFLOW_CTX_TRY_NUMBER='1' AIRFLOW_CTX_DAG_RUN_ID='scheduled__2026-01-07T15:00:00+00:00'
[2026-01-08T19:09:31.901+0000] {logging_mixin.py:188} INFO - 🔄 Running common weapons analysis...
[2026-01-08T19:09:33.437+0000] {logging_mixin.py:188} INFO - ✅ Common weapons analysis completed successfully
[2026-01-08T19:09:33.438+0000] {logging_mixin.py:188} INFO - Top 5 weapons: [{'weapon': '400', 'usageCount': 123716}, {'weapon': 'DUPLEX', 'usageCount': 98970}, {'weapon': 'STREET', 'usageCount': 30740}, {'weapon': '500', 'usageCount': 22714}, {'weapon': '"VEHICLE', 'usageCount': 18400}]
[2026-01-08T19:09:33.438+0000] {python.py:201} INFO - Done. Returned value was: {'status': 'success', 'data': [{'weapon': '400', 'usageCount': 123716}, {'weapon': 'DUPLEX', 'usageCount': 98970}, {'weapon': 'STREET', 'usageCount': 30740}, {'weapon': '500', 'usageCount': 22714}, {'weapon': '"VEHICLE', 'usageCount': 18400}]}
[2026-01-08T19:09:33.473+0000] {taskinstance.py:1138} INFO - Marking task as SUCCESS. dag_id=crime_analysis_pipeline, task_id=run_common_weapons_analysis, execution_date=20260107T150000, start_date=20260108T190931, end_date=20260108T190933
[2026-01-08T19:09:33.508+0000] {local_task_job_runner.py:234} INFO - Task exited with return code 0
[2026-01-08T19:09:33.532+0000] {taskinstance.py:3281} INFO - 0 downstream tasks scheduled from follow-on schedule check
[2026-01-08T19:29:57.998+0000] {taskinstance.py:1957} INFO - Dependencies all met for dep_context=non-requeueable deps ti=<TaskInstance: crime_analysis_pipeline.run_common_weapons_analysis scheduled__2026-01-07T15:00:00+00:00 [queued]>
[2026-01-08T19:29:58.002+0000] {taskinstance.py:1957} INFO - Dependencies all met for dep_context=requeueable deps ti=<TaskInstance: crime_analysis_pipeline.run_common_weapons_analysis scheduled__2026-01-07T15:00:00+00:00 [queued]>
[2026-01-08T19:29:58.002+0000] {taskinstance.py:2171} INFO - Starting attempt 1 of 2
[2026-01-08T19:29:58.007+0000] {taskinstance.py:2192} INFO - Executing <Task(_PythonDecoratedOperator): run_common_weapons_analysis> on 2026-01-07 15:00:00+00:00
[2026-01-08T19:29:58.009+0000] {standard_task_runner.py:60} INFO - Started process 89 to run task
[2026-01-08T19:29:58.011+0000] {standard_task_runner.py:87} INFO - Running: ['***', 'tasks', 'run', 'crime_analysis_pipeline', 'run_common_weapons_analysis', 'scheduled__2026-01-07T15:00:00+00:00', '--job-id', '7', '--raw', '--subdir', 'DAGS_FOLDER/crime_analysis_pipeline.py', '--cfg-path', '/tmp/tmppr9b8ea0']
[2026-01-08T19:29:58.012+0000] {standard_task_runner.py:88} INFO - Job 7: Subtask run_common_weapons_analysis
[2026-01-08T19:29:58.020+0000] {logging_mixin.py:188} WARNING - /home/***/.local/lib/python3.8/site-packages/***/settings.py:195 DeprecationWarning: The sql_alchemy_conn option in [core] has been moved to the sql_alchemy_conn option in [database] - the old setting has been used, but please update your config.
[2026-01-08T19:29:58.064+0000] {task_command.py:423} INFO - Running <TaskInstance: crime_analysis_pipeline.run_common_weapons_analysis scheduled__2026-01-07T15:00:00+00:00 [running]> on host 1ded0c8eea01
[2026-01-08T19:29:58.191+0000] {taskinstance.py:2481} INFO - Exporting env vars: AIRFLOW_CTX_DAG_OWNER='crime-analysis' AIRFLOW_CTX_DAG_ID='crime_analysis_pipeline' AIRFLOW_CTX_TASK_ID='run_common_weapons_analysis' AIRFLOW_CTX_EXECUTION_DATE='2026-01-07T15:00:00+00:00' AIRFLOW_CTX_TRY_NUMBER='1' AIRFLOW_CTX_DAG_RUN_ID='scheduled__2026-01-07T15:00:00+00:00'
[2026-01-08T19:29:58.191+0000] {logging_mixin.py:188} INFO - 🔄 Running common weapons analysis...
[2026-01-08T19:29:59.845+0000] {logging_mixin.py:188} INFO - ✅ Common weapons analysis completed successfully
[2026-01-08T19:29:59.846+0000] {logging_mixin.py:188} INFO - Top 5 weapons: [{'weapon': '400', 'usageCount': 123716}, {'weapon': 'DUPLEX', 'usageCount': 98970}, {'weapon': 'STREET', 'usageCount': 30740}, {'weapon': '500', 'usageCount': 22714}, {'weapon': '"VEHICLE', 'usageCount': 18400}]
[2026-01-08T19:29:59.847+0000] {python.py:201} INFO - Done. Returned value was: {'status': 'success', 'data': [{'weapon': '400', 'usageCount': 123716}, {'weapon': 'DUPLEX', 'usageCount': 98970}, {'weapon': 'STREET', 'usageCount': 30740}, {'weapon': '500', 'usageCount': 22714}, {'weapon': '"VEHICLE', 'usageCount': 18400}]}
[2026-01-08T19:29:59.873+0000] {taskinstance.py:1138} INFO - Marking task as SUCCESS. dag_id=crime_analysis_pipeline, task_id=run_common_weapons_analysis, execution_date=20260107T150000, start_date=20260108T192957, end_date=20260108T192959
[2026-01-08T19:29:59.897+0000] {local_task_job_runner.py:234} INFO - Task exited with return code 0
[2026-01-08T19:29:59.926+0000] {taskinstance.py:3281} INFO - 0 downstream tasks scheduled from follow-on schedule check
