[2026-01-12T15:00:20.150+0000] {taskinstance.py:1957} INFO - Dependencies all met for dep_context=non-requeueable deps ti=<TaskInstance: crime_analysis_pipeline.run_top_locations_analysis scheduled__2026-01-11T15:00:00+00:00 [queued]>
[2026-01-12T15:00:20.153+0000] {taskinstance.py:1957} INFO - Dependencies all met for dep_context=requeueable deps ti=<TaskInstance: crime_analysis_pipeline.run_top_locations_analysis scheduled__2026-01-11T15:00:00+00:00 [queued]>
[2026-01-12T15:00:20.153+0000] {taskinstance.py:2171} INFO - Starting attempt 1 of 2
[2026-01-12T15:00:20.157+0000] {taskinstance.py:2192} INFO - Executing <Task(_PythonDecoratedOperator): run_top_locations_analysis> on 2026-01-11 15:00:00+00:00
[2026-01-12T15:00:20.159+0000] {standard_task_runner.py:60} INFO - Started process 8158 to run task
[2026-01-12T15:00:20.161+0000] {standard_task_runner.py:87} INFO - Running: ['***', 'tasks', 'run', 'crime_analysis_pipeline', 'run_top_locations_analysis', 'scheduled__2026-01-11T15:00:00+00:00', '--job-id', '404', '--raw', '--subdir', 'DAGS_FOLDER/crime_analysis_pipeline.py', '--cfg-path', '/tmp/tmpx88jf0y3']
[2026-01-12T15:00:20.163+0000] {standard_task_runner.py:88} INFO - Job 404: Subtask run_top_locations_analysis
[2026-01-12T15:00:20.169+0000] {logging_mixin.py:188} WARNING - /home/***/.local/lib/python3.8/site-packages/***/settings.py:195 DeprecationWarning: The sql_alchemy_conn option in [core] has been moved to the sql_alchemy_conn option in [database] - the old setting has been used, but please update your config.
[2026-01-12T15:00:20.182+0000] {task_command.py:423} INFO - Running <TaskInstance: crime_analysis_pipeline.run_top_locations_analysis scheduled__2026-01-11T15:00:00+00:00 [running]> on host 1ded0c8eea01
[2026-01-12T15:00:20.268+0000] {taskinstance.py:2481} INFO - Exporting env vars: AIRFLOW_CTX_DAG_OWNER='crime-analysis' AIRFLOW_CTX_DAG_ID='crime_analysis_pipeline' AIRFLOW_CTX_TASK_ID='run_top_locations_analysis' AIRFLOW_CTX_EXECUTION_DATE='2026-01-11T15:00:00+00:00' AIRFLOW_CTX_TRY_NUMBER='1' AIRFLOW_CTX_DAG_RUN_ID='scheduled__2026-01-11T15:00:00+00:00'
[2026-01-12T15:00:20.268+0000] {logging_mixin.py:188} INFO - 🔄 Running top locations analysis...
[2026-01-12T15:00:21.603+0000] {logging_mixin.py:188} INFO - ✅ Top locations analysis completed successfully
[2026-01-12T15:00:21.603+0000] {logging_mixin.py:188} INFO - Top 3 locations: [{'location': 'IC', 'crimeCount': 145943}, {'location': '510', 'crimeCount': 115091}, {'location': 'Invest Cont', 'crimeCount': 84701}]
[2026-01-12T15:00:21.604+0000] {python.py:201} INFO - Done. Returned value was: {'status': 'success', 'data': [{'location': 'IC', 'crimeCount': 145943}, {'location': '510', 'crimeCount': 115091}, {'location': 'Invest Cont', 'crimeCount': 84701}]}
[2026-01-12T15:00:21.620+0000] {taskinstance.py:1138} INFO - Marking task as SUCCESS. dag_id=crime_analysis_pipeline, task_id=run_top_locations_analysis, execution_date=20260111T150000, start_date=20260112T150020, end_date=20260112T150021
[2026-01-12T15:00:21.663+0000] {local_task_job_runner.py:234} INFO - Task exited with return code 0
[2026-01-12T15:00:21.732+0000] {taskinstance.py:3281} INFO - 0 downstream tasks scheduled from follow-on schedule check
[2026-01-12T17:11:12.219+0000] {taskinstance.py:1957} INFO - Dependencies all met for dep_context=non-requeueable deps ti=<TaskInstance: crime_analysis_pipeline.run_top_locations_analysis scheduled__2026-01-11T15:00:00+00:00 [queued]>
[2026-01-12T17:11:12.222+0000] {taskinstance.py:1957} INFO - Dependencies all met for dep_context=requeueable deps ti=<TaskInstance: crime_analysis_pipeline.run_top_locations_analysis scheduled__2026-01-11T15:00:00+00:00 [queued]>
[2026-01-12T17:11:12.222+0000] {taskinstance.py:2171} INFO - Starting attempt 1 of 2
[2026-01-12T17:11:12.226+0000] {taskinstance.py:2192} INFO - Executing <Task(_PythonDecoratedOperator): run_top_locations_analysis> on 2026-01-11 15:00:00+00:00
[2026-01-12T17:11:12.228+0000] {standard_task_runner.py:60} INFO - Started process 119 to run task
[2026-01-12T17:11:12.230+0000] {standard_task_runner.py:87} INFO - Running: ['***', 'tasks', 'run', 'crime_analysis_pipeline', 'run_top_locations_analysis', 'scheduled__2026-01-11T15:00:00+00:00', '--job-id', '10', '--raw', '--subdir', 'DAGS_FOLDER/crime_analysis_pipeline.py', '--cfg-path', '/tmp/tmp2c4udftw']
[2026-01-12T17:11:12.231+0000] {standard_task_runner.py:88} INFO - Job 10: Subtask run_top_locations_analysis
[2026-01-12T17:11:12.238+0000] {logging_mixin.py:188} WARNING - /home/***/.local/lib/python3.8/site-packages/***/settings.py:195 DeprecationWarning: The sql_alchemy_conn option in [core] has been moved to the sql_alchemy_conn option in [database] - the old setting has been used, but please update your config.
[2026-01-12T17:11:12.251+0000] {task_command.py:423} INFO - Running <TaskInstance: crime_analysis_pipeline.run_top_locations_analysis scheduled__2026-01-11T15:00:00+00:00 [running]> on host 0e74bb8933bd
[2026-01-12T17:11:12.341+0000] {taskinstance.py:2481} INFO - Exporting env vars: AIRFLOW_CTX_DAG_OWNER='crime-analysis' AIRFLOW_CTX_DAG_ID='crime_analysis_pipeline' AIRFLOW_CTX_TASK_ID='run_top_locations_analysis' AIRFLOW_CTX_EXECUTION_DATE='2026-01-11T15:00:00+00:00' AIRFLOW_CTX_TRY_NUMBER='1' AIRFLOW_CTX_DAG_RUN_ID='scheduled__2026-01-11T15:00:00+00:00'
[2026-01-12T17:11:12.341+0000] {logging_mixin.py:188} INFO - 🔄 Running top locations analysis...
[2026-01-12T17:11:13.704+0000] {logging_mixin.py:188} INFO - ✅ Top locations analysis completed successfully
[2026-01-12T17:11:13.705+0000] {logging_mixin.py:188} INFO - Top 3 locations: [{'location': 'IC', 'crimeCount': 145943}, {'location': '510', 'crimeCount': 115091}, {'location': 'Invest Cont', 'crimeCount': 84701}]
[2026-01-12T17:11:13.706+0000] {python.py:201} INFO - Done. Returned value was: {'status': 'success', 'data': [{'location': 'IC', 'crimeCount': 145943}, {'location': '510', 'crimeCount': 115091}, {'location': 'Invest Cont', 'crimeCount': 84701}]}
[2026-01-12T17:11:13.729+0000] {taskinstance.py:1138} INFO - Marking task as SUCCESS. dag_id=crime_analysis_pipeline, task_id=run_top_locations_analysis, execution_date=20260111T150000, start_date=20260112T171112, end_date=20260112T171113
[2026-01-12T17:11:13.767+0000] {local_task_job_runner.py:234} INFO - Task exited with return code 0
[2026-01-12T17:11:13.783+0000] {taskinstance.py:3281} INFO - 1 downstream tasks scheduled from follow-on schedule check
