[2026-01-12T15:00:01.239+0000] {taskinstance.py:1957} INFO - Dependencies all met for dep_context=non-requeueable deps ti=<TaskInstance: crime_analysis_pipeline.check_api_health scheduled__2026-01-11T15:00:00+00:00 [queued]>
[2026-01-12T15:00:01.242+0000] {taskinstance.py:1957} INFO - Dependencies all met for dep_context=requeueable deps ti=<TaskInstance: crime_analysis_pipeline.check_api_health scheduled__2026-01-11T15:00:00+00:00 [queued]>
[2026-01-12T15:00:01.242+0000] {taskinstance.py:2171} INFO - Starting attempt 1 of 2
[2026-01-12T15:00:01.246+0000] {taskinstance.py:2192} INFO - Executing <Task(_PythonDecoratedOperator): check_api_health> on 2026-01-11 15:00:00+00:00
[2026-01-12T15:00:01.250+0000] {standard_task_runner.py:60} INFO - Started process 8088 to run task
[2026-01-12T15:00:01.252+0000] {standard_task_runner.py:87} INFO - Running: ['***', 'tasks', 'run', 'crime_analysis_pipeline', 'check_api_health', 'scheduled__2026-01-11T15:00:00+00:00', '--job-id', '397', '--raw', '--subdir', 'DAGS_FOLDER/crime_analysis_pipeline.py', '--cfg-path', '/tmp/tmpims9_u8e']
[2026-01-12T15:00:01.253+0000] {standard_task_runner.py:88} INFO - Job 397: Subtask check_api_health
[2026-01-12T15:00:01.259+0000] {logging_mixin.py:188} WARNING - /home/***/.local/lib/python3.8/site-packages/***/settings.py:195 DeprecationWarning: The sql_alchemy_conn option in [core] has been moved to the sql_alchemy_conn option in [database] - the old setting has been used, but please update your config.
[2026-01-12T15:00:01.272+0000] {task_command.py:423} INFO - Running <TaskInstance: crime_analysis_pipeline.check_api_health scheduled__2026-01-11T15:00:00+00:00 [running]> on host 1ded0c8eea01
[2026-01-12T15:00:01.368+0000] {taskinstance.py:2481} INFO - Exporting env vars: AIRFLOW_CTX_DAG_OWNER='crime-analysis' AIRFLOW_CTX_DAG_ID='crime_analysis_pipeline' AIRFLOW_CTX_TASK_ID='check_api_health' AIRFLOW_CTX_EXECUTION_DATE='2026-01-11T15:00:00+00:00' AIRFLOW_CTX_TRY_NUMBER='1' AIRFLOW_CTX_DAG_RUN_ID='scheduled__2026-01-11T15:00:00+00:00'
[2026-01-12T15:00:02.882+0000] {logging_mixin.py:188} INFO - ✅ API is healthy and responsive
[2026-01-12T15:00:02.883+0000] {python.py:201} INFO - Done. Returned value was: True
[2026-01-12T15:00:02.904+0000] {taskinstance.py:1138} INFO - Marking task as SUCCESS. dag_id=crime_analysis_pipeline, task_id=check_api_health, execution_date=20260111T150000, start_date=20260112T150001, end_date=20260112T150002
[2026-01-12T15:00:02.920+0000] {local_task_job_runner.py:234} INFO - Task exited with return code 0
[2026-01-12T15:00:02.990+0000] {taskinstance.py:3281} INFO - 5 downstream tasks scheduled from follow-on schedule check
[2026-01-12T17:10:46.644+0000] {taskinstance.py:1957} INFO - Dependencies all met for dep_context=non-requeueable deps ti=<TaskInstance: crime_analysis_pipeline.check_api_health scheduled__2026-01-11T15:00:00+00:00 [queued]>
[2026-01-12T17:10:46.648+0000] {taskinstance.py:1957} INFO - Dependencies all met for dep_context=requeueable deps ti=<TaskInstance: crime_analysis_pipeline.check_api_health scheduled__2026-01-11T15:00:00+00:00 [queued]>
[2026-01-12T17:10:46.648+0000] {taskinstance.py:2171} INFO - Starting attempt 1 of 2
[2026-01-12T17:10:46.653+0000] {taskinstance.py:2192} INFO - Executing <Task(_PythonDecoratedOperator): check_api_health> on 2026-01-11 15:00:00+00:00
[2026-01-12T17:10:46.655+0000] {standard_task_runner.py:60} INFO - Started process 39 to run task
[2026-01-12T17:10:46.657+0000] {standard_task_runner.py:87} INFO - Running: ['***', 'tasks', 'run', 'crime_analysis_pipeline', 'check_api_health', 'scheduled__2026-01-11T15:00:00+00:00', '--job-id', '2', '--raw', '--subdir', 'DAGS_FOLDER/crime_analysis_pipeline.py', '--cfg-path', '/tmp/tmpb3fizqmj']
[2026-01-12T17:10:46.658+0000] {standard_task_runner.py:88} INFO - Job 2: Subtask check_api_health
[2026-01-12T17:10:46.665+0000] {logging_mixin.py:188} WARNING - /home/***/.local/lib/python3.8/site-packages/***/settings.py:195 DeprecationWarning: The sql_alchemy_conn option in [core] has been moved to the sql_alchemy_conn option in [database] - the old setting has been used, but please update your config.
[2026-01-12T17:10:46.689+0000] {task_command.py:423} INFO - Running <TaskInstance: crime_analysis_pipeline.check_api_health scheduled__2026-01-11T15:00:00+00:00 [running]> on host 0e74bb8933bd
[2026-01-12T17:10:46.877+0000] {taskinstance.py:2481} INFO - Exporting env vars: AIRFLOW_CTX_DAG_OWNER='crime-analysis' AIRFLOW_CTX_DAG_ID='crime_analysis_pipeline' AIRFLOW_CTX_TASK_ID='check_api_health' AIRFLOW_CTX_EXECUTION_DATE='2026-01-11T15:00:00+00:00' AIRFLOW_CTX_TRY_NUMBER='1' AIRFLOW_CTX_DAG_RUN_ID='scheduled__2026-01-11T15:00:00+00:00'
[2026-01-12T17:10:48.580+0000] {logging_mixin.py:188} INFO - ✅ API is healthy and responsive
[2026-01-12T17:10:48.581+0000] {python.py:201} INFO - Done. Returned value was: True
[2026-01-12T17:10:48.606+0000] {taskinstance.py:1138} INFO - Marking task as SUCCESS. dag_id=crime_analysis_pipeline, task_id=check_api_health, execution_date=20260111T150000, start_date=20260112T171046, end_date=20260112T171048
[2026-01-12T17:10:48.653+0000] {local_task_job_runner.py:234} INFO - Task exited with return code 0
[2026-01-12T17:10:48.679+0000] {taskinstance.py:3281} INFO - 5 downstream tasks scheduled from follow-on schedule check
