[2026-01-12T15:00:12.101+0000] {taskinstance.py:1957} INFO - Dependencies all met for dep_context=non-requeueable deps ti=<TaskInstance: crime_analysis_pipeline.run_area_analysis scheduled__2026-01-11T15:00:00+00:00 [queued]>
[2026-01-12T15:00:12.104+0000] {taskinstance.py:1957} INFO - Dependencies all met for dep_context=requeueable deps ti=<TaskInstance: crime_analysis_pipeline.run_area_analysis scheduled__2026-01-11T15:00:00+00:00 [queued]>
[2026-01-12T15:00:12.104+0000] {taskinstance.py:2171} INFO - Starting attempt 1 of 2
[2026-01-12T15:00:12.108+0000] {taskinstance.py:2192} INFO - Executing <Task(_PythonDecoratedOperator): run_area_analysis> on 2026-01-11 15:00:00+00:00
[2026-01-12T15:00:12.110+0000] {standard_task_runner.py:60} INFO - Started process 8128 to run task
[2026-01-12T15:00:12.112+0000] {standard_task_runner.py:87} INFO - Running: ['***', 'tasks', 'run', 'crime_analysis_pipeline', 'run_area_analysis', 'scheduled__2026-01-11T15:00:00+00:00', '--job-id', '401', '--raw', '--subdir', 'DAGS_FOLDER/crime_analysis_pipeline.py', '--cfg-path', '/tmp/tmpqpglhl86']
[2026-01-12T15:00:12.114+0000] {standard_task_runner.py:88} INFO - Job 401: Subtask run_area_analysis
[2026-01-12T15:00:12.121+0000] {logging_mixin.py:188} WARNING - /home/***/.local/lib/python3.8/site-packages/***/settings.py:195 DeprecationWarning: The sql_alchemy_conn option in [core] has been moved to the sql_alchemy_conn option in [database] - the old setting has been used, but please update your config.
[2026-01-12T15:00:12.137+0000] {task_command.py:423} INFO - Running <TaskInstance: crime_analysis_pipeline.run_area_analysis scheduled__2026-01-11T15:00:00+00:00 [running]> on host 1ded0c8eea01
[2026-01-12T15:00:12.217+0000] {taskinstance.py:2481} INFO - Exporting env vars: AIRFLOW_CTX_DAG_OWNER='crime-analysis' AIRFLOW_CTX_DAG_ID='crime_analysis_pipeline' AIRFLOW_CTX_TASK_ID='run_area_analysis' AIRFLOW_CTX_EXECUTION_DATE='2026-01-11T15:00:00+00:00' AIRFLOW_CTX_TRY_NUMBER='1' AIRFLOW_CTX_DAG_RUN_ID='scheduled__2026-01-11T15:00:00+00:00'
[2026-01-12T15:00:12.217+0000] {logging_mixin.py:188} INFO - 🔄 Running crimes by area analysis...
[2026-01-12T15:00:13.571+0000] {logging_mixin.py:188} INFO - ✅ Crimes by area analysis completed successfully
[2026-01-12T15:00:13.572+0000] {logging_mixin.py:188} INFO - Areas: [{'location': 'Central', 'crimeCount': 69670}, {'location': '77th Street', 'crimeCount': 61758}, {'location': 'Pacific', 'crimeCount': 59514}, {'location': 'Southwest', 'crimeCount': 57441}, {'location': 'Hollywood', 'crimeCount': 52429}, {'location': 'N Hollywood', 'crimeCount': 51107}, {'location': 'Olympic', 'crimeCount': 50071}, {'location': 'Southeast', 'crimeCount': 49936}, {'location': 'Newton', 'crimeCount': 49177}, {'location': 'Wilshire', 'crimeCount': 48239}, {'location': 'Rampart', 'crimeCount': 46825}, {'location': 'West LA', 'crimeCount': 45729}, {'location': 'Northeast', 'crimeCount': 42963}, {'location': 'Van Nuys', 'crimeCount': 42883}, {'location': 'West Valley', 'crimeCount': 42156}, {'location': 'Devonshire', 'crimeCount': 41756}, {'location': 'Harbor', 'crimeCount': 41394}, {'location': 'Topanga', 'crimeCount': 41374}, {'location': 'Mission', 'crimeCount': 40351}, {'location': 'Hollenbeck', 'crimeCount': 37085}, {'location': 'Foothill', 'crimeCount': 33133}]
[2026-01-12T15:00:13.572+0000] {python.py:201} INFO - Done. Returned value was: {'status': 'success', 'data': [{'location': 'Central', 'crimeCount': 69670}, {'location': '77th Street', 'crimeCount': 61758}, {'location': 'Pacific', 'crimeCount': 59514}, {'location': 'Southwest', 'crimeCount': 57441}, {'location': 'Hollywood', 'crimeCount': 52429}, {'location': 'N Hollywood', 'crimeCount': 51107}, {'location': 'Olympic', 'crimeCount': 50071}, {'location': 'Southeast', 'crimeCount': 49936}, {'location': 'Newton', 'crimeCount': 49177}, {'location': 'Wilshire', 'crimeCount': 48239}, {'location': 'Rampart', 'crimeCount': 46825}, {'location': 'West LA', 'crimeCount': 45729}, {'location': 'Northeast', 'crimeCount': 42963}, {'location': 'Van Nuys', 'crimeCount': 42883}, {'location': 'West Valley', 'crimeCount': 42156}, {'location': 'Devonshire', 'crimeCount': 41756}, {'location': 'Harbor', 'crimeCount': 41394}, {'location': 'Topanga', 'crimeCount': 41374}, {'location': 'Mission', 'crimeCount': 40351}, {'location': 'Hollenbeck', 'crimeCount': 37085}, {'location': 'Foothill', 'crimeCount': 33133}]}
[2026-01-12T15:00:13.582+0000] {taskinstance.py:1138} INFO - Marking task as SUCCESS. dag_id=crime_analysis_pipeline, task_id=run_area_analysis, execution_date=20260111T150000, start_date=20260112T150012, end_date=20260112T150013
[2026-01-12T15:00:13.616+0000] {local_task_job_runner.py:234} INFO - Task exited with return code 0
[2026-01-12T15:00:13.676+0000] {taskinstance.py:3281} INFO - 0 downstream tasks scheduled from follow-on schedule check
[2026-01-12T17:11:00.660+0000] {taskinstance.py:1957} INFO - Dependencies all met for dep_context=non-requeueable deps ti=<TaskInstance: crime_analysis_pipeline.run_area_analysis scheduled__2026-01-11T15:00:00+00:00 [queued]>
[2026-01-12T17:11:00.664+0000] {taskinstance.py:1957} INFO - Dependencies all met for dep_context=requeueable deps ti=<TaskInstance: crime_analysis_pipeline.run_area_analysis scheduled__2026-01-11T15:00:00+00:00 [queued]>
[2026-01-12T17:11:00.664+0000] {taskinstance.py:2171} INFO - Starting attempt 1 of 2
[2026-01-12T17:11:00.669+0000] {taskinstance.py:2192} INFO - Executing <Task(_PythonDecoratedOperator): run_area_analysis> on 2026-01-11 15:00:00+00:00
[2026-01-12T17:11:00.672+0000] {standard_task_runner.py:60} INFO - Started process 79 to run task
[2026-01-12T17:11:00.678+0000] {standard_task_runner.py:87} INFO - Running: ['***', 'tasks', 'run', 'crime_analysis_pipeline', 'run_area_analysis', 'scheduled__2026-01-11T15:00:00+00:00', '--job-id', '6', '--raw', '--subdir', 'DAGS_FOLDER/crime_analysis_pipeline.py', '--cfg-path', '/tmp/tmpct49uqzz']
[2026-01-12T17:11:00.681+0000] {standard_task_runner.py:88} INFO - Job 6: Subtask run_area_analysis
[2026-01-12T17:11:00.692+0000] {logging_mixin.py:188} WARNING - /home/***/.local/lib/python3.8/site-packages/***/settings.py:195 DeprecationWarning: The sql_alchemy_conn option in [core] has been moved to the sql_alchemy_conn option in [database] - the old setting has been used, but please update your config.
[2026-01-12T17:11:00.709+0000] {task_command.py:423} INFO - Running <TaskInstance: crime_analysis_pipeline.run_area_analysis scheduled__2026-01-11T15:00:00+00:00 [running]> on host 0e74bb8933bd
[2026-01-12T17:11:00.792+0000] {taskinstance.py:2481} INFO - Exporting env vars: AIRFLOW_CTX_DAG_OWNER='crime-analysis' AIRFLOW_CTX_DAG_ID='crime_analysis_pipeline' AIRFLOW_CTX_TASK_ID='run_area_analysis' AIRFLOW_CTX_EXECUTION_DATE='2026-01-11T15:00:00+00:00' AIRFLOW_CTX_TRY_NUMBER='1' AIRFLOW_CTX_DAG_RUN_ID='scheduled__2026-01-11T15:00:00+00:00'
[2026-01-12T17:11:00.792+0000] {logging_mixin.py:188} INFO - 🔄 Running crimes by area analysis...
[2026-01-12T17:11:02.243+0000] {logging_mixin.py:188} INFO - ✅ Crimes by area analysis completed successfully
[2026-01-12T17:11:02.244+0000] {logging_mixin.py:188} INFO - Areas: [{'location': 'Central', 'crimeCount': 69670}, {'location': '77th Street', 'crimeCount': 61758}, {'location': 'Pacific', 'crimeCount': 59514}, {'location': 'Southwest', 'crimeCount': 57441}, {'location': 'Hollywood', 'crimeCount': 52429}, {'location': 'N Hollywood', 'crimeCount': 51107}, {'location': 'Olympic', 'crimeCount': 50071}, {'location': 'Southeast', 'crimeCount': 49936}, {'location': 'Newton', 'crimeCount': 49177}, {'location': 'Wilshire', 'crimeCount': 48239}, {'location': 'Rampart', 'crimeCount': 46825}, {'location': 'West LA', 'crimeCount': 45729}, {'location': 'Northeast', 'crimeCount': 42963}, {'location': 'Van Nuys', 'crimeCount': 42883}, {'location': 'West Valley', 'crimeCount': 42156}, {'location': 'Devonshire', 'crimeCount': 41756}, {'location': 'Harbor', 'crimeCount': 41394}, {'location': 'Topanga', 'crimeCount': 41374}, {'location': 'Mission', 'crimeCount': 40351}, {'location': 'Hollenbeck', 'crimeCount': 37085}, {'location': 'Foothill', 'crimeCount': 33133}]
[2026-01-12T17:11:02.245+0000] {python.py:201} INFO - Done. Returned value was: {'status': 'success', 'data': [{'location': 'Central', 'crimeCount': 69670}, {'location': '77th Street', 'crimeCount': 61758}, {'location': 'Pacific', 'crimeCount': 59514}, {'location': 'Southwest', 'crimeCount': 57441}, {'location': 'Hollywood', 'crimeCount': 52429}, {'location': 'N Hollywood', 'crimeCount': 51107}, {'location': 'Olympic', 'crimeCount': 50071}, {'location': 'Southeast', 'crimeCount': 49936}, {'location': 'Newton', 'crimeCount': 49177}, {'location': 'Wilshire', 'crimeCount': 48239}, {'location': 'Rampart', 'crimeCount': 46825}, {'location': 'West LA', 'crimeCount': 45729}, {'location': 'Northeast', 'crimeCount': 42963}, {'location': 'Van Nuys', 'crimeCount': 42883}, {'location': 'West Valley', 'crimeCount': 42156}, {'location': 'Devonshire', 'crimeCount': 41756}, {'location': 'Harbor', 'crimeCount': 41394}, {'location': 'Topanga', 'crimeCount': 41374}, {'location': 'Mission', 'crimeCount': 40351}, {'location': 'Hollenbeck', 'crimeCount': 37085}, {'location': 'Foothill', 'crimeCount': 33133}]}
[2026-01-12T17:11:02.271+0000] {taskinstance.py:1138} INFO - Marking task as SUCCESS. dag_id=crime_analysis_pipeline, task_id=run_area_analysis, execution_date=20260111T150000, start_date=20260112T171100, end_date=20260112T171102
[2026-01-12T17:11:02.300+0000] {local_task_job_runner.py:234} INFO - Task exited with return code 0
[2026-01-12T17:11:02.320+0000] {taskinstance.py:3281} INFO - 0 downstream tasks scheduled from follow-on schedule check
